[ 13%] Built target floornav_TaskConstant
[ 58%] [32mBuilding CXX object CMakeFiles/floornav_TaskWaitForFace.dir/tasks/TaskWaitForFace.cpp.o[0m
[ 44%] Built target floornav_TaskSetMux
[ 44%] Built target floornav_TaskWander
[ 44%] Built target floornav_TaskWaitForROI
[ 44%] Built target floornav_TaskSetBool
[ 62%] Built target floornav_TaskTrigger
[ 62%] Built target floornav_TaskGoTo
[ 72%] Built target floornav_TaskSetHeading
[ 82%] Built target floornav_TaskNav2
[ 82%] Built target floornav_task_server
[ 86%] Built target floornav_TaskPlanTo
[ 89%] Built target floornav_TaskAutoDock
[ 96%] Built target floornav_TaskWander_modif
In file included from [01m[K/home/GTL/apaul/ros2_hw1/src/floor_nav/tasks/TaskWaitForFace.cpp:1[m[K:
[01m[K/home/GTL/apaul/ros2_hw1/src/floor_nav/tasks/TaskWaitForFace.h:18:72:[m[K [01;31m[Kerror: [m[Kâ€˜[01m[KTurtleSimEnv[m[Kâ€™ was not declared in this scope
   18 |     class TaskWaitForFace : public TaskInstance<TaskWaitForFaceConfig, [01;31m[KTurtleSimEnv[m[K>
      |                                                                        [01;31m[K^~~~~~~~~~~~[m[K
[01m[K/home/GTL/apaul/ros2_hw1/src/floor_nav/tasks/TaskWaitForFace.h:18:84:[m[K [01;31m[Kerror: [m[Ktemplate argument 2 is invalid
   18 |     class TaskWaitForFace : public TaskInstance<TaskWaitForFaceConfig, TurtleSimEnv[01;31m[K>[m[K
      |                                                                                    [01;31m[K^[m[K
[01m[K/home/GTL/apaul/ros2_hw1/src/floor_nav/tasks/TaskWaitForFace.h:[m[K In constructor â€˜[01m[Ktask_manager_turtlesim::TaskWaitForFace::TaskWaitForFace(task_manager_lib::TaskDefinitionPtr, task_manager_lib::TaskEnvironmentPtr)[m[Kâ€™:
[01m[K/home/GTL/apaul/ros2_hw1/src/floor_nav/tasks/TaskWaitForFace.h:21:78:[m[K [01;31m[Kerror: [m[Kclass â€˜[01m[Ktask_manager_turtlesim::TaskWaitForFace[m[Kâ€™ does not have any field named â€˜[01m[KParent[m[Kâ€™
   21 |             TaskWaitForFace(TaskDefinitionPtr def, TaskEnvironmentPtr env) : [01;31m[KParent[m[K(def, env) {}
      |                                                                              [01;31m[K^~~~~~[m[K
[01m[K/home/GTL/apaul/ros2_hw1/src/floor_nav/tasks/TaskWaitForFace.h:[m[K At global scope:
[01m[K/home/GTL/apaul/ros2_hw1/src/floor_nav/tasks/TaskWaitForFace.h:27:81:[m[K [01;31m[Kerror: [m[Kâ€˜[01m[KTurtleSimEnv[m[Kâ€™ was not declared in this scope
   27 |     class TaskFactoryWaitForFace : public TaskDefinition<TaskWaitForFaceConfig, [01;31m[KTurtleSimEnv[m[K, TaskWaitForFace>
      |                                                                                 [01;31m[K^~~~~~~~~~~~[m[K
[01m[K/home/GTL/apaul/ros2_hw1/src/floor_nav/tasks/TaskWaitForFace.h:27:110:[m[K [01;31m[Kerror: [m[Ktemplate argument 2 is invalid
   27 |     class TaskFactoryWaitForFace : public TaskDefinition<TaskWaitForFaceConfig, TurtleSimEnv, TaskWaitForFace[01;31m[K>[m[K
      |                                                                                                              [01;31m[K^[m[K
[01m[K/home/GTL/apaul/ros2_hw1/src/floor_nav/tasks/TaskWaitForFace.h:[m[K In constructor â€˜[01m[Ktask_manager_turtlesim::TaskFactoryWaitForFace::TaskFactoryWaitForFace(task_manager_lib::TaskEnvironmentPtr)[m[Kâ€™:
[01m[K/home/GTL/apaul/ros2_hw1/src/floor_nav/tasks/TaskWaitForFace.h:31:17:[m[K [01;31m[Kerror: [m[Kclass â€˜[01m[Ktask_manager_turtlesim::TaskFactoryWaitForFace[m[Kâ€™ does not have any field named â€˜[01m[KParent[m[Kâ€™
   31 |                 [01;31m[KParent[m[K("WaitForFace", "Do nothing until we reach a given destination", true, env) {}
      |                 [01;31m[K^~~~~~[m[K
[01m[K/home/GTL/apaul/ros2_hw1/src/floor_nav/tasks/TaskWaitForFace.cpp:[m[K At global scope:
[01m[K/home/GTL/apaul/ros2_hw1/src/floor_nav/tasks/TaskWaitForFace.cpp:10:45:[m[K [01;31m[Kerror: [m[Kâ€˜[01m[KTaskWaitForFaceConfig[m[Kâ€™ was not declared in this scope; did you mean â€˜[01m[Ktask_manager_turtlesim::TaskWaitForFaceConfig[m[Kâ€™?
   10 | class TaskWaitForFace : public TaskInstance<[01;31m[KTaskWaitForFaceConfig[m[K, TaskEnvironment>
      |                                             [01;31m[K^~~~~~~~~~~~~~~~~~~~~[m[K
      |                                             [32m[Ktask_manager_turtlesim::TaskWaitForFaceConfig[m[K
In file included from [01m[K/home/GTL/apaul/ros2_hw1/src/floor_nav/tasks/TaskWaitForFace.cpp:1[m[K:
[01m[K/home/GTL/apaul/ros2_hw1/src/floor_nav/tasks/TaskWaitForFace.h:11:12:[m[K [01;36m[Knote: [m[Kâ€˜[01m[Ktask_manager_turtlesim::TaskWaitForFaceConfig[m[Kâ€™ declared here
   11 |     struct [01;36m[KTaskWaitForFaceConfig[m[K : public TaskConfig {
      |            [01;36m[K^~~~~~~~~~~~~~~~~~~~~[m[K
[01m[K/home/GTL/apaul/ros2_hw1/src/floor_nav/tasks/TaskWaitForFace.cpp:10:83:[m[K [01;31m[Kerror: [m[Ktemplate argument 1 is invalid
   10 | class TaskWaitForFace : public TaskInstance<TaskWaitForFaceConfig, TaskEnvironment[01;31m[K>[m[K
      |                                                                                   [01;31m[K^[m[K
[01m[K/home/GTL/apaul/ros2_hw1/src/floor_nav/tasks/TaskWaitForFace.cpp:22:27:[m[K [01;31m[Kerror: [m[Kâ€˜[01m[Kvirtual task_manager_lib::TaskIndicator TaskWaitForFace::iterate()[m[Kâ€™ marked â€˜[01m[Koverride[m[Kâ€™, but does not override
   22 |     virtual TaskIndicator [01;31m[Kiterate[m[K() override
      |                           [01;31m[K^~~~~~~[m[K
[01m[K/home/GTL/apaul/ros2_hw1/src/floor_nav/tasks/TaskWaitForFace.cpp:[m[K In constructor â€˜[01m[KTaskWaitForFace::TaskWaitForFace(task_manager_lib::TaskDefinitionPtr, task_manager_lib::TaskEnvironmentPtr)[m[Kâ€™:
[01m[K/home/GTL/apaul/ros2_hw1/src/floor_nav/tasks/TaskWaitForFace.cpp:14:11:[m[K [01;31m[Kerror: [m[Kclass â€˜[01m[KTaskWaitForFace[m[Kâ€™ does not have any field named â€˜[01m[KParent[m[Kâ€™
   14 |         : [01;31m[KParent[m[K(def, env), face_detected(false)
      |           [01;31m[K^~~~~~[m[K
[01m[K/home/GTL/apaul/ros2_hw1/src/floor_nav/tasks/TaskWaitForFace.cpp:[m[K In member function â€˜[01m[Kvirtual task_manager_lib::TaskIndicator TaskWaitForFace::iterate()[m[Kâ€™:
[01m[K/home/GTL/apaul/ros2_hw1/src/floor_nav/tasks/TaskWaitForFace.cpp:24:9:[m[K [01;31m[Kerror: [m[Kâ€˜[01m[Kcfg[m[Kâ€™ was not declared in this scope
   24 |         [01;31m[Kcfg[m[K->update();
      |         [01;31m[K^~~[m[K
In file included from [01m[K/home/GTL/apaul/ros2_hw1/install/task_manager_lib/include/task_manager_lib/TaskInstance.h:19[m[K,
                 from [01m[K/home/GTL/apaul/ros2_hw1/src/floor_nav/tasks/TaskWaitForFace.h:5[m[K,
                 from [01m[K/home/GTL/apaul/ros2_hw1/src/floor_nav/tasks/TaskWaitForFace.cpp:1[m[K:
[01m[K/home/GTL/apaul/ros2_hw1/src/floor_nav/tasks/TaskWaitForFace.cpp:[m[K In function â€˜[01m[Ktask_manager_lib::TaskDefinitionPtr TaskFactoryObject(task_manager_lib::TaskEnvironmentPtr)[m[Kâ€™:
[01m[K/home/GTL/apaul/ros2_hw1/install/task_manager_lib/include/task_manager_lib/TaskDefinition.h:240:33:[m[K [01;31m[Kerror: [m[Kexpected primary-expression before â€˜[01m[K([m[Kâ€™ token
  240 |         return TaskDefinitionPtr[01;31m[K([m[Knew T(environment));\
      |                                 [01;31m[K^[m[K
[01m[K/home/GTL/apaul/ros2_hw1/src/floor_nav/tasks/TaskWaitForFace.cpp:46:1:[m[K [01;36m[Knote: [m[Kin expansion of macro â€˜[01m[KDYNAMIC_TASK[m[Kâ€™
   46 | [01;36m[KDYNAMIC_TASK[m[K(TaskFactoryWaitForFace)
      | [01;36m[K^~~~~~~~~~~~[m[K
[01m[K/home/GTL/apaul/ros2_hw1/src/floor_nav/tasks/TaskWaitForFace.cpp:46:14:[m[K [01;31m[Kerror: [m[Kexpected type-specifier before â€˜[01m[KTaskFactoryWaitForFace[m[Kâ€™
   46 | DYNAMIC_TASK([01;31m[KTaskFactoryWaitForFace[m[K)
      |              [01;31m[K^~~~~~~~~~~~~~~~~~~~~~[m[K
[01m[K/home/GTL/apaul/ros2_hw1/install/task_manager_lib/include/task_manager_lib/TaskDefinition.h:240:38:[m[K [01;36m[Knote: [m[Kin definition of macro â€˜[01m[KDYNAMIC_TASK[m[Kâ€™
  240 |         return TaskDefinitionPtr(new [01;36m[KT[m[K(environment));\
      |                                      [01;36m[K^[m[K
gmake[2]: *** [CMakeFiles/floornav_TaskWaitForFace.dir/build.make:76: CMakeFiles/floornav_TaskWaitForFace.dir/tasks/TaskWaitForFace.cpp.o] Error 1
gmake[1]: *** [CMakeFiles/Makefile2:423: CMakeFiles/floornav_TaskWaitForFace.dir/all] Error 2
gmake: *** [Makefile:146: all] Error 2
