[0.087s] Invoking command in '/home/GTL/apaul/ros2_hw1/build/floor_nav': CMAKE_PREFIX_PATH=/home/GTL/apaul/ros2_hw1/install/task_manager_nav2:/home/GTL/apaul/ros2_hw1/install/task_manager_lib:/home/GTL/apaul/ros2_hw1/install/task_manager_msgs:/home/GTL/apaul/ros2_hw1/install/cs7630_msgs:/home/GTL/apaul/ros2_hw1/install/vrep4_helpers:/home/GTL/apaul/ros2_hw1/install/task_manager_sync:/home/GTL/apaul/ros2_hw1/install/floor_nav:/home/GTL/apaul/ros2_hw1/install/joy_pack:/home/GTL/apaul/ros2_hw1/install/face_msg:/home/GTL/apaul/ros2_hw1/install/collision_avoidance_base:/home/GTL/apaul/ros2_hw1/install/vrep_ros_teleop:/home/GTL/apaul/ros2_hw1/install/task_manager_client_py:/home/GTL/apaul/ros2_hw1/install/keyboard_teleop:/home/GTL/apaul/ros2_hw1/install/face_detect_base:/home/GTL/apaul/ros2_hw1/install/button_server:/opt/ros/humble LD_LIBRARY_PATH=/home/GTL/apaul/ros2_hw1/install/task_manager_lib/lib:/home/GTL/apaul/ros2_hw1/install/task_manager_msgs/lib:/home/GTL/apaul/ros2_hw1/install/cs7630_msgs/lib:/home/GTL/apaul/ros2_hw1/install/task_manager_sync/lib:/home/GTL/apaul/ros2_hw1/install/face_msg/lib:/usr/lib/x86_64-linux-gnu/gazebo-11/plugins:/opt/ros/humble/opt/rviz_ogre_vendor/lib:/opt/ros/humble/lib/x86_64-linux-gnu:/opt/ros/humble/lib /usr/bin/cmake --build /home/GTL/apaul/ros2_hw1/build/floor_nav -- -j16 -l16
[0.230s] [ 13%] Built target floornav_TaskConstant
[0.244s] [ 58%] [32mBuilding CXX object CMakeFiles/floornav_TaskWaitForFace.dir/tasks/TaskWaitForFace.cpp.o[0m
[0.245s] [ 44%] Built target floornav_TaskSetMux
[0.245s] [ 44%] Built target floornav_TaskWander
[0.245s] [ 44%] Built target floornav_TaskWaitForROI
[0.245s] [ 44%] Built target floornav_TaskSetBool
[0.249s] [ 62%] Built target floornav_TaskTrigger
[0.249s] [ 62%] Built target floornav_TaskGoTo
[0.253s] [ 72%] Built target floornav_TaskSetHeading
[0.254s] [ 82%] Built target floornav_TaskNav2
[0.254s] [ 82%] Built target floornav_task_server
[0.255s] [ 86%] Built target floornav_TaskPlanTo
[0.256s] [ 89%] Built target floornav_TaskAutoDock
[0.261s] [ 96%] Built target floornav_TaskWander_modif
[4.095s] In file included from [01m[K/home/GTL/apaul/ros2_hw1/src/floor_nav/tasks/TaskWaitForFace.cpp:1[m[K:
[4.095s] [01m[K/home/GTL/apaul/ros2_hw1/src/floor_nav/tasks/TaskWaitForFace.h:18:72:[m[K [01;31m[Kerror: [m[Kâ€˜[01m[KTurtleSimEnv[m[Kâ€™ was not declared in this scope
[4.095s]    18 |     class TaskWaitForFace : public TaskInstance<TaskWaitForFaceConfig, [01;31m[KTurtleSimEnv[m[K>
[4.095s]       |                                                                        [01;31m[K^~~~~~~~~~~~[m[K
[4.095s] [01m[K/home/GTL/apaul/ros2_hw1/src/floor_nav/tasks/TaskWaitForFace.h:18:84:[m[K [01;31m[Kerror: [m[Ktemplate argument 2 is invalid
[4.095s]    18 |     class TaskWaitForFace : public TaskInstance<TaskWaitForFaceConfig, TurtleSimEnv[01;31m[K>[m[K
[4.095s]       |                                                                                    [01;31m[K^[m[K
[4.095s] [01m[K/home/GTL/apaul/ros2_hw1/src/floor_nav/tasks/TaskWaitForFace.h:[m[K In constructor â€˜[01m[Ktask_manager_turtlesim::TaskWaitForFace::TaskWaitForFace(task_manager_lib::TaskDefinitionPtr, task_manager_lib::TaskEnvironmentPtr)[m[Kâ€™:
[4.095s] [01m[K/home/GTL/apaul/ros2_hw1/src/floor_nav/tasks/TaskWaitForFace.h:21:78:[m[K [01;31m[Kerror: [m[Kclass â€˜[01m[Ktask_manager_turtlesim::TaskWaitForFace[m[Kâ€™ does not have any field named â€˜[01m[KParent[m[Kâ€™
[4.095s]    21 |             TaskWaitForFace(TaskDefinitionPtr def, TaskEnvironmentPtr env) : [01;31m[KParent[m[K(def, env) {}
[4.095s]       |                                                                              [01;31m[K^~~~~~[m[K
[4.104s] [01m[K/home/GTL/apaul/ros2_hw1/src/floor_nav/tasks/TaskWaitForFace.h:[m[K At global scope:
[4.104s] [01m[K/home/GTL/apaul/ros2_hw1/src/floor_nav/tasks/TaskWaitForFace.h:27:81:[m[K [01;31m[Kerror: [m[Kâ€˜[01m[KTurtleSimEnv[m[Kâ€™ was not declared in this scope
[4.104s]    27 |     class TaskFactoryWaitForFace : public TaskDefinition<TaskWaitForFaceConfig, [01;31m[KTurtleSimEnv[m[K, TaskWaitForFace>
[4.104s]       |                                                                                 [01;31m[K^~~~~~~~~~~~[m[K
[4.104s] [01m[K/home/GTL/apaul/ros2_hw1/src/floor_nav/tasks/TaskWaitForFace.h:27:110:[m[K [01;31m[Kerror: [m[Ktemplate argument 2 is invalid
[4.105s]    27 |     class TaskFactoryWaitForFace : public TaskDefinition<TaskWaitForFaceConfig, TurtleSimEnv, TaskWaitForFace[01;31m[K>[m[K
[4.105s]       |                                                                                                              [01;31m[K^[m[K
[4.105s] [01m[K/home/GTL/apaul/ros2_hw1/src/floor_nav/tasks/TaskWaitForFace.h:[m[K In constructor â€˜[01m[Ktask_manager_turtlesim::TaskFactoryWaitForFace::TaskFactoryWaitForFace(task_manager_lib::TaskEnvironmentPtr)[m[Kâ€™:
[4.105s] [01m[K/home/GTL/apaul/ros2_hw1/src/floor_nav/tasks/TaskWaitForFace.h:31:17:[m[K [01;31m[Kerror: [m[Kclass â€˜[01m[Ktask_manager_turtlesim::TaskFactoryWaitForFace[m[Kâ€™ does not have any field named â€˜[01m[KParent[m[Kâ€™
[4.105s]    31 |                 [01;31m[KParent[m[K("WaitForFace", "Do nothing until we reach a given destination", true, env) {}
[4.105s]       |                 [01;31m[K^~~~~~[m[K
[4.106s] [01m[K/home/GTL/apaul/ros2_hw1/src/floor_nav/tasks/TaskWaitForFace.cpp:[m[K At global scope:
[4.106s] [01m[K/home/GTL/apaul/ros2_hw1/src/floor_nav/tasks/TaskWaitForFace.cpp:10:45:[m[K [01;31m[Kerror: [m[Kâ€˜[01m[KTaskWaitForFaceConfig[m[Kâ€™ was not declared in this scope; did you mean â€˜[01m[Ktask_manager_turtlesim::TaskWaitForFaceConfig[m[Kâ€™?
[4.106s]    10 | class TaskWaitForFace : public TaskInstance<[01;31m[KTaskWaitForFaceConfig[m[K, TaskEnvironment>
[4.106s]       |                                             [01;31m[K^~~~~~~~~~~~~~~~~~~~~[m[K
[4.106s]       |                                             [32m[Ktask_manager_turtlesim::TaskWaitForFaceConfig[m[K
[4.106s] In file included from [01m[K/home/GTL/apaul/ros2_hw1/src/floor_nav/tasks/TaskWaitForFace.cpp:1[m[K:
[4.106s] [01m[K/home/GTL/apaul/ros2_hw1/src/floor_nav/tasks/TaskWaitForFace.h:11:12:[m[K [01;36m[Knote: [m[Kâ€˜[01m[Ktask_manager_turtlesim::TaskWaitForFaceConfig[m[Kâ€™ declared here
[4.106s]    11 |     struct [01;36m[KTaskWaitForFaceConfig[m[K : public TaskConfig {
[4.106s]       |            [01;36m[K^~~~~~~~~~~~~~~~~~~~~[m[K
[4.106s] [01m[K/home/GTL/apaul/ros2_hw1/src/floor_nav/tasks/TaskWaitForFace.cpp:10:83:[m[K [01;31m[Kerror: [m[Ktemplate argument 1 is invalid
[4.106s]    10 | class TaskWaitForFace : public TaskInstance<TaskWaitForFaceConfig, TaskEnvironment[01;31m[K>[m[K
[4.106s]       |                                                                                   [01;31m[K^[m[K
[4.181s] [01m[K/home/GTL/apaul/ros2_hw1/src/floor_nav/tasks/TaskWaitForFace.cpp:22:27:[m[K [01;31m[Kerror: [m[Kâ€˜[01m[Kvirtual task_manager_lib::TaskIndicator TaskWaitForFace::iterate()[m[Kâ€™ marked â€˜[01m[Koverride[m[Kâ€™, but does not override
[4.181s]    22 |     virtual TaskIndicator [01;31m[Kiterate[m[K() override
[4.181s]       |                           [01;31m[K^~~~~~~[m[K
[4.181s] [01m[K/home/GTL/apaul/ros2_hw1/src/floor_nav/tasks/TaskWaitForFace.cpp:[m[K In constructor â€˜[01m[KTaskWaitForFace::TaskWaitForFace(task_manager_lib::TaskDefinitionPtr, task_manager_lib::TaskEnvironmentPtr)[m[Kâ€™:
[4.181s] [01m[K/home/GTL/apaul/ros2_hw1/src/floor_nav/tasks/TaskWaitForFace.cpp:14:11:[m[K [01;31m[Kerror: [m[Kclass â€˜[01m[KTaskWaitForFace[m[Kâ€™ does not have any field named â€˜[01m[KParent[m[Kâ€™
[4.181s]    14 |         : [01;31m[KParent[m[K(def, env), face_detected(false)
[4.181s]       |           [01;31m[K^~~~~~[m[K
[4.191s] [01m[K/home/GTL/apaul/ros2_hw1/src/floor_nav/tasks/TaskWaitForFace.cpp:[m[K In member function â€˜[01m[Kvirtual task_manager_lib::TaskIndicator TaskWaitForFace::iterate()[m[Kâ€™:
[4.191s] [01m[K/home/GTL/apaul/ros2_hw1/src/floor_nav/tasks/TaskWaitForFace.cpp:24:9:[m[K [01;31m[Kerror: [m[Kâ€˜[01m[Kcfg[m[Kâ€™ was not declared in this scope
[4.192s]    24 |         [01;31m[Kcfg[m[K->update();
[4.192s]       |         [01;31m[K^~~[m[K
[4.194s] In file included from [01m[K/home/GTL/apaul/ros2_hw1/install/task_manager_lib/include/task_manager_lib/TaskInstance.h:19[m[K,
[4.194s]                  from [01m[K/home/GTL/apaul/ros2_hw1/src/floor_nav/tasks/TaskWaitForFace.h:5[m[K,
[4.194s]                  from [01m[K/home/GTL/apaul/ros2_hw1/src/floor_nav/tasks/TaskWaitForFace.cpp:1[m[K:
[4.194s] [01m[K/home/GTL/apaul/ros2_hw1/src/floor_nav/tasks/TaskWaitForFace.cpp:[m[K In function â€˜[01m[Ktask_manager_lib::TaskDefinitionPtr TaskFactoryObject(task_manager_lib::TaskEnvironmentPtr)[m[Kâ€™:
[4.194s] [01m[K/home/GTL/apaul/ros2_hw1/install/task_manager_lib/include/task_manager_lib/TaskDefinition.h:240:33:[m[K [01;31m[Kerror: [m[Kexpected primary-expression before â€˜[01m[K([m[Kâ€™ token
[4.194s]   240 |         return TaskDefinitionPtr[01;31m[K([m[Knew T(environment));\
[4.194s]       |                                 [01;31m[K^[m[K
[4.194s] [01m[K/home/GTL/apaul/ros2_hw1/src/floor_nav/tasks/TaskWaitForFace.cpp:46:1:[m[K [01;36m[Knote: [m[Kin expansion of macro â€˜[01m[KDYNAMIC_TASK[m[Kâ€™
[4.194s]    46 | [01;36m[KDYNAMIC_TASK[m[K(TaskFactoryWaitForFace)
[4.194s]       | [01;36m[K^~~~~~~~~~~~[m[K
[4.194s] [01m[K/home/GTL/apaul/ros2_hw1/src/floor_nav/tasks/TaskWaitForFace.cpp:46:14:[m[K [01;31m[Kerror: [m[Kexpected type-specifier before â€˜[01m[KTaskFactoryWaitForFace[m[Kâ€™
[4.194s]    46 | DYNAMIC_TASK([01;31m[KTaskFactoryWaitForFace[m[K)
[4.194s]       |              [01;31m[K^~~~~~~~~~~~~~~~~~~~~~[m[K
[4.194s] [01m[K/home/GTL/apaul/ros2_hw1/install/task_manager_lib/include/task_manager_lib/TaskDefinition.h:240:38:[m[K [01;36m[Knote: [m[Kin definition of macro â€˜[01m[KDYNAMIC_TASK[m[Kâ€™
[4.194s]   240 |         return TaskDefinitionPtr(new [01;36m[KT[m[K(environment));\
[4.194s]       |                                      [01;36m[K^[m[K
[5.974s] gmake[2]: *** [CMakeFiles/floornav_TaskWaitForFace.dir/build.make:76: CMakeFiles/floornav_TaskWaitForFace.dir/tasks/TaskWaitForFace.cpp.o] Error 1
[5.974s] gmake[1]: *** [CMakeFiles/Makefile2:423: CMakeFiles/floornav_TaskWaitForFace.dir/all] Error 2
[5.974s] gmake: *** [Makefile:146: all] Error 2
[5.976s] Invoked command in '/home/GTL/apaul/ros2_hw1/build/floor_nav' returned '2': CMAKE_PREFIX_PATH=/home/GTL/apaul/ros2_hw1/install/task_manager_nav2:/home/GTL/apaul/ros2_hw1/install/task_manager_lib:/home/GTL/apaul/ros2_hw1/install/task_manager_msgs:/home/GTL/apaul/ros2_hw1/install/cs7630_msgs:/home/GTL/apaul/ros2_hw1/install/vrep4_helpers:/home/GTL/apaul/ros2_hw1/install/task_manager_sync:/home/GTL/apaul/ros2_hw1/install/floor_nav:/home/GTL/apaul/ros2_hw1/install/joy_pack:/home/GTL/apaul/ros2_hw1/install/face_msg:/home/GTL/apaul/ros2_hw1/install/collision_avoidance_base:/home/GTL/apaul/ros2_hw1/install/vrep_ros_teleop:/home/GTL/apaul/ros2_hw1/install/task_manager_client_py:/home/GTL/apaul/ros2_hw1/install/keyboard_teleop:/home/GTL/apaul/ros2_hw1/install/face_detect_base:/home/GTL/apaul/ros2_hw1/install/button_server:/opt/ros/humble LD_LIBRARY_PATH=/home/GTL/apaul/ros2_hw1/install/task_manager_lib/lib:/home/GTL/apaul/ros2_hw1/install/task_manager_msgs/lib:/home/GTL/apaul/ros2_hw1/install/cs7630_msgs/lib:/home/GTL/apaul/ros2_hw1/install/task_manager_sync/lib:/home/GTL/apaul/ros2_hw1/install/face_msg/lib:/usr/lib/x86_64-linux-gnu/gazebo-11/plugins:/opt/ros/humble/opt/rviz_ogre_vendor/lib:/opt/ros/humble/lib/x86_64-linux-gnu:/opt/ros/humble/lib /usr/bin/cmake --build /home/GTL/apaul/ros2_hw1/build/floor_nav -- -j16 -l16
