[01m[K/home/GTL/apaul/ros2_hw1/src/obstacle_avoidance_base/src/obstacle_avoidance.cpp:[m[K In member function â€˜[01m[Kgeometry_msgs::msg::Twist ObstacleAvoidance::findClosestAcceptableVelocity(const Twist&)[m[Kâ€™:
[01m[K/home/GTL/apaul/ros2_hw1/src/obstacle_avoidance_base/src/obstacle_avoidance.cpp:221:47:[m[K [01;31m[Kerror: [m[Kâ€˜[01m[Kmax_angular_accel[m[Kâ€™ was not declared in this scope; did you mean â€˜[01m[Kmax_angular_accel_[m[Kâ€™?
  221 |             min_w=current_velocity_.angular.z-[01;31m[Kmax_angular_accel[m[K*time_horizon_;
      |                                               [01;31m[K^~~~~~~~~~~~~~~~~[m[K
      |                                               [32m[Kmax_angular_accel_[m[K
[01m[K/home/GTL/apaul/ros2_hw1/src/obstacle_avoidance_base/src/obstacle_avoidance.cpp:244:31:[m[K [01;31m[Kerror: [m[Kâ€˜[01m[Ktime_horizon[m[Kâ€™ was not declared in this scope; did you mean â€˜[01m[Ktime_horizon_[m[Kâ€™?
  244 |                     float d=v*[01;31m[Ktime_horizon[m[K; //! Definition of the distance d
      |                               [01;31m[K^~~~~~~~~~~~[m[K
      |                               [32m[Ktime_horizon_[m[K
gmake[2]: *** [CMakeFiles/obstacle_avoidance_base.dir/build.make:76: CMakeFiles/obstacle_avoidance_base.dir/src/obstacle_avoidance.cpp.o] Error 1
gmake[1]: *** [CMakeFiles/Makefile2:137: CMakeFiles/obstacle_avoidance_base.dir/all] Error 2
gmake: *** [Makefile:146: all] Error 2
