[01m[K/home/GTL/apaul/ros2_hw1/src/floor_nav/tasks/TaskGoToPose.cpp:[m[K In member function â€˜[01m[Kvirtual task_manager_lib::TaskIndicator floor_nav::TaskGoToPose::iterate()[m[Kâ€™:
[01m[K/home/GTL/apaul/ros2_hw1/src/floor_nav/tasks/TaskGoToPose.cpp:41:17:[m[K [01;31m[Kerror: [m[Kâ€˜[01m[Kgoal_teta[m[Kâ€™ was not declared in this scope
   41 |             if ([01;31m[Kgoal_teta[m[K-teta<cfg->angle_threshold){
      |                 [01;31m[K^~~~~~~~~[m[K
[01m[K/home/GTL/apaul/ros2_hw1/src/floor_nav/tasks/TaskGoToPose.cpp:45:26:[m[K [01;31m[Kerror: [m[Kâ€˜[01m[Kk_alpha[m[Kâ€™ was not declared in this scope; did you mean â€˜[01m[Kisalpha[m[Kâ€™?
   45 |             double rot = [01;31m[Kk_alpha[m[K*remainder(cfg->goal_teta-teta,2*M_PI);
      |                          [01;31m[K^~~~~~~[m[K
      |                          [32m[Kisalpha[m[K
gmake[2]: *** [CMakeFiles/floornav_TaskGoToPose.dir/build.make:76: CMakeFiles/floornav_TaskGoToPose.dir/tasks/TaskGoToPose.cpp.o] Error 1
gmake[1]: *** [CMakeFiles/Makefile2:321: CMakeFiles/floornav_TaskGoToPose.dir/all] Error 2
gmake: *** [Makefile:146: all] Error 2
