[35m[1mConsolidate compiler generated dependencies of target occgrid_planner_base[0m
[ 66%] Built target path_optimizer_base
[ 66%] Built target path_follower_base
[ 83%] [32mBuilding CXX object CMakeFiles/occgrid_planner_base.dir/src/occgrid_planner.cpp.o[0m
[01m[K/home/GTL/apaul/ros2_hw1/src/occgrid_planner_base/src/occgrid_planner.cpp:[m[K In member function â€˜[01m[Kvoid OccupancyGridPlanner::og_callback(nav_msgs::msg::OccupancyGrid_<std::allocator<void> >::SharedPtr)[m[Kâ€™:
[01m[K/home/GTL/apaul/ros2_hw1/src/occgrid_planner_base/src/occgrid_planner.cpp:103:21:[m[K [01;31m[Kerror: [m[Kexpected primary-expression before â€˜[01m[Kbinary_mask[m[Kâ€™
  103 |             cv::Mat [01;31m[Kbinary_mask[m[K;
      |                     [01;31m[K^~~~~~~~~~~[m[K
[01m[K/home/GTL/apaul/ros2_hw1/src/occgrid_planner_base/src/occgrid_planner.cpp:104:40:[m[K [01;31m[Kerror: [m[Kâ€˜[01m[Kbinary_mask[m[Kâ€™ was not declared in this scope
  104 |             cv::compare(og_, OCCUPIED, [01;31m[Kbinary_mask[m[K, cv::CMP_EQ);
      |                                        [01;31m[K^~~~~~~~~~~[m[K
gmake[2]: *** [CMakeFiles/occgrid_planner_base.dir/build.make:76: CMakeFiles/occgrid_planner_base.dir/src/occgrid_planner.cpp.o] Error 1
gmake[1]: *** [CMakeFiles/Makefile2:141: CMakeFiles/occgrid_planner_base.dir/all] Error 2
gmake: *** [Makefile:146: all] Error 2
