[01m[K/home/GTL/apaul/ros2_hw1/src/collision_avoidance_base/src/collision_avoidance.cpp:[m[K In member function â€˜[01m[Kgeometry_msgs::msg::Twist CollisionAvoidance::findClosestAcceptableVelocity(const Twist&)[m[Kâ€™:
[01m[K/home/GTL/apaul/ros2_hw1/src/collision_avoidance_base/src/collision_avoidance.cpp:71:37:[m[K [01;31m[Kerror: [m[Kâ€˜[01m[Kn[m[Kâ€™ was not declared in this scope; did you mean â€˜[01m[Kyn[m[Kâ€™?
   71 |             for (unsigned int i=0;i<[01;31m[Kn[m[K;i++) {
      |                                     [01;31m[K^[m[K
      |                                     [32m[Kyn[m[K
gmake[2]: *** [CMakeFiles/collision_avoidance_base.dir/build.make:76: CMakeFiles/collision_avoidance_base.dir/src/collision_avoidance.cpp.o] Error 1
gmake[1]: *** [CMakeFiles/Makefile2:137: CMakeFiles/collision_avoidance_base.dir/all] Error 2
gmake: *** [Makefile:146: all] Error 2
