[0.079s] Invoking command in '/home/GTL/apaul/ros2_hw1/build/collision_avoidance_base': CMAKE_PREFIX_PATH=${CMAKE_PREFIX_PATH}:/home/GTL/apaul/ros2_hw1/install/vrep_ros_teleop:/home/GTL/apaul/ros2_hw1/install/keyboard_teleop:/home/GTL/apaul/ros2_hw1/install/face_detect_base:/opt/ros/humble /usr/bin/cmake --build /home/GTL/apaul/ros2_hw1/build/collision_avoidance_base -- -j16 -l16
[0.490s] [35m[1mConsolidate compiler generated dependencies of target collision_avoidance_base[0m
[0.490s] [ 50%] [32mBuilding CXX object CMakeFiles/collision_avoidance_base.dir/src/collision_avoidance.cpp.o[0m
[3.430s] [01m[K/home/GTL/apaul/ros2_hw1/src/collision_avoidance_base/src/collision_avoidance.cpp:[m[K In member function â€˜[01m[Kgeometry_msgs::msg::Twist CollisionAvoidance::findClosestAcceptableVelocity(const Twist&)[m[Kâ€™:
[3.430s] [01m[K/home/GTL/apaul/ros2_hw1/src/collision_avoidance_base/src/collision_avoidance.cpp:71:37:[m[K [01;31m[Kerror: [m[Kâ€˜[01m[Kn[m[Kâ€™ was not declared in this scope; did you mean â€˜[01m[Kyn[m[Kâ€™?
[3.430s]    71 |             for (unsigned int i=0;i<[01;31m[Kn[m[K;i++) {
[3.430s]       |                                     [01;31m[K^[m[K
[3.430s]       |                                     [32m[Kyn[m[K
[6.212s] gmake[2]: *** [CMakeFiles/collision_avoidance_base.dir/build.make:76: CMakeFiles/collision_avoidance_base.dir/src/collision_avoidance.cpp.o] Error 1
[6.212s] gmake[1]: *** [CMakeFiles/Makefile2:137: CMakeFiles/collision_avoidance_base.dir/all] Error 2
[6.212s] gmake: *** [Makefile:146: all] Error 2
[6.214s] Invoked command in '/home/GTL/apaul/ros2_hw1/build/collision_avoidance_base' returned '2': CMAKE_PREFIX_PATH=${CMAKE_PREFIX_PATH}:/home/GTL/apaul/ros2_hw1/install/vrep_ros_teleop:/home/GTL/apaul/ros2_hw1/install/keyboard_teleop:/home/GTL/apaul/ros2_hw1/install/face_detect_base:/opt/ros/humble /usr/bin/cmake --build /home/GTL/apaul/ros2_hw1/build/collision_avoidance_base -- -j16 -l16
