[ 38%] Built target floornav_TaskGoTo
[ 38%] Built target floornav_TaskTrigger
[ 38%] Built target floornav_TaskSetHeading
[ 38%] Built target floornav_TaskNav2
[ 51%] Built target floornav_TaskPlanTo
[ 48%] [32mBuilding CXX object CMakeFiles/floornav_TaskGoToPose.dir/tasks/TaskGoToPose.cpp.o[0m
[ 48%] Built target floornav_TaskWander
[ 54%] Built target floornav_task_server
[ 70%] Built target floornav_TaskStareAtFace
[ 70%] Built target floornav_TaskSetMux
[ 77%] Built target floornav_TaskConstant
[ 83%] Built target floornav_TaskSetBool
[ 90%] Built target floornav_TaskWaitForFace
[ 90%] Built target floornav_TaskAutoDock
[ 96%] Built target floornav_TaskWaitForROI
[01m[K/home/GTL/apaul/ros2_hw1/src/floor_nav/tasks/TaskGoToPose.cpp:[m[K In member function â€˜[01m[Kvirtual task_manager_lib::TaskIndicator floor_nav::TaskGoToPose::iterate()[m[Kâ€™:
[01m[K/home/GTL/apaul/ros2_hw1/src/floor_nav/tasks/TaskGoToPose.cpp:47:25:[m[K [01;31m[Kerror: [m[Kâ€˜[01m[Kalpha[m[Kâ€™ was not declared in this scope; did you mean â€˜[01m[Kisalpha[m[Kâ€™?
   47 |                 rot = (([01;31m[Kalpha[m[K>0)?+1:-1)*cfg->max_angular_velocity;
      |                         [01;31m[K^~~~~[m[K
      |                         [32m[Kisalpha[m[K
gmake[2]: *** [CMakeFiles/floornav_TaskGoToPose.dir/build.make:76: CMakeFiles/floornav_TaskGoToPose.dir/tasks/TaskGoToPose.cpp.o] Error 1
gmake[1]: *** [CMakeFiles/Makefile2:321: CMakeFiles/floornav_TaskGoToPose.dir/all] Error 2
gmake: *** [Makefile:146: all] Error 2
