[35m[1mConsolidate compiler generated dependencies of target floornav_task_server[0m
[35m[1mConsolidate compiler generated dependencies of target floornav_TaskWaitForFace[0m
[ 14%] Built target floornav_TaskWander
[ 59%] Built target floornav_TaskSetHeading
[ 59%] Built target floornav_TaskSetBool
[ 59%] Built target floornav_TaskConstant
[ 74%] Built target floornav_TaskSetMux
[ 59%] Built target floornav_TaskPlanTo
[ 74%] Built target floornav_TaskTrigger
[ 74%] Built target floornav_TaskNav2
[ 74%] Built target floornav_TaskWaitForROI
[ 74%] Built target floornav_TaskGoTo
[ 81%] Built target floornav_TaskAutoDock
[ 88%] [32mBuilding CXX object CMakeFiles/floornav_task_server.dir/src/SimTasksEnv.cpp.o[0m
[ 88%] [32mBuilding CXX object CMakeFiles/floornav_TaskWaitForFace.dir/tasks/TaskWaitForFace.cpp.o[0m
In file included from [01m[K/home/GTL/apaul/ros2_hw1/src/floor_nav/tasks/TaskWaitForFace.cpp:2[m[K:
[01m[K/home/GTL/apaul/ros2_hw1/src/floor_nav/tasks/TaskWaitForFace.h:[m[K In constructor â€˜[01m[Kfloor_nav::TaskWaitForFaceConfig::TaskWaitForFaceConfig()[m[Kâ€™:
[01m[K/home/GTL/apaul/ros2_hw1/src/floor_nav/tasks/TaskWaitForFace.h:12:88:[m[K [01;31m[Kerror: [m[Kâ€˜[01m[Kroilist[m[Kâ€™ was not declared in this scope
   12 |         define("roiarray",  face_msg::msg::Roilist(),"Face detection message",nullptr, [01;31m[Kroilist[m[K);
      |                                                                                        [01;31m[K^~~~~~~[m[K
[01m[K/home/GTL/apaul/ros2_hw1/src/floor_nav/tasks/TaskWaitForFace.cpp:[m[K In member function â€˜[01m[Kvirtual task_manager_lib::TaskIndicator floor_nav::TaskWaitForFace::iterate()[m[Kâ€™:
[01m[K/home/GTL/apaul/ros2_hw1/src/floor_nav/tasks/TaskWaitForFace.cpp:10:46:[m[K [01;31m[Kerror: [m[Kâ€˜[01m[Kusing element_type = class floor_nav::SimTasksEnv[m[Kâ€™ {aka â€˜[01m[Kclass floor_nav::SimTasksEnv[m[Kâ€™} has no member named â€˜[01m[KgetFace[m[Kâ€™
   10 |     face_msg::msg::Roilist & roiarray = env->[01;31m[KgetFace[m[K();
      |                                              [01;31m[K^~~~~~~[m[K
[01m[K/home/GTL/apaul/ros2_hw1/src/floor_nav/tasks/TaskWaitForFace.cpp:12:17:[m[K [01;31m[Kerror: [m[Kno match for â€˜[01m[Koperator[][m[Kâ€™ (operand types are â€˜[01m[Kface_msg::msg::Roilist[m[Kâ€™ {aka â€˜[01m[Kface_msg::msg::Roilist_<std::allocator<void> >[m[Kâ€™} and â€˜[01m[Kint[m[Kâ€™)
   12 |     if (roiarray[01;31m[K[[m[K0]!=NULL) {
      |                 [01;31m[K^[m[K
In file included from [01m[K/opt/ros/humble/include/rclcpp/rclcpp/logging.hpp:24[m[K,
                 from [01m[K/opt/ros/humble/include/rclcpp/rclcpp/client.hpp:40[m[K,
                 from [01m[K/opt/ros/humble/include/rclcpp/rclcpp/callback_group.hpp:24[m[K,
                 from [01m[K/opt/ros/humble/include/rclcpp/rclcpp/any_executable.hpp:20[m[K,
                 from [01m[K/opt/ros/humble/include/rclcpp/rclcpp/memory_strategy.hpp:25[m[K,
                 from [01m[K/opt/ros/humble/include/rclcpp/rclcpp/memory_strategies.hpp:18[m[K,
                 from [01m[K/opt/ros/humble/include/rclcpp/rclcpp/executor_options.hpp:20[m[K,
                 from [01m[K/opt/ros/humble/include/rclcpp/rclcpp/executor.hpp:37[m[K,
                 from [01m[K/opt/ros/humble/include/rclcpp/rclcpp/executors/multi_threaded_executor.hpp:25[m[K,
                 from [01m[K/opt/ros/humble/include/rclcpp/rclcpp/executors.hpp:21[m[K,
                 from [01m[K/opt/ros/humble/include/rclcpp/rclcpp/rclcpp.hpp:155[m[K,
                 from [01m[K/home/GTL/apaul/ros2_hw1/install/task_manager_lib/include/task_manager_lib/TaskInstance.h:12[m[K,
                 from [01m[K/home/GTL/apaul/ros2_hw1/src/floor_nav/tasks/TaskWaitForFace.h:4[m[K,
                 from [01m[K/home/GTL/apaul/ros2_hw1/src/floor_nav/tasks/TaskWaitForFace.cpp:2[m[K:
[01m[K/home/GTL/apaul/ros2_hw1/src/floor_nav/tasks/TaskWaitForFace.cpp:13:108:[m[K [01;31m[Kerror: [m[Kâ€˜[01m[Kusing Roilist = struct face_msg::msg::Roilist_<std::allocator<void> >[m[Kâ€™ {aka â€˜[01m[Kstruct face_msg::msg::Roilist_<std::allocator<void> >[m[Kâ€™} has no member named â€˜[01m[Krois[m[Kâ€™
   13 |         RCLCPP_INFO(node->get_logger(),"Detected face at %.2f %.2f",roiarray.regions[0].x_offset, roiarray.[01;31m[Krois[m[K[0].y_offset);
      |                                                                                                            [01;31m[K^~~~[m[K
[01m[K/home/GTL/apaul/ros2_hw1/src/floor_nav/src/SimTasksEnv.cpp:51:24:[m[K [01;31m[Kerror: [m[Kno declaration matches â€˜[01m[Kface_msg::msg::Roilist floor_nav::SimTasksEnv::getFace() const[m[Kâ€™
   51 | face_msg::msg::Roilist [01;31m[KSimTasksEnv[m[K::getFace() const {
      |                        [01;31m[K^~~~~~~~~~~[m[K
[01m[K/home/GTL/apaul/ros2_hw1/src/floor_nav/src/SimTasksEnv.cpp:51:24:[m[K [01;36m[Knote: [m[Kno functions named â€˜[01m[Kface_msg::msg::Roilist floor_nav::SimTasksEnv::getFace() const[m[Kâ€™
In file included from [01m[K/home/GTL/apaul/ros2_hw1/src/floor_nav/src/SimTasksEnv.cpp:2[m[K:
[01m[K/home/GTL/apaul/ros2_hw1/src/floor_nav/include/floor_nav/SimTasksEnv.h:23:11:[m[K [01;36m[Knote: [m[Kâ€˜[01m[Kclass floor_nav::SimTasksEnv[m[Kâ€™ defined here
   23 |     class [01;36m[KSimTasksEnv[m[K: public task_manager_lib::TaskEnvironment
      |           [01;36m[K^~~~~~~~~~~[m[K
[01m[K/home/GTL/apaul/ros2_hw1/src/floor_nav/src/SimTasksEnv.cpp:[m[K In member function â€˜[01m[Kvoid floor_nav::SimTasksEnv::faceCallback(face_msg::msg::Roilist_<std::allocator<void> >::SharedPtr)[m[Kâ€™:
[01m[K/home/GTL/apaul/ros2_hw1/src/floor_nav/src/SimTasksEnv.cpp:120:5:[m[K [01;31m[Kerror: [m[Kâ€˜[01m[Kroilist[m[Kâ€™ was not declared in this scope
  120 |     [01;31m[Kroilist[m[K = *msg;
      |     [01;31m[K^~~~~~~[m[K
gmake[2]: *** [CMakeFiles/floornav_TaskWaitForFace.dir/build.make:76: CMakeFiles/floornav_TaskWaitForFace.dir/tasks/TaskWaitForFace.cpp.o] Error 1
gmake[1]: *** [CMakeFiles/Makefile2:421: CMakeFiles/floornav_TaskWaitForFace.dir/all] Error 2
gmake[1]: *** Waiting for unfinished jobs....
gmake[2]: *** [CMakeFiles/floornav_task_server.dir/build.make:90: CMakeFiles/floornav_task_server.dir/src/SimTasksEnv.cpp.o] Error 1
gmake[1]: *** [CMakeFiles/Makefile2:161: CMakeFiles/floornav_task_server.dir/all] Error 2
gmake: *** [Makefile:146: all] Error 2
