[0.020s] Invoking command in '/home/GTL/apaul/ros2_hw1/build/joy_pack': CMAKE_PREFIX_PATH=${CMAKE_PREFIX_PATH}:/opt/ros/humble /usr/bin/cmake --build /home/GTL/apaul/ros2_hw1/build/joy_pack -- -j16 -l16
[0.048s] [35m[1mConsolidate compiler generated dependencies of target listener[0m
[0.079s] [ 50%] [32mBuilding CXX object CMakeFiles/listener.dir/src/joy_function.cpp.o[0m
[1.578s] In file included from [01m[K/opt/ros/humble/include/rclcpp/rclcpp/logging.hpp:24[m[K,
[1.578s]                  from [01m[K/opt/ros/humble/include/rclcpp/rclcpp/client.hpp:40[m[K,
[1.578s]                  from [01m[K/opt/ros/humble/include/rclcpp/rclcpp/callback_group.hpp:24[m[K,
[1.578s]                  from [01m[K/opt/ros/humble/include/rclcpp/rclcpp/any_executable.hpp:20[m[K,
[1.578s]                  from [01m[K/opt/ros/humble/include/rclcpp/rclcpp/memory_strategy.hpp:25[m[K,
[1.578s]                  from [01m[K/opt/ros/humble/include/rclcpp/rclcpp/memory_strategies.hpp:18[m[K,
[1.578s]                  from [01m[K/opt/ros/humble/include/rclcpp/rclcpp/executor_options.hpp:20[m[K,
[1.578s]                  from [01m[K/opt/ros/humble/include/rclcpp/rclcpp/executor.hpp:37[m[K,
[1.578s]                  from [01m[K/opt/ros/humble/include/rclcpp/rclcpp/executors/multi_threaded_executor.hpp:25[m[K,
[1.578s]                  from [01m[K/opt/ros/humble/include/rclcpp/rclcpp/executors.hpp:21[m[K,
[1.578s]                  from [01m[K/opt/ros/humble/include/rclcpp/rclcpp/rclcpp.hpp:155[m[K,
[1.579s]                  from [01m[K/home/GTL/apaul/ros2_hw1/src/joy_pack/src/joy_function.cpp:6[m[K:
[1.579s] [01m[K/home/GTL/apaul/ros2_hw1/src/joy_pack/src/joy_function.cpp:[m[K In member function â€˜[01m[Kvoid JoySubscriber::topic_callback(sensor_msgs::msg::Joy_<std::allocator<void> >::SharedPtr) const[m[Kâ€™:
[1.579s] [01m[K/home/GTL/apaul/ros2_hw1/src/joy_pack/src/joy_function.cpp:24:84:[m[K [01;31m[Kerror: [m[Kâ€˜[01m[KJoy[m[Kâ€™ was not declared in this scope; did you mean â€˜[01m[Ksensor_msgs::msg::Joy[m[Kâ€™?
[1.579s]    24 |     RCLCPP_INFO(this->get_logger(), "Received Joy message axes: %f buttons: %i", [01;31m[KJoy[m[K.msg.axes, Joy.msg.buttons);
[1.579s]       |                                                                                  [01;31m[K^~~[m[K
[1.579s] 
[1.579s] In file included from [01m[K/opt/ros/humble/include/sensor_msgs/sensor_msgs/msg/joy.hpp:7[m[K,
[1.579s]                  from [01m[K/home/GTL/apaul/ros2_hw1/src/joy_pack/src/joy_function.cpp:7[m[K:
[1.579s] [01m[K/opt/ros/humble/include/sensor_msgs/sensor_msgs/msg/detail/joy__struct.hpp:143:7:[m[K [01;36m[Knote: [m[Kâ€˜[01m[Ksensor_msgs::msg::Joy[m[Kâ€™ declared here
[1.579s]   143 | using [01;36m[KJoy[m[K =
[1.579s]       |       [01;36m[K^~~[m[K
[1.579s] [01m[K/home/GTL/apaul/ros2_hw1/src/joy_pack/src/joy_function.cpp:22:64:[m[K [01;35m[Kwarning: [m[Kunused parameter â€˜[01m[Kmsg[m[Kâ€™ [[01;35m[K]8;;https://gcc.gnu.org/onlinedocs/gcc/Warning-Options.html#index-Wunused-parameter-Wunused-parameter]8;;[m[K]
[1.579s]    22 |     void topic_callback([01;35m[Kconst sensor_msgs::msg::Joy::SharedPtr msg[m[K) const
[1.579s]       |                         [01;35m[K~~~~~~~~~~~~~~~~~~~~~~~~~~~~~~~~~~~~~~~^~~[m[K
[3.112s] gmake[2]: *** [CMakeFiles/listener.dir/build.make:76: CMakeFiles/listener.dir/src/joy_function.cpp.o] Error 1
[3.113s] gmake[1]: *** [CMakeFiles/Makefile2:137: CMakeFiles/listener.dir/all] Error 2
[3.113s] gmake: *** [Makefile:146: all] Error 2
[3.114s] Invoked command in '/home/GTL/apaul/ros2_hw1/build/joy_pack' returned '2': CMAKE_PREFIX_PATH=${CMAKE_PREFIX_PATH}:/opt/ros/humble /usr/bin/cmake --build /home/GTL/apaul/ros2_hw1/build/joy_pack -- -j16 -l16
