[01m[K/home/GTL/apaul/ros2_hw1/src/occgrid_planner_base/src/path_follower.cpp:[m[K In constructor â€˜[01m[KPathFollower::PathFollower()[m[Kâ€™:
[01m[K/home/GTL/apaul/ros2_hw1/src/occgrid_planner_base/src/path_follower.cpp:135:58:[m[K [01;31m[Kerror: [m[Kâ€˜[01m[Ktarget_cb[m[Kâ€™ is not a member of â€˜[01m[KPathFollower[m[Kâ€™
  135 |                                 std::bind(&PathFollower::[01;31m[Ktarget_cb[m[K,this,std::placeholders::_1));
      |                                                          [01;31m[K^~~~~~~~~[m[K
[01m[K/home/GTL/apaul/ros2_hw1/src/occgrid_planner_base/src/path_follower.cpp:[m[K In member function â€˜[01m[Kvoid PathFollower::timer_cb()[m[Kâ€™:
[01m[K/home/GTL/apaul/ros2_hw1/src/occgrid_planner_base/src/path_follower.cpp:157:97:[m[K [01;31m[Kerror: [m[Kâ€˜[01m[Kdelay_[m[Kâ€™ was not declared in this scope
  157 |    Trajectory::const_iterator it = traj_.lower_bound(now.seconds() + look_ahead_ - [01;31m[Kdelay_[m[K);
      |                                                                                    [01;31m[K^~~~~~[m[K

[01m[K/home/GTL/apaul/ros2_hw1/src/occgrid_planner_base/src/path_follower.cpp:196:25:[m[K [01;31m[Kerror: [m[Kâ€˜[01m[Ktarget_pub_[m[Kâ€™ was not declared in this scope
  196 |                         [01;31m[Ktarget_pub_[m[K->publish(goal_); // ! Replan a trajectory.
      |                         [01;31m[K^~~~~~~~~~~[m[K
gmake[2]: *** [CMakeFiles/path_follower_base.dir/build.make:76: CMakeFiles/path_follower_base.dir/src/path_follower.cpp.o] Error 1
gmake[1]: *** [CMakeFiles/Makefile2:193: CMakeFiles/path_follower_base.dir/all] Error 2
gmake: *** [Makefile:146: all] Error 2
