[35m[1mConsolidate compiler generated dependencies of target occgrid_planner_base[0m
[ 16%] [32mBuilding CXX object CMakeFiles/occgrid_planner_base.dir/src/occgrid_planner.cpp.o[0m
[ 83%] Built target path_optimizer_base
[ 83%] Built target path_follower_base
[01m[K/home/GTL/apaul/ros2_hw1/src/occgrid_planner_base/src/occgrid_planner.cpp:[m[K In member function â€˜[01m[Kvoid OccupancyGridPlanner::og_callback(nav_msgs::msg::OccupancyGrid_<std::allocator<void> >::SharedPtr)[m[Kâ€™:
[01m[K/home/GTL/apaul/ros2_hw1/src/occgrid_planner_base/src/occgrid_planner.cpp:125:47:[m[K [01;31m[Kerror: [m[Kâ€˜[01m[Krobot_footstep_[m[Kâ€™ was not declared in this scope
  125 |                 if (start.x >= 0 && start.x < [01;31m[Krobot_footstep_[m[K.cols &&
      |                                               [01;31m[K^~~~~~~~~~~~~~~[m[K
[01m[K/home/GTL/apaul/ros2_hw1/src/occgrid_planner_base/src/occgrid_planner.cpp:133:29:[m[K [01;31m[Kerror: [m[Kâ€˜[01m[Krobot_footstep_[m[Kâ€™ was not declared in this scope
  133 |                 og_ = og_ | [01;31m[Krobot_footstep_[m[K;
      |                             [01;31m[K^~~~~~~~~~~~~~~[m[K
gmake[2]: *** [CMakeFiles/occgrid_planner_base.dir/build.make:76: CMakeFiles/occgrid_planner_base.dir/src/occgrid_planner.cpp.o] Error 1
gmake[1]: *** [CMakeFiles/Makefile2:141: CMakeFiles/occgrid_planner_base.dir/all] Error 2
gmake: *** [Makefile:146: all] Error 2
