[0.086s] Invoking command in '/home/GTL/apaul/ros2_hw1/build/floor_nav': CMAKE_PREFIX_PATH=/home/GTL/apaul/ros2_hw1/install/task_manager_nav2:/home/GTL/apaul/ros2_hw1/install/task_manager_lib:/home/GTL/apaul/ros2_hw1/install/task_manager_msgs:/home/GTL/apaul/ros2_hw1/install/face_msg:/home/GTL/apaul/ros2_hw1/install/cs7630_msgs:/home/GTL/apaul/ros2_hw1/install/vrep4_helpers:/home/GTL/apaul/ros2_hw1/install/task_manager_sync:/home/GTL/apaul/ros2_hw1/install/floor_nav:/home/GTL/apaul/ros2_hw1/install/joy_pack:/home/GTL/apaul/ros2_hw1/install/collision_avoidance_base:/home/GTL/apaul/ros2_hw1/install/vrep_ros_teleop:/home/GTL/apaul/ros2_hw1/install/task_manager_client_py:/home/GTL/apaul/ros2_hw1/install/keyboard_teleop:/home/GTL/apaul/ros2_hw1/install/face_detect_base:/home/GTL/apaul/ros2_hw1/install/button_server:/opt/ros/humble LD_LIBRARY_PATH=/home/GTL/apaul/ros2_hw1/install/task_manager_lib/lib:/home/GTL/apaul/ros2_hw1/install/task_manager_msgs/lib:/home/GTL/apaul/ros2_hw1/install/face_msg/lib:/home/GTL/apaul/ros2_hw1/install/cs7630_msgs/lib:/home/GTL/apaul/ros2_hw1/install/task_manager_sync/lib:/usr/lib/x86_64-linux-gnu/gazebo-11/plugins:/opt/ros/humble/opt/rviz_ogre_vendor/lib:/opt/ros/humble/lib/x86_64-linux-gnu:/opt/ros/humble/lib /usr/bin/cmake --build /home/GTL/apaul/ros2_hw1/build/floor_nav -- -j16 -l16
[0.132s] -- Found ament_cmake: 1.3.10 (/opt/ros/humble/share/ament_cmake/cmake)
[0.300s] -- Found rclcpp: 16.0.10 (/opt/ros/humble/share/rclcpp/cmake)
[0.358s] -- Found rosidl_generator_c: 3.1.5 (/opt/ros/humble/share/rosidl_generator_c/cmake)
[0.360s] -- Found rosidl_adapter: 3.1.5 (/opt/ros/humble/share/rosidl_adapter/cmake)
[0.385s] -- Found rosidl_generator_cpp: 3.1.5 (/opt/ros/humble/share/rosidl_generator_cpp/cmake)
[0.398s] -- Using all available rosidl_typesupport_c: rosidl_typesupport_fastrtps_c;rosidl_typesupport_introspection_c
[0.413s] -- Using all available rosidl_typesupport_cpp: rosidl_typesupport_fastrtps_cpp;rosidl_typesupport_introspection_cpp
[0.444s] -- Found rmw_implementation_cmake: 6.1.2 (/opt/ros/humble/share/rmw_implementation_cmake/cmake)
[0.450s] -- Found rmw_cyclonedds_cpp: 1.3.4 (/opt/ros/humble/share/rmw_cyclonedds_cpp/cmake)
[0.485s] -- Using RMW implementation 'rmw_cyclonedds_cpp' as default
[0.521s] -- Found rclcpp_action: 16.0.10 (/opt/ros/humble/share/rclcpp_action/cmake)
[0.544s] -- Found rclpy: 3.3.14 (/opt/ros/humble/share/rclpy/cmake)
[0.547s] -- Found task_manager_msgs: 0.0.0 (/home/GTL/apaul/ros2_hw1/install/task_manager_msgs/share/task_manager_msgs/cmake)
[0.594s] -- Found task_manager_lib: 0.0.0 (/home/GTL/apaul/ros2_hw1/install/task_manager_lib/share/task_manager_lib/cmake)
[0.612s] -- Found sensor_msgs: 4.2.4 (/opt/ros/humble/share/sensor_msgs/cmake)
[0.634s] -- Found topic_tools_interfaces: 1.1.1 (/opt/ros/humble/share/topic_tools_interfaces/cmake)
[0.646s] -- Found cs7630_msgs: 0.0.0 (/home/GTL/apaul/ros2_hw1/install/cs7630_msgs/share/cs7630_msgs/cmake)
[0.694s] -- Found face_msg: 0.0.0 (/home/GTL/apaul/ros2_hw1/install/face_msg/share/face_msg/cmake)
[0.737s] -- Found kobuki_ros_interfaces: 1.0.0 (/opt/ros/humble/share/kobuki_ros_interfaces/cmake)
[0.756s] -- Eigen found (include: /usr/include/eigen3, version: 3.4.0)
[0.771s] -- OpenNI found (version: 1.5.4.0, include: /usr/include/ni, lib: /usr/lib/libOpenNI.so;libusb::libusb)
[0.774s] -- OpenNI2 found (version: 2.2.0.33, include: /usr/include/openni2, lib: /usr/lib/x86_64-linux-gnu/libOpenNI2.so;libusb::libusb)
[1.144s] -- Eigen found (include: /usr/include/eigen3, version: 3.4.0)
[1.145s] -- Found pcl_conversions: 2.4.5 (/opt/ros/humble/share/pcl_conversions/cmake)
[1.163s] -- Found tf2: 0.25.8 (/opt/ros/humble/share/tf2/cmake)
[1.167s] -- Found tf2_ros: 0.25.8 (/opt/ros/humble/share/tf2_ros/cmake)
[1.200s] -- Found tf2_geometry_msgs: 0.25.8 (/opt/ros/humble/share/tf2_geometry_msgs/cmake)
[1.202s] -- Found eigen3_cmake_module: 0.1.1 (/opt/ros/humble/share/eigen3_cmake_module/cmake)
[1.204s] -- Ensuring Eigen3 include directory is part of orocos-kdl CMake target
[1.207s] -- Found task_manager_nav2: 0.0.0 (/home/GTL/apaul/ros2_hw1/install/task_manager_nav2/share/task_manager_nav2/cmake)
[7.735s] -- Found ament_lint_auto: 0.12.11 (/opt/ros/humble/share/ament_lint_auto/cmake)
[7.849s] -- Added test 'cppcheck' to perform static code analysis on C / C++ code
[7.862s] -- Configured cppcheck include dirs: /home/GTL/apaul/ros2_hw1/src/floor_nav/include
[7.862s] -- Configured cppcheck exclude dirs and/or files: 
[7.865s] -- Added test 'flake8' to check Python code syntax and style conventions
[7.871s] -- Added test 'lint_cmake' to check CMake code style
[7.874s] -- Added test 'pep257' to check Python code against some of the docstring style conventions in PEP 257
[7.894s] -- Added test 'uncrustify' to check C / C++ code style
[7.894s] -- Configured uncrustify additional arguments: 
[7.897s] -- Added test 'xmllint' to check XML markup files
[7.908s] -- Configuring done
[11.889s] -- Generating done
[12.120s] -- Build files have been written to: /home/GTL/apaul/ros2_hw1/build/floor_nav
[12.212s] [35m[1mConsolidate compiler generated dependencies of target floornav_TaskConstant[0m
[12.212s] [35m[1mConsolidate compiler generated dependencies of target floornav_TaskWaitForROI[0m
[12.212s] [35m[1mConsolidate compiler generated dependencies of target floornav_TaskTrigger[0m
[12.212s] [35m[1mConsolidate compiler generated dependencies of target floornav_TaskNav2[0m
[12.212s] [35m[1mConsolidate compiler generated dependencies of target floornav_TaskGoTo[0m
[12.214s] [35m[1mConsolidate compiler generated dependencies of target floornav_TaskSetMux[0m
[12.214s] [35m[1mConsolidate compiler generated dependencies of target floornav_TaskSetBool[0m
[12.215s] [35m[1mConsolidate compiler generated dependencies of target floornav_TaskWaitForFace[0m
[12.216s] [35m[1mConsolidate compiler generated dependencies of target floornav_TaskPlanTo[0m
[12.216s] [35m[1mConsolidate compiler generated dependencies of target floornav_task_server[0m
[12.216s] [35m[1mConsolidate compiler generated dependencies of target floornav_TaskSetHeading[0m
[12.216s] [35m[1mConsolidate compiler generated dependencies of target floornav_TaskWander[0m
[12.239s] [35m[1mConsolidate compiler generated dependencies of target floornav_TaskAutoDock[0m
[12.296s] [  3%] [32mBuilding CXX object CMakeFiles/floornav_TaskStareAtFace.dir/tasks/TaskStareAtFace.cpp.o[0m
[12.315s] [ 13%] [32mBuilding CXX object CMakeFiles/floornav_TaskWaitForROI.dir/tasks/TaskWaitForROI.cpp.o[0m
[12.317s] [ 13%] [32mBuilding CXX object CMakeFiles/floornav_TaskTrigger.dir/tasks/TaskTrigger.cpp.o[0m
[12.317s] [ 20%] [32mBuilding CXX object CMakeFiles/floornav_TaskSetHeading.dir/tasks/TaskSetHeading.cpp.o[0m
[12.318s] [ 20%] [32mBuilding CXX object CMakeFiles/floornav_TaskSetBool.dir/tasks/TaskSetBool.cpp.o[0m
[12.318s] [ 24%] [32mBuilding CXX object CMakeFiles/floornav_TaskGoTo.dir/tasks/TaskGoTo.cpp.o[0m
[12.319s] [ 24%] [32mBuilding CXX object CMakeFiles/floornav_TaskSetMux.dir/tasks/TaskSetMux.cpp.o[0m
[12.330s] [ 31%] [32mBuilding CXX object CMakeFiles/floornav_TaskWander.dir/tasks/TaskWander.cpp.o[0m
[12.330s] [ 31%] [32mBuilding CXX object CMakeFiles/floornav_TaskNav2.dir/tasks/TaskNav2.cpp.o[0m
[12.342s] [ 34%] [32mBuilding CXX object CMakeFiles/floornav_task_server.dir/src/task_server.cpp.o[0m
[12.345s] [ 37%] [32mBuilding CXX object CMakeFiles/floornav_task_server.dir/src/SimTasksEnv.cpp.o[0m
[12.360s] [ 41%] [32mBuilding CXX object CMakeFiles/floornav_TaskAutoDock.dir/tasks/TaskAutoDock.cpp.o[0m
[12.399s] [ 44%] [32mBuilding CXX object CMakeFiles/floornav_TaskPlanTo.dir/tasks/TaskPlanTo.cpp.o[0m
[12.409s] [ 48%] [32mBuilding CXX object CMakeFiles/floornav_TaskWaitForFace.dir/tasks/TaskWaitForFace.cpp.o[0m
[12.425s] [ 51%] [32mBuilding CXX object CMakeFiles/floornav_TaskConstant.dir/tasks/TaskConstant.cpp.o[0m
[23.718s] [01m[K/home/GTL/apaul/ros2_hw1/src/floor_nav/tasks/TaskStareAtFace.cpp:[m[K In member function â€˜[01m[Kvirtual task_manager_lib::TaskIndicator floor_nav::TaskStareAtFace::iterate()[m[Kâ€™:
[23.723s] [01m[K/home/GTL/apaul/ros2_hw1/src/floor_nav/tasks/TaskStareAtFace.cpp:13:84:[m[K [01;31m[Kerror: [m[Kâ€˜[01m[Kroiarrray[m[Kâ€™ was not declared in this scope; did you mean â€˜[01m[Kroiarray[m[Kâ€™?
[23.723s]    13 |         const float center_position = float(roiarray->regions[0].x_offset) - float([01;31m[Kroiarrray[m[K->regions[0].width)/2;
[23.723s]       |                                                                                    [01;31m[K^~~~~~~~~[m[K
[23.723s]       |                                                                                    [32m[Kroiarray[m[K
[35.580s] gmake[2]: *** [CMakeFiles/floornav_TaskStareAtFace.dir/build.make:76: CMakeFiles/floornav_TaskStareAtFace.dir/tasks/TaskStareAtFace.cpp.o] Error 1
[35.606s] gmake[1]: *** [CMakeFiles/Makefile2:449: CMakeFiles/floornav_TaskStareAtFace.dir/all] Error 2
[35.611s] gmake[1]: *** Waiting for unfinished jobs....
[44.130s] gmake[2]: *** [CMakeFiles/floornav_TaskTrigger.dir/build.make:76: CMakeFiles/floornav_TaskTrigger.dir/tasks/TaskTrigger.cpp.o] Interrupt
[44.171s] gmake[2]: *** [CMakeFiles/floornav_TaskSetBool.dir/build.make:76: CMakeFiles/floornav_TaskSetBool.dir/tasks/TaskSetBool.cpp.o] Interrupt
[44.190s] gmake[2]: *** [CMakeFiles/floornav_TaskNav2.dir/build.make:76: CMakeFiles/floornav_TaskNav2.dir/tasks/TaskNav2.cpp.o] Interrupt
[44.204s] gmake[2]: *** [CMakeFiles/floornav_TaskPlanTo.dir/build.make:76: CMakeFiles/floornav_TaskPlanTo.dir/tasks/TaskPlanTo.cpp.o] Interrupt
[44.204s] gmake[2]: *** [CMakeFiles/floornav_TaskSetMux.dir/build.make:76: CMakeFiles/floornav_TaskSetMux.dir/tasks/TaskSetMux.cpp.o] Interrupt
[44.204s] gmake[2]: *** [CMakeFiles/floornav_TaskConstant.dir/build.make:76: CMakeFiles/floornav_TaskConstant.dir/tasks/TaskConstant.cpp.o] Interrupt
[44.204s] gmake[2]: *** [CMakeFiles/floornav_TaskWander.dir/build.make:76: CMakeFiles/floornav_TaskWander.dir/tasks/TaskWander.cpp.o] Interrupt
[44.204s] gmake[2]: *** [CMakeFiles/floornav_TaskGoTo.dir/build.make:76: CMakeFiles/floornav_TaskGoTo.dir/tasks/TaskGoTo.cpp.o] Interrupt
[44.204s] gmake[2]: *** [CMakeFiles/floornav_TaskWaitForFace.dir/build.make:76: CMakeFiles/floornav_TaskWaitForFace.dir/tasks/TaskWaitForFace.cpp.o] Interrupt
[44.204s] gmake[2]: *** [CMakeFiles/floornav_TaskWaitForROI.dir/build.make:76: CMakeFiles/floornav_TaskWaitForROI.dir/tasks/TaskWaitForROI.cpp.o] Interrupt
[44.204s] gmake[2]: *** [CMakeFiles/floornav_TaskSetHeading.dir/build.make:76: CMakeFiles/floornav_TaskSetHeading.dir/tasks/TaskSetHeading.cpp.o] Interrupt
[44.204s] gmake[1]: *** [CMakeFiles/Makefile2:241: CMakeFiles/floornav_TaskTrigger.dir/all] Interrupt
[44.204s] gmake[1]: *** [CMakeFiles/Makefile2:267: CMakeFiles/floornav_TaskSetBool.dir/all] Interrupt
[44.204s] gmake[1]: *** [CMakeFiles/Makefile2:371: CMakeFiles/floornav_TaskPlanTo.dir/all] Interrupt
[44.204s] gmake[2]: *** [CMakeFiles/floornav_TaskAutoDock.dir/build.make:76: CMakeFiles/floornav_TaskAutoDock.dir/tasks/TaskAutoDock.cpp.o] Interrupt
[44.204s] gmake[2]: *** [CMakeFiles/floornav_task_server.dir/build.make:76: CMakeFiles/floornav_task_server.dir/src/task_server.cpp.o] Interrupt
[44.204s] gmake[1]: *** [CMakeFiles/Makefile2:189: CMakeFiles/floornav_TaskNav2.dir/all] Interrupt
[44.204s] gmake[1]: *** [CMakeFiles/Makefile2:345: CMakeFiles/floornav_TaskSetHeading.dir/all] Interrupt
[44.204s] gmake[1]: *** [CMakeFiles/Makefile2:215: CMakeFiles/floornav_TaskSetMux.dir/all] Interrupt
[44.205s] gmake[1]: *** [CMakeFiles/Makefile2:319: CMakeFiles/floornav_TaskGoTo.dir/all] Interrupt
[44.205s] gmake[2]: *** [CMakeFiles/floornav_task_server.dir/build.make:90: CMakeFiles/floornav_task_server.dir/src/SimTasksEnv.cpp.o] Interrupt
[44.205s] gmake[1]: *** [CMakeFiles/Makefile2:423: CMakeFiles/floornav_TaskWaitForFace.dir/all] Interrupt
[44.205s] gmake[1]: *** [CMakeFiles/Makefile2:475: CMakeFiles/floornav_TaskWander.dir/all] Interrupt
[44.211s] gmake[1]: *** [CMakeFiles/Makefile2:293: CMakeFiles/floornav_TaskConstant.dir/all] Interrupt
[44.211s] gmake[1]: *** [CMakeFiles/Makefile2:501: CMakeFiles/floornav_TaskAutoDock.dir/all] Interrupt
[44.212s] gmake[1]: *** [CMakeFiles/Makefile2:397: CMakeFiles/floornav_TaskWaitForROI.dir/all] Interrupt
[44.212s] gmake[1]: *** [CMakeFiles/Makefile2:163: CMakeFiles/floornav_task_server.dir/all] Interrupt
[44.212s] gmake: *** [Makefile:146: all] Interrupt
[44.356s] Invoked command in '/home/GTL/apaul/ros2_hw1/build/floor_nav' returned '-2': CMAKE_PREFIX_PATH=/home/GTL/apaul/ros2_hw1/install/task_manager_nav2:/home/GTL/apaul/ros2_hw1/install/task_manager_lib:/home/GTL/apaul/ros2_hw1/install/task_manager_msgs:/home/GTL/apaul/ros2_hw1/install/face_msg:/home/GTL/apaul/ros2_hw1/install/cs7630_msgs:/home/GTL/apaul/ros2_hw1/install/vrep4_helpers:/home/GTL/apaul/ros2_hw1/install/task_manager_sync:/home/GTL/apaul/ros2_hw1/install/floor_nav:/home/GTL/apaul/ros2_hw1/install/joy_pack:/home/GTL/apaul/ros2_hw1/install/collision_avoidance_base:/home/GTL/apaul/ros2_hw1/install/vrep_ros_teleop:/home/GTL/apaul/ros2_hw1/install/task_manager_client_py:/home/GTL/apaul/ros2_hw1/install/keyboard_teleop:/home/GTL/apaul/ros2_hw1/install/face_detect_base:/home/GTL/apaul/ros2_hw1/install/button_server:/opt/ros/humble LD_LIBRARY_PATH=/home/GTL/apaul/ros2_hw1/install/task_manager_lib/lib:/home/GTL/apaul/ros2_hw1/install/task_manager_msgs/lib:/home/GTL/apaul/ros2_hw1/install/face_msg/lib:/home/GTL/apaul/ros2_hw1/install/cs7630_msgs/lib:/home/GTL/apaul/ros2_hw1/install/task_manager_sync/lib:/usr/lib/x86_64-linux-gnu/gazebo-11/plugins:/opt/ros/humble/opt/rviz_ogre_vendor/lib:/opt/ros/humble/lib/x86_64-linux-gnu:/opt/ros/humble/lib /usr/bin/cmake --build /home/GTL/apaul/ros2_hw1/build/floor_nav -- -j16 -l16
