[0.046s] Invoking command in '/home/GTL/apaul/ros2_hw1/build/floor_nav': CMAKE_PREFIX_PATH=/home/GTL/apaul/ros2_hw1/install/task_manager_nav2:/home/GTL/apaul/ros2_hw1/install/task_manager_lib:/home/GTL/apaul/ros2_hw1/install/task_manager_msgs:/home/GTL/apaul/ros2_hw1/install/cs7630_msgs:/home/GTL/apaul/ros2_hw1/install/vrep4_helpers:/home/GTL/apaul/ros2_hw1/install/task_manager_sync:/home/GTL/apaul/ros2_hw1/install/floor_nav:/home/GTL/apaul/ros2_hw1/install/joy_pack:/home/GTL/apaul/ros2_hw1/install/face_msg:/home/GTL/apaul/ros2_hw1/install/collision_avoidance_base:/home/GTL/apaul/ros2_hw1/install/vrep_ros_teleop:/home/GTL/apaul/ros2_hw1/install/task_manager_client_py:/home/GTL/apaul/ros2_hw1/install/keyboard_teleop:/home/GTL/apaul/ros2_hw1/install/face_detect_base:/home/GTL/apaul/ros2_hw1/install/button_server:/opt/ros/humble LD_LIBRARY_PATH=/home/GTL/apaul/ros2_hw1/install/task_manager_lib/lib:/home/GTL/apaul/ros2_hw1/install/task_manager_msgs/lib:/home/GTL/apaul/ros2_hw1/install/cs7630_msgs/lib:/home/GTL/apaul/ros2_hw1/install/task_manager_sync/lib:/home/GTL/apaul/ros2_hw1/install/face_msg/lib:/usr/lib/x86_64-linux-gnu/gazebo-11/plugins:/opt/ros/humble/opt/rviz_ogre_vendor/lib:/opt/ros/humble/lib/x86_64-linux-gnu:/opt/ros/humble/lib /usr/bin/cmake /home/GTL/apaul/ros2_hw1/src/floor_nav -DCMAKE_INSTALL_PREFIX=/home/GTL/apaul/ros2_hw1/install/floor_nav
[0.122s] -- The C compiler identification is GNU 11.4.0
[0.193s] -- The CXX compiler identification is GNU 11.4.0
[0.207s] -- Detecting C compiler ABI info
[0.339s] -- Detecting C compiler ABI info - done
[0.349s] -- Check for working C compiler: /usr/bin/cc - skipped
[0.349s] -- Detecting C compile features
[0.350s] -- Detecting C compile features - done
[0.359s] -- Detecting CXX compiler ABI info
[0.499s] -- Detecting CXX compiler ABI info - done
[0.509s] -- Check for working CXX compiler: /usr/bin/c++ - skipped
[0.510s] -- Detecting CXX compile features
[0.510s] -- Detecting CXX compile features - done
[0.554s] -- Found ament_cmake: 1.3.10 (/opt/ros/humble/share/ament_cmake/cmake)
[0.790s] -- Found Python3: /usr/bin/python3 (found version "3.10.12") found components: Interpreter 
[1.484s] -- Found rclcpp: 16.0.10 (/opt/ros/humble/share/rclcpp/cmake)
[1.963s] -- Found rosidl_generator_c: 3.1.5 (/opt/ros/humble/share/rosidl_generator_c/cmake)
[2.044s] -- Found rosidl_adapter: 3.1.5 (/opt/ros/humble/share/rosidl_adapter/cmake)
[2.122s] -- Found rosidl_generator_cpp: 3.1.5 (/opt/ros/humble/share/rosidl_generator_cpp/cmake)
[2.204s] -- Using all available rosidl_typesupport_c: rosidl_typesupport_fastrtps_c;rosidl_typesupport_introspection_c
[2.323s] -- Using all available rosidl_typesupport_cpp: rosidl_typesupport_fastrtps_cpp;rosidl_typesupport_introspection_cpp
[2.708s] -- Found rmw_implementation_cmake: 6.1.2 (/opt/ros/humble/share/rmw_implementation_cmake/cmake)
[2.745s] -- Found rmw_cyclonedds_cpp: 1.3.4 (/opt/ros/humble/share/rmw_cyclonedds_cpp/cmake)
[2.974s] -- Using RMW implementation 'rmw_cyclonedds_cpp' as default
[3.090s] -- Looking for pthread.h
[3.211s] -- Looking for pthread.h - found
[3.212s] -- Performing Test CMAKE_HAVE_LIBC_PTHREAD
[3.333s] -- Performing Test CMAKE_HAVE_LIBC_PTHREAD - Success
[3.335s] -- Found Threads: TRUE  
[3.551s] -- Found rclcpp_action: 16.0.10 (/opt/ros/humble/share/rclcpp_action/cmake)
[3.717s] -- Found rclpy: 3.3.14 (/opt/ros/humble/share/rclpy/cmake)
[3.726s] -- Found task_manager_msgs: 0.0.0 (/home/GTL/apaul/ros2_hw1/install/task_manager_msgs/share/task_manager_msgs/cmake)
[3.758s] -- Found task_manager_lib: 0.0.0 (/home/GTL/apaul/ros2_hw1/install/task_manager_lib/share/task_manager_lib/cmake)
[3.920s] -- Found sensor_msgs: 4.2.4 (/opt/ros/humble/share/sensor_msgs/cmake)
[4.027s] -- Found topic_tools_interfaces: 1.1.1 (/opt/ros/humble/share/topic_tools_interfaces/cmake)
[4.048s] -- Found cs7630_msgs: 0.0.0 (/home/GTL/apaul/ros2_hw1/install/cs7630_msgs/share/cs7630_msgs/cmake)
[4.127s] -- Found kobuki_ros_interfaces: 1.0.0 (/opt/ros/humble/share/kobuki_ros_interfaces/cmake)
[4.195s] -- Checking for module 'eigen3'
[4.204s] --   Found eigen3, version 3.4.0
[4.232s] -- Found Eigen: /usr/include/eigen3 (Required is at least version "3.1") 
[4.232s] -- Eigen found (include: /usr/include/eigen3, version: 3.4.0)
[4.499s] -- Checking for module 'libusb-1.0'
[4.507s] --   Found libusb-1.0, version 1.0.25
[4.529s] -- Found libusb: /usr/lib/x86_64-linux-gnu/libusb-1.0.so  
[4.529s] -- OpenNI found (version: 1.5.4.0, include: /usr/include/ni, lib: /usr/lib/libOpenNI.so;libusb::libusb)
[4.565s] -- OpenNI2 found (version: 2.2.0.33, include: /usr/include/openni2, lib: /usr/lib/x86_64-linux-gnu/libOpenNI2.so;libusb::libusb)
[5.778s] -- Eigen found (include: /usr/include/eigen3, version: 3.4.0)
[5.779s] -- Found PCL_COMMON: /usr/lib/x86_64-linux-gnu/libpcl_common.so  
[5.780s] -- Found PCL_OCTREE: /usr/lib/x86_64-linux-gnu/libpcl_octree.so  
[5.780s] -- Found PCL_IO: /usr/lib/x86_64-linux-gnu/libpcl_io.so  
[5.888s] -- Found pcl_conversions: 2.4.5 (/opt/ros/humble/share/pcl_conversions/cmake)
[6.017s] -- Found tf2: 0.25.8 (/opt/ros/humble/share/tf2/cmake)
[6.097s] -- Found tf2_ros: 0.25.8 (/opt/ros/humble/share/tf2_ros/cmake)
[6.310s] -- Found tf2_geometry_msgs: 0.25.8 (/opt/ros/humble/share/tf2_geometry_msgs/cmake)
[6.461s] -- Found eigen3_cmake_module: 0.1.1 (/opt/ros/humble/share/eigen3_cmake_module/cmake)
[6.462s] -- Found Eigen3: TRUE (found version "3.4.0") 
[6.462s] -- Ensuring Eigen3 include directory is part of orocos-kdl CMake target
[6.468s] -- Found task_manager_nav2: 0.0.0 (/home/GTL/apaul/ros2_hw1/install/task_manager_nav2/share/task_manager_nav2/cmake)
[12.261s] -- Found ament_lint_auto: 0.12.11 (/opt/ros/humble/share/ament_lint_auto/cmake)
[12.696s] -- Added test 'cppcheck' to perform static code analysis on C / C++ code
[12.708s] -- Configured cppcheck include dirs: /home/GTL/apaul/ros2_hw1/src/floor_nav/include
[12.708s] -- Configured cppcheck exclude dirs and/or files: 
[12.714s] -- Added test 'flake8' to check Python code syntax and style conventions
[12.722s] -- Added test 'lint_cmake' to check CMake code style
[12.726s] -- Added test 'pep257' to check Python code against some of the docstring style conventions in PEP 257
[12.746s] -- Added test 'uncrustify' to check C / C++ code style
[12.746s] -- Configured uncrustify additional arguments: 
[12.751s] -- Added test 'xmllint' to check XML markup files
[12.769s] -- Configuring done
[16.106s] -- Generating done
[16.218s] -- Build files have been written to: /home/GTL/apaul/ros2_hw1/build/floor_nav
[16.248s] Invoked command in '/home/GTL/apaul/ros2_hw1/build/floor_nav' returned '0': CMAKE_PREFIX_PATH=/home/GTL/apaul/ros2_hw1/install/task_manager_nav2:/home/GTL/apaul/ros2_hw1/install/task_manager_lib:/home/GTL/apaul/ros2_hw1/install/task_manager_msgs:/home/GTL/apaul/ros2_hw1/install/cs7630_msgs:/home/GTL/apaul/ros2_hw1/install/vrep4_helpers:/home/GTL/apaul/ros2_hw1/install/task_manager_sync:/home/GTL/apaul/ros2_hw1/install/floor_nav:/home/GTL/apaul/ros2_hw1/install/joy_pack:/home/GTL/apaul/ros2_hw1/install/face_msg:/home/GTL/apaul/ros2_hw1/install/collision_avoidance_base:/home/GTL/apaul/ros2_hw1/install/vrep_ros_teleop:/home/GTL/apaul/ros2_hw1/install/task_manager_client_py:/home/GTL/apaul/ros2_hw1/install/keyboard_teleop:/home/GTL/apaul/ros2_hw1/install/face_detect_base:/home/GTL/apaul/ros2_hw1/install/button_server:/opt/ros/humble LD_LIBRARY_PATH=/home/GTL/apaul/ros2_hw1/install/task_manager_lib/lib:/home/GTL/apaul/ros2_hw1/install/task_manager_msgs/lib:/home/GTL/apaul/ros2_hw1/install/cs7630_msgs/lib:/home/GTL/apaul/ros2_hw1/install/task_manager_sync/lib:/home/GTL/apaul/ros2_hw1/install/face_msg/lib:/usr/lib/x86_64-linux-gnu/gazebo-11/plugins:/opt/ros/humble/opt/rviz_ogre_vendor/lib:/opt/ros/humble/lib/x86_64-linux-gnu:/opt/ros/humble/lib /usr/bin/cmake /home/GTL/apaul/ros2_hw1/src/floor_nav -DCMAKE_INSTALL_PREFIX=/home/GTL/apaul/ros2_hw1/install/floor_nav
[16.272s] Invoking command in '/home/GTL/apaul/ros2_hw1/build/floor_nav': CMAKE_PREFIX_PATH=/home/GTL/apaul/ros2_hw1/install/task_manager_nav2:/home/GTL/apaul/ros2_hw1/install/task_manager_lib:/home/GTL/apaul/ros2_hw1/install/task_manager_msgs:/home/GTL/apaul/ros2_hw1/install/cs7630_msgs:/home/GTL/apaul/ros2_hw1/install/vrep4_helpers:/home/GTL/apaul/ros2_hw1/install/task_manager_sync:/home/GTL/apaul/ros2_hw1/install/floor_nav:/home/GTL/apaul/ros2_hw1/install/joy_pack:/home/GTL/apaul/ros2_hw1/install/face_msg:/home/GTL/apaul/ros2_hw1/install/collision_avoidance_base:/home/GTL/apaul/ros2_hw1/install/vrep_ros_teleop:/home/GTL/apaul/ros2_hw1/install/task_manager_client_py:/home/GTL/apaul/ros2_hw1/install/keyboard_teleop:/home/GTL/apaul/ros2_hw1/install/face_detect_base:/home/GTL/apaul/ros2_hw1/install/button_server:/opt/ros/humble LD_LIBRARY_PATH=/home/GTL/apaul/ros2_hw1/install/task_manager_lib/lib:/home/GTL/apaul/ros2_hw1/install/task_manager_msgs/lib:/home/GTL/apaul/ros2_hw1/install/cs7630_msgs/lib:/home/GTL/apaul/ros2_hw1/install/task_manager_sync/lib:/home/GTL/apaul/ros2_hw1/install/face_msg/lib:/usr/lib/x86_64-linux-gnu/gazebo-11/plugins:/opt/ros/humble/opt/rviz_ogre_vendor/lib:/opt/ros/humble/lib/x86_64-linux-gnu:/opt/ros/humble/lib /usr/bin/cmake --build /home/GTL/apaul/ros2_hw1/build/floor_nav -- -j16 -l16
[16.392s] [ 20%] [32mBuilding CXX object CMakeFiles/floornav_TaskPlanTo.dir/tasks/TaskPlanTo.cpp.o[0m
[16.395s] [ 20%] [32mBuilding CXX object CMakeFiles/floornav_TaskConstant.dir/tasks/TaskConstant.cpp.o[0m
[16.395s] [ 20%] [32mBuilding CXX object CMakeFiles/floornav_TaskGoTo.dir/tasks/TaskGoTo.cpp.o[0m
[16.395s] [ 20%] [32mBuilding CXX object CMakeFiles/floornav_TaskTrigger.dir/tasks/TaskTrigger.cpp.o[0m
[16.397s] [ 31%] [32mBuilding CXX object CMakeFiles/floornav_TaskSetMux.dir/tasks/TaskSetMux.cpp.o[0m
[16.397s] [ 31%] [32mBuilding CXX object CMakeFiles/floornav_task_server.dir/src/SimTasksEnv.cpp.o[0m
[16.398s] [ 31%] [32mBuilding CXX object CMakeFiles/floornav_TaskWander_modif.dir/tasks/TaskWander_modif.cpp.o[0m
[16.398s] [ 31%] [32mBuilding CXX object CMakeFiles/floornav_task_server.dir/src/task_server.cpp.o[0m
[16.400s] [ 34%] [32mBuilding CXX object CMakeFiles/floornav_TaskWander.dir/tasks/TaskWander.cpp.o[0m
[16.400s] [ 41%] [32mBuilding CXX object CMakeFiles/floornav_TaskNav2.dir/tasks/TaskNav2.cpp.o[0m
[16.400s] [ 41%] [32mBuilding CXX object CMakeFiles/floornav_TaskWaitForROI.dir/tasks/TaskWaitForROI.cpp.o[0m
[16.400s] [ 41%] [32mBuilding CXX object CMakeFiles/floornav_TaskSetHeading.dir/tasks/TaskSetHeading.cpp.o[0m
[16.402s] [ 44%] [32mBuilding CXX object CMakeFiles/floornav_TaskSetBool.dir/tasks/TaskSetBool.cpp.o[0m
[16.406s] [ 48%] [32mBuilding CXX object CMakeFiles/floornav_TaskWaitForFace.dir/tasks/TaskWaitForFace.cpp.o[0m
[16.414s] [ 51%] [32mBuilding CXX object CMakeFiles/floornav_TaskAutoDock.dir/tasks/TaskAutoDock.cpp.o[0m
[16.416s] In file included from [01m[K/home/GTL/apaul/ros2_hw1/src/floor_nav/tasks/TaskWaitForFace.cpp:1[m[K:
[16.416s] [01m[K/home/GTL/apaul/ros2_hw1/src/floor_nav/tasks/TaskWaitForFace.h:4:10:[m[K [01;31m[Kfatal error: [m[Kcs7630_msgs/msg/ROIArray.hpp: No such file or directory
[16.417s]     4 | #include [01;31m[K<cs7630_msgs/msg/ROIArray.hpp>[m[K
[16.417s]       |          [01;31m[K^~~~~~~~~~~~~~~~~~~~~~~~~~~~~~[m[K
[16.417s] compilation terminated.
[16.418s] gmake[2]: *** [CMakeFiles/floornav_TaskWaitForFace.dir/build.make:76: CMakeFiles/floornav_TaskWaitForFace.dir/tasks/TaskWaitForFace.cpp.o] Error 1
[16.418s] gmake[1]: *** [CMakeFiles/Makefile2:423: CMakeFiles/floornav_TaskWaitForFace.dir/all] Error 2
[16.418s] gmake[1]: *** Waiting for unfinished jobs....
[34.152s] [ 55%] [32m[1mLinking CXX shared library libfloornav_TaskGoTo.so[0m
[34.254s] [ 58%] [32m[1mLinking CXX shared library libfloornav_TaskWaitForROI.so[0m
[34.414s] [ 62%] [32m[1mLinking CXX shared library libfloornav_TaskConstant.so[0m
[34.490s] [ 65%] [32m[1mLinking CXX shared library libfloornav_TaskTrigger.so[0m
[34.745s] [ 68%] [32m[1mLinking CXX shared library libfloornav_TaskSetHeading.so[0m
[35.280s] [ 72%] [32m[1mLinking CXX shared library libfloornav_TaskWander.so[0m
[35.422s] [ 75%] [32m[1mLinking CXX shared library libfloornav_TaskWander_modif.so[0m
[36.269s] [ 79%] [32m[1mLinking CXX shared library libfloornav_TaskSetMux.so[0m
[36.400s] [ 82%] [32m[1mLinking CXX shared library libfloornav_TaskSetBool.so[0m
[40.153s] [ 86%] [32m[1mLinking CXX shared library libfloornav_TaskAutoDock.so[0m
[42.584s] [ 89%] [32m[1mLinking CXX shared library libfloornav_TaskNav2.so[0m
[69.233s] [ 93%] [32m[1mLinking CXX shared library libfloornav_TaskPlanTo.so[0m
[84.084s] [ 96%] [32m[1mLinking CXX executable floornav_task_server[0m
[113.599s] [ 96%] Built target floornav_TaskWander_modif
[114.048s] [ 96%] Built target floornav_TaskWander
[114.402s] [ 96%] Built target floornav_TaskConstant
[114.591s] [ 96%] Built target floornav_TaskSetHeading
[115.508s] [ 96%] Built target floornav_TaskWaitForROI
[116.060s] [ 96%] Built target floornav_TaskGoTo
[116.669s] [ 96%] Built target floornav_TaskSetMux
[117.672s] [ 96%] Built target floornav_TaskTrigger
[118.343s] [ 96%] Built target floornav_TaskSetBool
[120.432s] [ 96%] Built target floornav_TaskNav2
[121.833s] [ 96%] Built target floornav_TaskAutoDock
[122.881s] [ 96%] Built target floornav_TaskPlanTo
[126.104s] [ 96%] Built target floornav_task_server
[126.110s] gmake: *** [Makefile:146: all] Error 2
[126.164s] Invoked command in '/home/GTL/apaul/ros2_hw1/build/floor_nav' returned '2': CMAKE_PREFIX_PATH=/home/GTL/apaul/ros2_hw1/install/task_manager_nav2:/home/GTL/apaul/ros2_hw1/install/task_manager_lib:/home/GTL/apaul/ros2_hw1/install/task_manager_msgs:/home/GTL/apaul/ros2_hw1/install/cs7630_msgs:/home/GTL/apaul/ros2_hw1/install/vrep4_helpers:/home/GTL/apaul/ros2_hw1/install/task_manager_sync:/home/GTL/apaul/ros2_hw1/install/floor_nav:/home/GTL/apaul/ros2_hw1/install/joy_pack:/home/GTL/apaul/ros2_hw1/install/face_msg:/home/GTL/apaul/ros2_hw1/install/collision_avoidance_base:/home/GTL/apaul/ros2_hw1/install/vrep_ros_teleop:/home/GTL/apaul/ros2_hw1/install/task_manager_client_py:/home/GTL/apaul/ros2_hw1/install/keyboard_teleop:/home/GTL/apaul/ros2_hw1/install/face_detect_base:/home/GTL/apaul/ros2_hw1/install/button_server:/opt/ros/humble LD_LIBRARY_PATH=/home/GTL/apaul/ros2_hw1/install/task_manager_lib/lib:/home/GTL/apaul/ros2_hw1/install/task_manager_msgs/lib:/home/GTL/apaul/ros2_hw1/install/cs7630_msgs/lib:/home/GTL/apaul/ros2_hw1/install/task_manager_sync/lib:/home/GTL/apaul/ros2_hw1/install/face_msg/lib:/usr/lib/x86_64-linux-gnu/gazebo-11/plugins:/opt/ros/humble/opt/rviz_ogre_vendor/lib:/opt/ros/humble/lib/x86_64-linux-gnu:/opt/ros/humble/lib /usr/bin/cmake --build /home/GTL/apaul/ros2_hw1/build/floor_nav -- -j16 -l16
