[ 25%] Built target floornav_TaskWander
[ 32%] Built target floornav_TaskSetMux
[ 32%] [32mBuilding CXX object CMakeFiles/floornav_TaskGoToPose.dir/tasks/TaskGoToPose.cpp.o[0m
[ 32%] Built target floornav_TaskConstant
[ 38%] Built target floornav_TaskWaitForROI
[ 38%] Built target floornav_TaskNav2
[ 41%] Built target floornav_TaskAutoDock
[ 51%] Built target floornav_TaskSetBool
[ 64%] Built target floornav_TaskTrigger
[ 80%] Built target floornav_TaskSetHeading
[ 80%] Built target floornav_task_server
[ 80%] Built target floornav_TaskGoTo
[ 83%] Built target floornav_TaskWaitForFace
[ 96%] Built target floornav_TaskPlanTo
[ 96%] Built target floornav_TaskStareAtFace
[01m[K/home/GTL/apaul/ros2_hw1/src/floor_nav/tasks/TaskGoToPose.cpp:[m[K In member function â€˜[01m[Kvirtual task_manager_lib::TaskIndicator floor_nav::TaskGoToPose::iterate()[m[Kâ€™:
[01m[K/home/GTL/apaul/ros2_hw1/src/floor_nav/tasks/TaskGoToPose.cpp:64:13:[m[K [01;31m[Kerror: [m[Kexpected â€˜[01m[K}[m[Kâ€™ before â€˜[01m[Kelse[m[Kâ€™
   64 |             [01;31m[Kelse[m[K {
      |             [01;31m[K^~~~[m[K
[01m[K/home/GTL/apaul/ros2_hw1/src/floor_nav/tasks/TaskGoToPose.cpp:42:42:[m[K [01;36m[Knote: [m[Kto match this â€˜[01m[K{[m[Kâ€™
   42 |             if (r < cfg->dist_threshold) [01;36m[K{[m[K
      |                                          [01;36m[K^[m[K
[01m[K/home/GTL/apaul/ros2_hw1/src/floor_nav/tasks/TaskGoToPose.cpp:80:25:[m[K [01;31m[Kerror: [m[Kâ€˜[01m[Krot[m[Kâ€™ was not declared in this scope
   80 |                     if ([01;31m[Krot[m[K > cfg->max_angular_velocity) rot = cfg->max_angular_velocity;
      |                         [01;31m[K^~~[m[K
[01m[K/home/GTL/apaul/ros2_hw1/src/floor_nav/tasks/TaskGoToPose.cpp:81:25:[m[K [01;31m[Kerror: [m[Kâ€˜[01m[Krot[m[Kâ€™ was not declared in this scope
   81 |                     if ([01;31m[Krot[m[K <-cfg->max_angular_velocity) rot = -cfg->max_angular_velocity;
      |                         [01;31m[K^~~[m[K
[01m[K/home/GTL/apaul/ros2_hw1/src/floor_nav/tasks/TaskGoToPose.cpp:83:47:[m[K [01;31m[Kerror: [m[Kâ€˜[01m[Krot[m[Kâ€™ was not declared in this scope
   83 |                     env->publishVelocity(vel, [01;31m[Krot[m[K);
      |                                               [01;31m[K^~~[m[K
gmake[2]: *** [CMakeFiles/floornav_TaskGoToPose.dir/build.make:76: CMakeFiles/floornav_TaskGoToPose.dir/tasks/TaskGoToPose.cpp.o] Error 1
gmake[1]: *** [CMakeFiles/Makefile2:321: CMakeFiles/floornav_TaskGoToPose.dir/all] Error 2
gmake: *** [Makefile:146: all] Error 2
