[0.078s] Invoking command in '/home/GTL/apaul/ros2_hw1/build/floor_nav': AMENT_PREFIX_PATH=/home/GTL/apaul/ros2_hw1/install/task_manager_nav2:/home/GTL/apaul/ros2_hw1/install/task_manager_lib:/home/GTL/apaul/ros2_hw1/install/task_manager_msgs:/home/GTL/apaul/ros2_hw1/install/face_msg:/home/GTL/apaul/ros2_hw1/install/cs7630_msgs:${AMENT_PREFIX_PATH} CMAKE_PREFIX_PATH=/home/GTL/apaul/ros2_hw1/install/task_manager_nav2:/home/GTL/apaul/ros2_hw1/install/task_manager_lib:/home/GTL/apaul/ros2_hw1/install/task_manager_msgs:/home/GTL/apaul/ros2_hw1/install/face_msg:/home/GTL/apaul/ros2_hw1/install/cs7630_msgs:/opt/ros/humble LD_LIBRARY_PATH=/home/GTL/apaul/ros2_hw1/install/task_manager_lib/lib:/home/GTL/apaul/ros2_hw1/install/task_manager_msgs/lib:/home/GTL/apaul/ros2_hw1/install/face_msg/lib:/home/GTL/apaul/ros2_hw1/install/cs7630_msgs/lib:${LD_LIBRARY_PATH} PYTHONPATH=/home/GTL/apaul/ros2_hw1/install/task_manager_msgs/local/lib/python3.10/dist-packages:/home/GTL/apaul/ros2_hw1/install/face_msg/local/lib/python3.10/dist-packages:/home/GTL/apaul/ros2_hw1/install/cs7630_msgs/local/lib/python3.10/dist-packages:${PYTHONPATH} /usr/bin/cmake --build /home/GTL/apaul/ros2_hw1/build/floor_nav -- -j16 -l16
[0.218s] [ 25%] Built target floornav_TaskWander
[0.222s] [ 32%] Built target floornav_TaskSetMux
[0.222s] [ 32%] [32mBuilding CXX object CMakeFiles/floornav_TaskGoToPose.dir/tasks/TaskGoToPose.cpp.o[0m
[0.223s] [ 32%] Built target floornav_TaskConstant
[0.223s] [ 38%] Built target floornav_TaskWaitForROI
[0.223s] [ 38%] Built target floornav_TaskNav2
[0.225s] [ 41%] Built target floornav_TaskAutoDock
[0.232s] [ 51%] Built target floornav_TaskSetBool
[0.241s] [ 64%] Built target floornav_TaskTrigger
[0.245s] [ 80%] Built target floornav_TaskSetHeading
[0.245s] [ 80%] Built target floornav_task_server
[0.245s] [ 80%] Built target floornav_TaskGoTo
[0.247s] [ 83%] Built target floornav_TaskWaitForFace
[0.253s] [ 96%] Built target floornav_TaskPlanTo
[0.253s] [ 96%] Built target floornav_TaskStareAtFace
[4.137s] [01m[K/home/GTL/apaul/ros2_hw1/src/floor_nav/tasks/TaskGoToPose.cpp:[m[K In member function â€˜[01m[Kvirtual task_manager_lib::TaskIndicator floor_nav::TaskGoToPose::iterate()[m[Kâ€™:
[4.138s] [01m[K/home/GTL/apaul/ros2_hw1/src/floor_nav/tasks/TaskGoToPose.cpp:64:13:[m[K [01;31m[Kerror: [m[Kexpected â€˜[01m[K}[m[Kâ€™ before â€˜[01m[Kelse[m[Kâ€™
[4.138s]    64 |             [01;31m[Kelse[m[K {
[4.138s]       |             [01;31m[K^~~~[m[K
[4.138s] [01m[K/home/GTL/apaul/ros2_hw1/src/floor_nav/tasks/TaskGoToPose.cpp:42:42:[m[K [01;36m[Knote: [m[Kto match this â€˜[01m[K{[m[Kâ€™
[4.138s]    42 |             if (r < cfg->dist_threshold) [01;36m[K{[m[K
[4.138s]       |                                          [01;36m[K^[m[K
[4.143s] [01m[K/home/GTL/apaul/ros2_hw1/src/floor_nav/tasks/TaskGoToPose.cpp:80:25:[m[K [01;31m[Kerror: [m[Kâ€˜[01m[Krot[m[Kâ€™ was not declared in this scope
[4.143s]    80 |                     if ([01;31m[Krot[m[K > cfg->max_angular_velocity) rot = cfg->max_angular_velocity;
[4.143s]       |                         [01;31m[K^~~[m[K
[4.148s] [01m[K/home/GTL/apaul/ros2_hw1/src/floor_nav/tasks/TaskGoToPose.cpp:81:25:[m[K [01;31m[Kerror: [m[Kâ€˜[01m[Krot[m[Kâ€™ was not declared in this scope
[4.148s]    81 |                     if ([01;31m[Krot[m[K <-cfg->max_angular_velocity) rot = -cfg->max_angular_velocity;
[4.148s]       |                         [01;31m[K^~~[m[K
[4.152s] [01m[K/home/GTL/apaul/ros2_hw1/src/floor_nav/tasks/TaskGoToPose.cpp:83:47:[m[K [01;31m[Kerror: [m[Kâ€˜[01m[Krot[m[Kâ€™ was not declared in this scope
[4.152s]    83 |                     env->publishVelocity(vel, [01;31m[Krot[m[K);
[4.152s]       |                                               [01;31m[K^~~[m[K
[4.676s] gmake[2]: *** [CMakeFiles/floornav_TaskGoToPose.dir/build.make:76: CMakeFiles/floornav_TaskGoToPose.dir/tasks/TaskGoToPose.cpp.o] Error 1
[4.676s] gmake[1]: *** [CMakeFiles/Makefile2:321: CMakeFiles/floornav_TaskGoToPose.dir/all] Error 2
[4.676s] gmake: *** [Makefile:146: all] Error 2
[4.678s] Invoked command in '/home/GTL/apaul/ros2_hw1/build/floor_nav' returned '2': AMENT_PREFIX_PATH=/home/GTL/apaul/ros2_hw1/install/task_manager_nav2:/home/GTL/apaul/ros2_hw1/install/task_manager_lib:/home/GTL/apaul/ros2_hw1/install/task_manager_msgs:/home/GTL/apaul/ros2_hw1/install/face_msg:/home/GTL/apaul/ros2_hw1/install/cs7630_msgs:${AMENT_PREFIX_PATH} CMAKE_PREFIX_PATH=/home/GTL/apaul/ros2_hw1/install/task_manager_nav2:/home/GTL/apaul/ros2_hw1/install/task_manager_lib:/home/GTL/apaul/ros2_hw1/install/task_manager_msgs:/home/GTL/apaul/ros2_hw1/install/face_msg:/home/GTL/apaul/ros2_hw1/install/cs7630_msgs:/opt/ros/humble LD_LIBRARY_PATH=/home/GTL/apaul/ros2_hw1/install/task_manager_lib/lib:/home/GTL/apaul/ros2_hw1/install/task_manager_msgs/lib:/home/GTL/apaul/ros2_hw1/install/face_msg/lib:/home/GTL/apaul/ros2_hw1/install/cs7630_msgs/lib:${LD_LIBRARY_PATH} PYTHONPATH=/home/GTL/apaul/ros2_hw1/install/task_manager_msgs/local/lib/python3.10/dist-packages:/home/GTL/apaul/ros2_hw1/install/face_msg/local/lib/python3.10/dist-packages:/home/GTL/apaul/ros2_hw1/install/cs7630_msgs/local/lib/python3.10/dist-packages:${PYTHONPATH} /usr/bin/cmake --build /home/GTL/apaul/ros2_hw1/build/floor_nav -- -j16 -l16
