[0.025s] Invoking command in '/home/GTL/apaul/ros2_hw1/build/occgrid_planner_base': AMENT_PREFIX_PATH=/home/GTL/apaul/ros2_hw1/install/cs7630_msgs:${AMENT_PREFIX_PATH} CMAKE_PREFIX_PATH=/home/GTL/apaul/ros2_hw1/install/cs7630_msgs:/opt/ros/humble LD_LIBRARY_PATH=/home/GTL/apaul/ros2_hw1/install/cs7630_msgs/lib:${LD_LIBRARY_PATH} PYTHONPATH=/home/GTL/apaul/ros2_hw1/install/cs7630_msgs/local/lib/python3.10/dist-packages:${PYTHONPATH} /usr/bin/cmake --build /home/GTL/apaul/ros2_hw1/build/occgrid_planner_base -- -j16 -l16
[0.064s] [35m[1mConsolidate compiler generated dependencies of target occgrid_planner_base[0m
[0.082s] [ 66%] Built target path_follower_base
[0.082s] [ 66%] Built target path_optimizer_base
[0.142s] [ 83%] [32mBuilding CXX object CMakeFiles/occgrid_planner_base.dir/src/occgrid_planner.cpp.o[0m
[3.014s] [01m[K/home/GTL/apaul/ros2_hw1/src/occgrid_planner_base/src/occgrid_planner.cpp:[m[K In member function â€˜[01m[Kvoid OccupancyGridPlanner::og_callback(nav_msgs::msg::OccupancyGrid_<std::allocator<void> >::SharedPtr)[m[Kâ€™:
[3.014s] [01m[K/home/GTL/apaul/ros2_hw1/src/occgrid_planner_base/src/occgrid_planner.cpp:103:21:[m[K [01;31m[Kerror: [m[Kexpected primary-expression before â€˜[01m[Kbinary_mask[m[Kâ€™
[3.014s]   103 |             cv::Mat [01;31m[Kbinary_mask[m[K;
[3.015s]       |                     [01;31m[K^~~~~~~~~~~[m[K
[3.021s] [01m[K/home/GTL/apaul/ros2_hw1/src/occgrid_planner_base/src/occgrid_planner.cpp:104:40:[m[K [01;31m[Kerror: [m[Kâ€˜[01m[Kbinary_mask[m[Kâ€™ was not declared in this scope
[3.022s]   104 |             cv::compare(og_, OCCUPIED, [01;31m[Kbinary_mask[m[K, cv::CMP_EQ);
[3.022s]       |                                        [01;31m[K^~~~~~~~~~~[m[K
[5.986s] gmake[2]: *** [CMakeFiles/occgrid_planner_base.dir/build.make:76: CMakeFiles/occgrid_planner_base.dir/src/occgrid_planner.cpp.o] Error 1
[5.986s] gmake[1]: *** [CMakeFiles/Makefile2:141: CMakeFiles/occgrid_planner_base.dir/all] Error 2
[5.986s] gmake: *** [Makefile:146: all] Error 2
[5.987s] Invoked command in '/home/GTL/apaul/ros2_hw1/build/occgrid_planner_base' returned '2': AMENT_PREFIX_PATH=/home/GTL/apaul/ros2_hw1/install/cs7630_msgs:${AMENT_PREFIX_PATH} CMAKE_PREFIX_PATH=/home/GTL/apaul/ros2_hw1/install/cs7630_msgs:/opt/ros/humble LD_LIBRARY_PATH=/home/GTL/apaul/ros2_hw1/install/cs7630_msgs/lib:${LD_LIBRARY_PATH} PYTHONPATH=/home/GTL/apaul/ros2_hw1/install/cs7630_msgs/local/lib/python3.10/dist-packages:${PYTHONPATH} /usr/bin/cmake --build /home/GTL/apaul/ros2_hw1/build/occgrid_planner_base -- -j16 -l16
