[0.023s] Invoking command in '/home/GTL/apaul/ros2_hw1/build/occgrid_planner_base': AMENT_PREFIX_PATH=/home/GTL/apaul/ros2_hw1/install/cs7630_msgs:${AMENT_PREFIX_PATH} CMAKE_PREFIX_PATH=/home/GTL/apaul/ros2_hw1/install/cs7630_msgs:/opt/ros/humble LD_LIBRARY_PATH=/home/GTL/apaul/ros2_hw1/install/cs7630_msgs/lib:${LD_LIBRARY_PATH} PYTHONPATH=/home/GTL/apaul/ros2_hw1/install/cs7630_msgs/local/lib/python3.10/dist-packages:${PYTHONPATH} /usr/bin/cmake --build /home/GTL/apaul/ros2_hw1/build/occgrid_planner_base -- -j16 -l16
[0.057s] [35m[1mConsolidate compiler generated dependencies of target path_follower_base[0m
[0.068s] [ 66%] Built target occgrid_planner_base
[0.068s] [ 66%] Built target path_optimizer_base
[0.132s] [ 83%] [32mBuilding CXX object CMakeFiles/path_follower_base.dir/src/path_follower.cpp.o[0m
[2.168s] [01m[K/home/GTL/apaul/ros2_hw1/src/occgrid_planner_base/src/path_follower.cpp:[m[K In member function â€˜[01m[Kvoid PathFollower::target_pose_callback(geometry_msgs::msg::PoseStamped_<std::allocator<void> >::SharedPtr)[m[Kâ€™:
[2.168s] [01m[K/home/GTL/apaul/ros2_hw1/src/occgrid_planner_base/src/path_follower.cpp:60:13:[m[K [01;31m[Kerror: [m[Kâ€˜[01m[Kgoal_[m[Kâ€™ was not declared in this scope
[2.168s]    60 |             [01;31m[Kgoal_[m[K=*msg;
[2.168s]       |             [01;31m[K^~~~~[m[K
[2.193s] [01m[K/home/GTL/apaul/ros2_hw1/src/occgrid_planner_base/src/path_follower.cpp:[m[K In constructor â€˜[01m[KPathFollower::PathFollower()[m[Kâ€™:
[2.193s] [01m[K/home/GTL/apaul/ros2_hw1/src/occgrid_planner_base/src/path_follower.cpp:131:13:[m[K [01;31m[Kerror: [m[Kâ€˜[01m[Ktarget_pose_sub_[m[Kâ€™ was not declared in this scope; did you mean â€˜[01m[Ktarget_pose_callback[m[Kâ€™?
[2.193s]   131 |             [01;31m[Ktarget_pose_sub_[m[K = this->create_subscription<geometry_msgs::msg::PoseStamped>("/move_base_simple/goal",1,
[2.193s]       |             [01;31m[K^~~~~~~~~~~~~~~~[m[K
[2.193s]       |             [32m[Ktarget_pose_callback[m[K
[2.193s] [01m[K/home/GTL/apaul/ros2_hw1/src/occgrid_planner_base/src/path_follower.cpp:132:58:[m[K [01;31m[Kerror: [m[Kâ€˜[01m[Ktarget_cb[m[Kâ€™ is not a member of â€˜[01m[KPathFollower[m[Kâ€™
[2.193s]   132 |                                 std::bind(&PathFollower::[01;31m[Ktarget_cb[m[K,this,std::placeholders::_1));
[2.193s]       |                                                          [01;31m[K^~~~~~~~~[m[K
[2.199s] [01m[K/home/GTL/apaul/ros2_hw1/src/occgrid_planner_base/src/path_follower.cpp:133:13:[m[K [01;31m[Kerror: [m[Kâ€˜[01m[Ktarget_pose_pub_[m[Kâ€™ was not declared in this scope; did you mean â€˜[01m[Ktarget_pose_callback[m[Kâ€™?
[2.199s]   133 |             [01;31m[Ktarget_pose_pub_[m[K = this->create_publisher<geometry_msgs::msg::PoseStamped>("/move_base_simple/goal",1);
[2.199s]       |             [01;31m[K^~~~~~~~~~~~~~~~[m[K
[2.199s]       |             [32m[Ktarget_pose_callback[m[K
[2.207s] [01m[K/home/GTL/apaul/ros2_hw1/src/occgrid_planner_base/src/path_follower.cpp:[m[K In member function â€˜[01m[Kvoid PathFollower::timer_cb()[m[Kâ€™:
[2.207s] [01m[K/home/GTL/apaul/ros2_hw1/src/occgrid_planner_base/src/path_follower.cpp:154:97:[m[K [01;31m[Kerror: [m[Kâ€˜[01m[Kdelay_[m[Kâ€™ was not declared in this scope
[2.207s]   154 |    Trajectory::const_iterator it = traj_.lower_bound(now.seconds() + look_ahead_ - [01;31m[Kdelay_[m[K);
[2.207s]       |                                                                                    [01;31m[K^~~~~~[m[K
[2.207s] 
[2.213s] [01m[K/home/GTL/apaul/ros2_hw1/src/occgrid_planner_base/src/path_follower.cpp:193:25:[m[K [01;31m[Kerror: [m[Kâ€˜[01m[Ktarget_pub_[m[Kâ€™ was not declared in this scope
[2.213s]   193 |                         [01;31m[Ktarget_pub_[m[K->publish(goal_); // ! Replan a trajectory.
[2.213s]       |                         [01;31m[K^~~~~~~~~~~[m[K
[2.216s] [01m[K/home/GTL/apaul/ros2_hw1/src/occgrid_planner_base/src/path_follower.cpp:193:46:[m[K [01;31m[Kerror: [m[Kâ€˜[01m[Kgoal_[m[Kâ€™ was not declared in this scope
[2.217s]   193 |                         target_pub_->publish([01;31m[Kgoal_[m[K); // ! Replan a trajectory.
[2.217s]       |                                              [01;31m[K^~~~~[m[K
[4.124s] gmake[2]: *** [CMakeFiles/path_follower_base.dir/build.make:76: CMakeFiles/path_follower_base.dir/src/path_follower.cpp.o] Error 1
[4.124s] gmake[1]: *** [CMakeFiles/Makefile2:193: CMakeFiles/path_follower_base.dir/all] Error 2
[4.124s] gmake: *** [Makefile:146: all] Error 2
[4.126s] Invoked command in '/home/GTL/apaul/ros2_hw1/build/occgrid_planner_base' returned '2': AMENT_PREFIX_PATH=/home/GTL/apaul/ros2_hw1/install/cs7630_msgs:${AMENT_PREFIX_PATH} CMAKE_PREFIX_PATH=/home/GTL/apaul/ros2_hw1/install/cs7630_msgs:/opt/ros/humble LD_LIBRARY_PATH=/home/GTL/apaul/ros2_hw1/install/cs7630_msgs/lib:${LD_LIBRARY_PATH} PYTHONPATH=/home/GTL/apaul/ros2_hw1/install/cs7630_msgs/local/lib/python3.10/dist-packages:${PYTHONPATH} /usr/bin/cmake --build /home/GTL/apaul/ros2_hw1/build/occgrid_planner_base -- -j16 -l16
