[35m[1mConsolidate compiler generated dependencies of target path_follower_base[0m
[ 66%] Built target occgrid_planner_base
[ 66%] Built target path_optimizer_base
[ 83%] [32mBuilding CXX object CMakeFiles/path_follower_base.dir/src/path_follower.cpp.o[0m
[01m[K/home/GTL/apaul/ros2_hw1/src/occgrid_planner_base/src/path_follower.cpp:[m[K In constructor â€˜[01m[KPathFollower::PathFollower()[m[Kâ€™:
[01m[K/home/GTL/apaul/ros2_hw1/src/occgrid_planner_base/src/path_follower.cpp:136:58:[m[K [01;31m[Kerror: [m[Kâ€˜[01m[Ktarget_cb[m[Kâ€™ is not a member of â€˜[01m[KPathFollower[m[Kâ€™
  136 |                                 std::bind(&PathFollower::[01;31m[Ktarget_cb[m[K,this,std::placeholders::_1));
      |                                                          [01;31m[K^~~~~~~~~[m[K
gmake[2]: *** [CMakeFiles/path_follower_base.dir/build.make:76: CMakeFiles/path_follower_base.dir/src/path_follower.cpp.o] Error 1
gmake[1]: *** [CMakeFiles/Makefile2:193: CMakeFiles/path_follower_base.dir/all] Error 2
gmake: *** [Makefile:146: all] Error 2
