-- The C compiler identification is GNU 11.4.0
-- The CXX compiler identification is GNU 11.4.0
-- Detecting C compiler ABI info
-- Detecting C compiler ABI info - done
-- Check for working C compiler: /usr/bin/cc - skipped
-- Detecting C compile features
-- Detecting C compile features - done
-- Detecting CXX compiler ABI info
-- Detecting CXX compiler ABI info - done
-- Check for working CXX compiler: /usr/bin/c++ - skipped
-- Detecting CXX compile features
-- Detecting CXX compile features - done
-- Found ament_cmake: 1.3.10 (/opt/ros/humble/share/ament_cmake/cmake)
-- Found Python3: /usr/bin/python3 (found version "3.10.12") found components: Interpreter 
-- Found rclcpp: 16.0.10 (/opt/ros/humble/share/rclcpp/cmake)
-- Found rosidl_generator_c: 3.1.5 (/opt/ros/humble/share/rosidl_generator_c/cmake)
-- Found rosidl_adapter: 3.1.5 (/opt/ros/humble/share/rosidl_adapter/cmake)
-- Found rosidl_generator_cpp: 3.1.5 (/opt/ros/humble/share/rosidl_generator_cpp/cmake)
-- Using all available rosidl_typesupport_c: rosidl_typesupport_fastrtps_c;rosidl_typesupport_introspection_c
-- Using all available rosidl_typesupport_cpp: rosidl_typesupport_fastrtps_cpp;rosidl_typesupport_introspection_cpp
-- Found rmw_implementation_cmake: 6.1.2 (/opt/ros/humble/share/rmw_implementation_cmake/cmake)
-- Found rmw_cyclonedds_cpp: 1.3.4 (/opt/ros/humble/share/rmw_cyclonedds_cpp/cmake)
-- Using RMW implementation 'rmw_cyclonedds_cpp' as default
-- Looking for pthread.h
-- Looking for pthread.h - found
-- Performing Test CMAKE_HAVE_LIBC_PTHREAD
-- Performing Test CMAKE_HAVE_LIBC_PTHREAD - Success
-- Found Threads: TRUE  
-- Found sensor_msgs: 4.2.4 (/opt/ros/humble/share/sensor_msgs/cmake)
-- Found nav_msgs: 4.2.4 (/opt/ros/humble/share/nav_msgs/cmake)
-- Found tf2_ros: 0.25.8 (/opt/ros/humble/share/tf2_ros/cmake)
-- Found tf2_geometry_msgs: 0.25.8 (/opt/ros/humble/share/tf2_geometry_msgs/cmake)
-- Found eigen3_cmake_module: 0.1.1 (/opt/ros/humble/share/eigen3_cmake_module/cmake)
-- Found Eigen3: TRUE (found version "3.4.0") 
-- Ensuring Eigen3 include directory is part of orocos-kdl CMake target
-- Found OpenCV: /usr (found version "4.5.4") 
-- Checking for module 'eigen3'
--   Found eigen3, version 3.4.0
-- Found Eigen: /usr/include/eigen3 (Required is at least version "3.1") 
-- Eigen found (include: /usr/include/eigen3, version: 3.4.0)
-- Checking for module 'libusb-1.0'
--   Found libusb-1.0, version 1.0.25
-- Found libusb: /usr/lib/x86_64-linux-gnu/libusb-1.0.so  
-- OpenNI found (version: 1.5.4.0, include: /usr/include/ni, lib: /usr/lib/libOpenNI.so;libusb::libusb)
-- OpenNI2 found (version: 2.2.0.33, include: /usr/include/openni2, lib: /usr/lib/x86_64-linux-gnu/libOpenNI2.so;libusb::libusb)
-- Eigen found (include: /usr/include/eigen3, version: 3.4.0)
-- Found PCL_COMMON: /usr/lib/x86_64-linux-gnu/libpcl_common.so  
-- Found PCL_OCTREE: /usr/lib/x86_64-linux-gnu/libpcl_octree.so  
-- Found PCL_IO: /usr/lib/x86_64-linux-gnu/libpcl_io.so  
-- Found pcl_conversions: 2.4.5 (/opt/ros/humble/share/pcl_conversions/cmake)
-- OpenCV includes: '/usr/include/opencv4'
-- Found ament_lint_auto: 0.12.11 (/opt/ros/humble/share/ament_lint_auto/cmake)
-- Added test 'cppcheck' to perform static code analysis on C / C++ code
-- Configured cppcheck include dirs: $<BUILD_INTERFACE:/home/GTL/apaul/ros2_hw1/src/obstacle_avoidance_base/include>
-- Configured cppcheck exclude dirs and/or files: 
-- Added test 'flake8' to check Python code syntax and style conventions
-- Added test 'lint_cmake' to check CMake code style
-- Added test 'pep257' to check Python code against some of the docstring style conventions in PEP 257
-- Added test 'uncrustify' to check C / C++ code style
-- Configured uncrustify additional arguments: 
-- Added test 'xmllint' to check XML markup files
-- Configuring done
-- Generating done
-- Build files have been written to: /home/GTL/apaul/ros2_hw1/build/obstacle_avoidance_base
[ 50%] [32mBuilding CXX object CMakeFiles/obstacle_avoidance_base.dir/src/obstacle_avoidance.cpp.o[0m
[01m[K/home/GTL/apaul/ros2_hw1/src/obstacle_avoidance_base/src/obstacle_avoidance.cpp:[m[K In member function â€˜[01m[Kgeometry_msgs::msg::Twist ObstacleAvoidance::findClosestAcceptableVelocity(const Twist&)[m[Kâ€™:
[01m[K/home/GTL/apaul/ros2_hw1/src/obstacle_avoidance_base/src/obstacle_avoidance.cpp:217:46:[m[K [01;31m[Kerror: [m[Kâ€˜[01m[Kmax_linear_accel[m[Kâ€™ was not declared in this scope; did you mean â€˜[01m[Kmax_linear_accel_[m[Kâ€™?
  217 |             min_v=current_velocity_.linear.x-[01;31m[Kmax_linear_accel[m[K*time_horizon;
      |                                              [01;31m[K^~~~~~~~~~~~~~~~[m[K
      |                                              [32m[Kmax_linear_accel_[m[K
[01m[K/home/GTL/apaul/ros2_hw1/src/obstacle_avoidance_base/src/obstacle_avoidance.cpp:217:63:[m[K [01;31m[Kerror: [m[Kâ€˜[01m[Ktime_horizon[m[Kâ€™ was not declared in this scope; did you mean â€˜[01m[Ktime_horizon_[m[Kâ€™?
  217 |             min_v=current_velocity_.linear.x-max_linear_accel*[01;31m[Ktime_horizon[m[K;
      |                                                               [01;31m[K^~~~~~~~~~~~[m[K
      |                                                               [32m[Ktime_horizon_[m[K
[01m[K/home/GTL/apaul/ros2_hw1/src/obstacle_avoidance_base/src/obstacle_avoidance.cpp:221:47:[m[K [01;31m[Kerror: [m[Kâ€˜[01m[Kmax_angular_accel[m[Kâ€™ was not declared in this scope; did you mean â€˜[01m[Kmax_angular_accel_[m[Kâ€™?
  221 |             min_w=current_velocity_.angular.z-[01;31m[Kmax_angular_accel[m[K*time_horizon;
      |                                               [01;31m[K^~~~~~~~~~~~~~~~~[m[K
      |                                               [32m[Kmax_angular_accel_[m[K
[01m[K/home/GTL/apaul/ros2_hw1/src/obstacle_avoidance_base/src/obstacle_avoidance.cpp:245:38:[m[K [01;31m[Kerror: [m[Kâ€˜[01m[Kk_v[m[Kâ€™ was not declared in this scope; did you mean â€˜[01m[Kk_v_[m[Kâ€™?
  245 |                     scores(j,i)=exp(-[01;31m[Kk_v[m[K* (v-max_linear_velocity_)*(v-max_linear_velocity_) -k_w*(w-max_angular_velocity_)*(w-max_angular_velocity_));
      |                                      [01;31m[K^~~[m[K
      |                                      [32m[Kk_v_[m[K
[01m[K/home/GTL/apaul/ros2_hw1/src/obstacle_avoidance_base/src/obstacle_avoidance.cpp:245:94:[m[K [01;31m[Kerror: [m[Kâ€˜[01m[Kk_w[m[Kâ€™ was not declared in this scope; did you mean â€˜[01m[Kk_w_[m[Kâ€™?
  245 |        scores(j,i)=exp(-k_v* (v-max_linear_velocity_)*(v-max_linear_velocity_) -[01;31m[Kk_w[m[K*(w-max_angular_velocity_)*(w-max_angular_velocity_));
      |                                                                                 [01;31m[K^~~[m[K
      |                                                                                 [32m[Kk_w_[m[K
gmake[2]: *** [CMakeFiles/obstacle_avoidance_base.dir/build.make:76: CMakeFiles/obstacle_avoidance_base.dir/src/obstacle_avoidance.cpp.o] Error 1
gmake[1]: *** [CMakeFiles/Makefile2:137: CMakeFiles/obstacle_avoidance_base.dir/all] Error 2
gmake: *** [Makefile:146: all] Error 2
