[1.193s] Invoking command in '/home/GTL/apaul/ros2_hw1/build/obstacle_avoidance_base': CMAKE_PREFIX_PATH=/opt/ros/humble /usr/bin/cmake /home/GTL/apaul/ros2_hw1/src/obstacle_avoidance_base -DCMAKE_INSTALL_PREFIX=/home/GTL/apaul/ros2_hw1/install/obstacle_avoidance_base
[1.294s] -- The C compiler identification is GNU 11.4.0
[1.378s] -- The CXX compiler identification is GNU 11.4.0
[1.394s] -- Detecting C compiler ABI info
[1.548s] -- Detecting C compiler ABI info - done
[1.556s] -- Check for working C compiler: /usr/bin/cc - skipped
[1.557s] -- Detecting C compile features
[1.557s] -- Detecting C compile features - done
[1.564s] -- Detecting CXX compiler ABI info
[1.702s] -- Detecting CXX compiler ABI info - done
[1.714s] -- Check for working CXX compiler: /usr/bin/c++ - skipped
[1.714s] -- Detecting CXX compile features
[1.714s] -- Detecting CXX compile features - done
[1.719s] -- Found ament_cmake: 1.3.10 (/opt/ros/humble/share/ament_cmake/cmake)
[1.832s] -- Found Python3: /usr/bin/python3 (found version "3.10.12") found components: Interpreter 
[1.971s] -- Found rclcpp: 16.0.10 (/opt/ros/humble/share/rclcpp/cmake)
[2.011s] -- Found rosidl_generator_c: 3.1.5 (/opt/ros/humble/share/rosidl_generator_c/cmake)
[2.015s] -- Found rosidl_adapter: 3.1.5 (/opt/ros/humble/share/rosidl_adapter/cmake)
[2.045s] -- Found rosidl_generator_cpp: 3.1.5 (/opt/ros/humble/share/rosidl_generator_cpp/cmake)
[2.055s] -- Using all available rosidl_typesupport_c: rosidl_typesupport_fastrtps_c;rosidl_typesupport_introspection_c
[2.068s] -- Using all available rosidl_typesupport_cpp: rosidl_typesupport_fastrtps_cpp;rosidl_typesupport_introspection_cpp
[2.108s] -- Found rmw_implementation_cmake: 6.1.2 (/opt/ros/humble/share/rmw_implementation_cmake/cmake)
[2.112s] -- Found rmw_cyclonedds_cpp: 1.3.4 (/opt/ros/humble/share/rmw_cyclonedds_cpp/cmake)
[2.142s] -- Using RMW implementation 'rmw_cyclonedds_cpp' as default
[2.159s] -- Looking for pthread.h
[2.266s] -- Looking for pthread.h - found
[2.267s] -- Performing Test CMAKE_HAVE_LIBC_PTHREAD
[2.371s] -- Performing Test CMAKE_HAVE_LIBC_PTHREAD - Success
[2.371s] -- Found Threads: TRUE  
[2.412s] -- Found sensor_msgs: 4.2.4 (/opt/ros/humble/share/sensor_msgs/cmake)
[2.439s] -- Found nav_msgs: 4.2.4 (/opt/ros/humble/share/nav_msgs/cmake)
[2.449s] -- Found tf2_ros: 0.25.8 (/opt/ros/humble/share/tf2_ros/cmake)
[2.529s] -- Found tf2_geometry_msgs: 0.25.8 (/opt/ros/humble/share/tf2_geometry_msgs/cmake)
[2.541s] -- Found eigen3_cmake_module: 0.1.1 (/opt/ros/humble/share/eigen3_cmake_module/cmake)
[2.541s] -- Found Eigen3: TRUE (found version "3.4.0") 
[2.541s] -- Ensuring Eigen3 include directory is part of orocos-kdl CMake target
[2.550s] -- Found OpenCV: /usr (found version "4.5.4") 
[2.558s] -- Checking for module 'eigen3'
[2.565s] --   Found eigen3, version 3.4.0
[2.581s] -- Found Eigen: /usr/include/eigen3 (Required is at least version "3.1") 
[2.581s] -- Eigen found (include: /usr/include/eigen3, version: 3.4.0)
[2.627s] -- Checking for module 'libusb-1.0'
[2.634s] --   Found libusb-1.0, version 1.0.25
[2.650s] -- Found libusb: /usr/lib/x86_64-linux-gnu/libusb-1.0.so  
[2.650s] -- OpenNI found (version: 1.5.4.0, include: /usr/include/ni, lib: /usr/lib/libOpenNI.so;libusb::libusb)
[2.676s] -- OpenNI2 found (version: 2.2.0.33, include: /usr/include/openni2, lib: /usr/lib/x86_64-linux-gnu/libOpenNI2.so;libusb::libusb)
[3.838s] -- Eigen found (include: /usr/include/eigen3, version: 3.4.0)
[3.839s] -- Found PCL_COMMON: /usr/lib/x86_64-linux-gnu/libpcl_common.so  
[3.840s] -- Found PCL_OCTREE: /usr/lib/x86_64-linux-gnu/libpcl_octree.so  
[3.840s] -- Found PCL_IO: /usr/lib/x86_64-linux-gnu/libpcl_io.so  
[3.842s] -- Found pcl_conversions: 2.4.5 (/opt/ros/humble/share/pcl_conversions/cmake)
[3.858s] -- OpenCV includes: '/usr/include/opencv4'
[3.864s] -- Found ament_lint_auto: 0.12.11 (/opt/ros/humble/share/ament_lint_auto/cmake)
[3.954s] -- Added test 'cppcheck' to perform static code analysis on C / C++ code
[3.955s] -- Configured cppcheck include dirs: $<BUILD_INTERFACE:/home/GTL/apaul/ros2_hw1/src/obstacle_avoidance_base/include>
[3.955s] -- Configured cppcheck exclude dirs and/or files: 
[3.957s] -- Added test 'flake8' to check Python code syntax and style conventions
[3.960s] -- Added test 'lint_cmake' to check CMake code style
[3.962s] -- Added test 'pep257' to check Python code against some of the docstring style conventions in PEP 257
[3.969s] -- Added test 'uncrustify' to check C / C++ code style
[3.969s] -- Configured uncrustify additional arguments: 
[3.971s] -- Added test 'xmllint' to check XML markup files
[3.990s] -- Configuring done
[4.085s] -- Generating done
[4.102s] -- Build files have been written to: /home/GTL/apaul/ros2_hw1/build/obstacle_avoidance_base
[4.310s] Invoked command in '/home/GTL/apaul/ros2_hw1/build/obstacle_avoidance_base' returned '0': CMAKE_PREFIX_PATH=/opt/ros/humble /usr/bin/cmake /home/GTL/apaul/ros2_hw1/src/obstacle_avoidance_base -DCMAKE_INSTALL_PREFIX=/home/GTL/apaul/ros2_hw1/install/obstacle_avoidance_base
[4.314s] Invoking command in '/home/GTL/apaul/ros2_hw1/build/obstacle_avoidance_base': CMAKE_PREFIX_PATH=/opt/ros/humble /usr/bin/cmake --build /home/GTL/apaul/ros2_hw1/build/obstacle_avoidance_base -- -j16 -l16
[4.641s] [ 50%] [32mBuilding CXX object CMakeFiles/obstacle_avoidance_base.dir/src/obstacle_avoidance.cpp.o[0m
[9.806s] [01m[K/home/GTL/apaul/ros2_hw1/src/obstacle_avoidance_base/src/obstacle_avoidance.cpp:[m[K In member function â€˜[01m[Kgeometry_msgs::msg::Twist ObstacleAvoidance::findClosestAcceptableVelocity(const Twist&)[m[Kâ€™:
[9.807s] [01m[K/home/GTL/apaul/ros2_hw1/src/obstacle_avoidance_base/src/obstacle_avoidance.cpp:217:46:[m[K [01;31m[Kerror: [m[Kâ€˜[01m[Kmax_linear_accel[m[Kâ€™ was not declared in this scope; did you mean â€˜[01m[Kmax_linear_accel_[m[Kâ€™?
[9.807s]   217 |             min_v=current_velocity_.linear.x-[01;31m[Kmax_linear_accel[m[K*time_horizon;
[9.807s]       |                                              [01;31m[K^~~~~~~~~~~~~~~~[m[K
[9.807s]       |                                              [32m[Kmax_linear_accel_[m[K
[9.814s] [01m[K/home/GTL/apaul/ros2_hw1/src/obstacle_avoidance_base/src/obstacle_avoidance.cpp:217:63:[m[K [01;31m[Kerror: [m[Kâ€˜[01m[Ktime_horizon[m[Kâ€™ was not declared in this scope; did you mean â€˜[01m[Ktime_horizon_[m[Kâ€™?
[9.814s]   217 |             min_v=current_velocity_.linear.x-max_linear_accel*[01;31m[Ktime_horizon[m[K;
[9.814s]       |                                                               [01;31m[K^~~~~~~~~~~~[m[K
[9.814s]       |                                                               [32m[Ktime_horizon_[m[K
[9.822s] [01m[K/home/GTL/apaul/ros2_hw1/src/obstacle_avoidance_base/src/obstacle_avoidance.cpp:221:47:[m[K [01;31m[Kerror: [m[Kâ€˜[01m[Kmax_angular_accel[m[Kâ€™ was not declared in this scope; did you mean â€˜[01m[Kmax_angular_accel_[m[Kâ€™?
[9.822s]   221 |             min_w=current_velocity_.angular.z-[01;31m[Kmax_angular_accel[m[K*time_horizon;
[9.822s]       |                                               [01;31m[K^~~~~~~~~~~~~~~~~[m[K
[9.822s]       |                                               [32m[Kmax_angular_accel_[m[K
[9.829s] [01m[K/home/GTL/apaul/ros2_hw1/src/obstacle_avoidance_base/src/obstacle_avoidance.cpp:245:38:[m[K [01;31m[Kerror: [m[Kâ€˜[01m[Kk_v[m[Kâ€™ was not declared in this scope; did you mean â€˜[01m[Kk_v_[m[Kâ€™?
[9.829s]   245 |                     scores(j,i)=exp(-[01;31m[Kk_v[m[K* (v-max_linear_velocity_)*(v-max_linear_velocity_) -k_w*(w-max_angular_velocity_)*(w-max_angular_velocity_));
[9.829s]       |                                      [01;31m[K^~~[m[K
[9.829s]       |                                      [32m[Kk_v_[m[K
[9.836s] [01m[K/home/GTL/apaul/ros2_hw1/src/obstacle_avoidance_base/src/obstacle_avoidance.cpp:245:94:[m[K [01;31m[Kerror: [m[Kâ€˜[01m[Kk_w[m[Kâ€™ was not declared in this scope; did you mean â€˜[01m[Kk_w_[m[Kâ€™?
[9.836s]   245 |        scores(j,i)=exp(-k_v* (v-max_linear_velocity_)*(v-max_linear_velocity_) -[01;31m[Kk_w[m[K*(w-max_angular_velocity_)*(w-max_angular_velocity_));
[9.836s]       |                                                                                 [01;31m[K^~~[m[K
[9.836s]       |                                                                                 [32m[Kk_w_[m[K
[13.649s] gmake[2]: *** [CMakeFiles/obstacle_avoidance_base.dir/build.make:76: CMakeFiles/obstacle_avoidance_base.dir/src/obstacle_avoidance.cpp.o] Error 1
[13.649s] gmake[1]: *** [CMakeFiles/Makefile2:137: CMakeFiles/obstacle_avoidance_base.dir/all] Error 2
[13.649s] gmake: *** [Makefile:146: all] Error 2
