[35m[1mConsolidate compiler generated dependencies of target floornav_TaskGoTo[0m
[35m[1mConsolidate compiler generated dependencies of target floornav_TaskGoToPose[0m
[ 22%] Built target floornav_TaskStareAtFace
[ 22%] Built target floornav_TaskConstant
[ 45%] Built target floornav_TaskSetMux
[ 45%] Built target floornav_TaskWaitForROI
[ 61%] Built target floornav_TaskNav2
[ 61%] Built target floornav_TaskSetHeading
[ 61%] Built target floornav_TaskPlanTo
[ 61%] Built target floornav_TaskTrigger
[ 67%] Built target floornav_TaskWander
[ 74%] Built target floornav_task_server
[ 74%] Built target floornav_TaskSetBool
[ 83%] Built target floornav_TaskAutoDock
[ 87%] Built target floornav_TaskWaitForFace
[ 90%] [32mBuilding CXX object CMakeFiles/floornav_TaskGoToPose.dir/tasks/TaskGoToPose.cpp.o[0m
[ 96%] Built target floornav_TaskGoTo
In file included from [01m[K/home/GTL/apaul/ros2_hw1/src/floor_nav/tasks/TaskGoToPose.cpp:2[m[K:
[01m[K/home/GTL/apaul/ros2_hw1/src/floor_nav/tasks/TaskGoToPose.h:[m[K In constructor â€˜[01m[Kfloor_nav::TaskGoToPoseConfig::TaskGoToPoseConfig()[m[Kâ€™:
[01m[K/home/GTL/apaul/ros2_hw1/src/floor_nav/tasks/TaskGoToPose.h:22:68:[m[K [01;31m[Kerror: [m[Kâ€˜[01m[Kstupid[m[Kâ€™ was not declared in this scope; did you mean â€˜[01m[Ksetuid[m[Kâ€™?
   22 |             define("stupid", true,"Use a stupid control law",true, [01;31m[Kstupid[m[K);
      |                                                                    [01;31m[K^~~~~~[m[K
      |                                                                    [32m[Ksetuid[m[K
[01m[K/home/GTL/apaul/ros2_hw1/src/floor_nav/tasks/TaskGoToPose.cpp:[m[K In member function â€˜[01m[Kvirtual task_manager_lib::TaskIndicator floor_nav::TaskGoToPose::iterate()[m[Kâ€™:
[01m[K/home/GTL/apaul/ros2_hw1/src/floor_nav/tasks/TaskGoToPose.cpp:31:9:[m[K [01;31m[Kerror: [m[Kâ€˜[01m[Kstupid[m[Kâ€™ was not declared in this scope; did you mean â€˜[01m[Ksetuid[m[Kâ€™?
   31 | {   if ([01;31m[Kstupid[m[K==true){
      |         [01;31m[K^~~~~~[m[K
      |         [32m[Ksetuid[m[K
[01m[K/home/GTL/apaul/ros2_hw1/src/floor_nav/tasks/TaskGoToPose.cpp:33:9:[m[K [01;31m[Kerror: [m[Kâ€˜[01m[Kx[m[Kâ€™ was not declared in this scope; did you mean â€˜[01m[Kpcl::fields::x[m[Kâ€™?
   33 |         [01;31m[Kx[m[K = tpose.x;
      |         [01;31m[K^[m[K
      |         [32m[Kpcl::fields::x[m[K
In file included from [01m[K/usr/include/boost/preprocessor/tuple/elem.hpp:23[m[K,
                 from [01m[K/usr/include/boost/preprocessor/arithmetic/add.hpp:21[m[K,
                 from [01m[K/usr/include/boost/mpl/aux_/preprocessor/def_params_tail.hpp:66[m[K,
                 from [01m[K/usr/include/boost/mpl/aux_/na_spec.hpp:28[m[K,
                 from [01m[K/usr/include/boost/mpl/not.hpp:20[m[K,
                 from [01m[K/usr/include/boost/mpl/assert.hpp:17[m[K,
                 from [01m[K/usr/include/pcl-1.12/pcl/point_struct_traits.h:40[m[K,
                 from [01m[K/usr/include/pcl-1.12/pcl/type_traits.h:40[m[K,
                 from [01m[K/usr/include/pcl-1.12/pcl/memory.h:46[m[K,
                 from [01m[K/usr/include/pcl-1.12/pcl/impl/point_types.hpp:41[m[K,
                 from [01m[K/usr/include/pcl-1.12/pcl/point_types.h:354[m[K,
                 from [01m[K/home/GTL/apaul/ros2_hw1/src/floor_nav/include/floor_nav/SimTasksEnv.h:16[m[K,
                 from [01m[K/home/GTL/apaul/ros2_hw1/src/floor_nav/tasks/TaskGoToPose.h:5[m[K,
                 from [01m[K/home/GTL/apaul/ros2_hw1/src/floor_nav/tasks/TaskGoToPose.cpp:2[m[K:
[01m[K/usr/include/pcl-1.12/pcl/impl/point_types.hpp:1941:1:[m[K [01;36m[Knote: [m[Kâ€˜[01m[Kpcl::fields::x[m[Kâ€™ declared here
 1941 | [01;36m[KPOINT_CLOUD_REGISTER_POINT_STRUCT[m[K (pcl::_PointXYZ,
      | [01;36m[K^~~~~~~~~~~~~~~~~~~~~~~~~~~~~~~~~[m[K
[01m[K/home/GTL/apaul/ros2_hw1/src/floor_nav/tasks/TaskGoToPose.cpp:34:9:[m[K [01;31m[Kerror: [m[Kâ€˜[01m[Ky[m[Kâ€™ was not declared in this scope; did you mean â€˜[01m[Kpcl::fields::y[m[Kâ€™?
   34 |         [01;31m[Ky[m[K = tpose.y;
      |         [01;31m[K^[m[K
      |         [32m[Kpcl::fields::y[m[K
In file included from [01m[K/usr/include/boost/preprocessor/tuple/elem.hpp:23[m[K,
                 from [01m[K/usr/include/boost/preprocessor/arithmetic/add.hpp:21[m[K,
                 from [01m[K/usr/include/boost/mpl/aux_/preprocessor/def_params_tail.hpp:66[m[K,
                 from [01m[K/usr/include/boost/mpl/aux_/na_spec.hpp:28[m[K,
                 from [01m[K/usr/include/boost/mpl/not.hpp:20[m[K,
                 from [01m[K/usr/include/boost/mpl/assert.hpp:17[m[K,
                 from [01m[K/usr/include/pcl-1.12/pcl/point_struct_traits.h:40[m[K,
                 from [01m[K/usr/include/pcl-1.12/pcl/type_traits.h:40[m[K,
                 from [01m[K/usr/include/pcl-1.12/pcl/memory.h:46[m[K,
                 from [01m[K/usr/include/pcl-1.12/pcl/impl/point_types.hpp:41[m[K,
                 from [01m[K/usr/include/pcl-1.12/pcl/point_types.h:354[m[K,
                 from [01m[K/home/GTL/apaul/ros2_hw1/src/floor_nav/include/floor_nav/SimTasksEnv.h:16[m[K,
                 from [01m[K/home/GTL/apaul/ros2_hw1/src/floor_nav/tasks/TaskGoToPose.h:5[m[K,
                 from [01m[K/home/GTL/apaul/ros2_hw1/src/floor_nav/tasks/TaskGoToPose.cpp:2[m[K:
[01m[K/usr/include/pcl-1.12/pcl/impl/point_types.hpp:1941:1:[m[K [01;36m[Knote: [m[Kâ€˜[01m[Kpcl::fields::y[m[Kâ€™ declared here
 1941 | [01;36m[KPOINT_CLOUD_REGISTER_POINT_STRUCT[m[K (pcl::_PointXYZ,
      | [01;36m[K^~~~~~~~~~~~~~~~~~~~~~~~~~~~~~~~~[m[K
[01m[K/home/GTL/apaul/ros2_hw1/src/floor_nav/tasks/TaskGoToPose.cpp:35:9:[m[K [01;31m[Kerror: [m[Kâ€˜[01m[Kteta[m[Kâ€™ was not declared in this scope
   35 |         [01;31m[Kteta[m[K = tpose.theta;
      |         [01;31m[K^~~~[m[K
[01m[K/home/GTL/apaul/ros2_hw1/src/floor_nav/tasks/TaskGoToPose.cpp:39:17:[m[K [01;31m[Kerror: [m[Kâ€˜[01m[Kgoal_teta[m[Kâ€™ was not declared in this scope
   39 |             if ([01;31m[Kgoal_teta[m[K-teta<cfg->angle_threshold){
      |                 [01;31m[K^~~~~~~~~[m[K
[01m[K/home/GTL/apaul/ros2_hw1/src/floor_nav/tasks/TaskGoToPose.cpp:43:26:[m[K [01;31m[Kerror: [m[Kâ€˜[01m[Kk_alpha[m[Kâ€™ was not declared in this scope; did you mean â€˜[01m[Kisalpha[m[Kâ€™?
   43 |             double rot = [01;31m[Kk_alpha[m[K*remainder(cfg->goal_teta-teta,2*M_PI);
      |                          [01;31m[K^~~~~~~[m[K
      |                          [32m[Kisalpha[m[K
gmake[2]: *** [CMakeFiles/floornav_TaskGoToPose.dir/build.make:76: CMakeFiles/floornav_TaskGoToPose.dir/tasks/TaskGoToPose.cpp.o] Error 1
gmake[1]: *** [CMakeFiles/Makefile2:321: CMakeFiles/floornav_TaskGoToPose.dir/all] Error 2
gmake: *** [Makefile:146: all] Error 2
