[0.076s] Invoking command in '/home/GTL/apaul/ros2_hw1/build/floor_nav': AMENT_PREFIX_PATH=/home/GTL/apaul/ros2_hw1/install/task_manager_nav2:/home/GTL/apaul/ros2_hw1/install/task_manager_lib:/home/GTL/apaul/ros2_hw1/install/task_manager_msgs:/home/GTL/apaul/ros2_hw1/install/face_msg:/home/GTL/apaul/ros2_hw1/install/cs7630_msgs:${AMENT_PREFIX_PATH} CMAKE_PREFIX_PATH=/home/GTL/apaul/ros2_hw1/install/task_manager_nav2:/home/GTL/apaul/ros2_hw1/install/task_manager_lib:/home/GTL/apaul/ros2_hw1/install/task_manager_msgs:/home/GTL/apaul/ros2_hw1/install/face_msg:/home/GTL/apaul/ros2_hw1/install/cs7630_msgs:/opt/ros/humble LD_LIBRARY_PATH=/home/GTL/apaul/ros2_hw1/install/task_manager_lib/lib:/home/GTL/apaul/ros2_hw1/install/task_manager_msgs/lib:/home/GTL/apaul/ros2_hw1/install/face_msg/lib:/home/GTL/apaul/ros2_hw1/install/cs7630_msgs/lib:${LD_LIBRARY_PATH} PYTHONPATH=/home/GTL/apaul/ros2_hw1/install/task_manager_msgs/local/lib/python3.10/dist-packages:/home/GTL/apaul/ros2_hw1/install/face_msg/local/lib/python3.10/dist-packages:/home/GTL/apaul/ros2_hw1/install/cs7630_msgs/local/lib/python3.10/dist-packages:${PYTHONPATH} /usr/bin/cmake --build /home/GTL/apaul/ros2_hw1/build/floor_nav -- -j16 -l16
[0.170s] [35m[1mConsolidate compiler generated dependencies of target floornav_TaskGoTo[0m
[0.193s] [35m[1mConsolidate compiler generated dependencies of target floornav_TaskGoToPose[0m
[0.228s] [ 22%] Built target floornav_TaskStareAtFace
[0.228s] [ 22%] Built target floornav_TaskConstant
[0.228s] [ 45%] Built target floornav_TaskSetMux
[0.235s] [ 45%] Built target floornav_TaskWaitForROI
[0.237s] [ 61%] Built target floornav_TaskNav2
[0.237s] [ 61%] Built target floornav_TaskSetHeading
[0.237s] [ 61%] Built target floornav_TaskPlanTo
[0.238s] [ 61%] Built target floornav_TaskTrigger
[0.239s] [ 67%] Built target floornav_TaskWander
[0.240s] [ 74%] Built target floornav_task_server
[0.240s] [ 74%] Built target floornav_TaskSetBool
[0.247s] [ 83%] Built target floornav_TaskAutoDock
[0.249s] [ 87%] Built target floornav_TaskWaitForFace
[0.271s] [ 90%] [32mBuilding CXX object CMakeFiles/floornav_TaskGoToPose.dir/tasks/TaskGoToPose.cpp.o[0m
[0.303s] [ 96%] Built target floornav_TaskGoTo
[3.925s] In file included from [01m[K/home/GTL/apaul/ros2_hw1/src/floor_nav/tasks/TaskGoToPose.cpp:2[m[K:
[3.925s] [01m[K/home/GTL/apaul/ros2_hw1/src/floor_nav/tasks/TaskGoToPose.h:[m[K In constructor â€˜[01m[Kfloor_nav::TaskGoToPoseConfig::TaskGoToPoseConfig()[m[Kâ€™:
[3.925s] [01m[K/home/GTL/apaul/ros2_hw1/src/floor_nav/tasks/TaskGoToPose.h:22:68:[m[K [01;31m[Kerror: [m[Kâ€˜[01m[Kstupid[m[Kâ€™ was not declared in this scope; did you mean â€˜[01m[Ksetuid[m[Kâ€™?
[3.925s]    22 |             define("stupid", true,"Use a stupid control law",true, [01;31m[Kstupid[m[K);
[3.926s]       |                                                                    [01;31m[K^~~~~~[m[K
[3.926s]       |                                                                    [32m[Ksetuid[m[K
[3.936s] [01m[K/home/GTL/apaul/ros2_hw1/src/floor_nav/tasks/TaskGoToPose.cpp:[m[K In member function â€˜[01m[Kvirtual task_manager_lib::TaskIndicator floor_nav::TaskGoToPose::iterate()[m[Kâ€™:
[3.936s] [01m[K/home/GTL/apaul/ros2_hw1/src/floor_nav/tasks/TaskGoToPose.cpp:31:9:[m[K [01;31m[Kerror: [m[Kâ€˜[01m[Kstupid[m[Kâ€™ was not declared in this scope; did you mean â€˜[01m[Ksetuid[m[Kâ€™?
[3.936s]    31 | {   if ([01;31m[Kstupid[m[K==true){
[3.936s]       |         [01;31m[K^~~~~~[m[K
[3.936s]       |         [32m[Ksetuid[m[K
[3.937s] [01m[K/home/GTL/apaul/ros2_hw1/src/floor_nav/tasks/TaskGoToPose.cpp:33:9:[m[K [01;31m[Kerror: [m[Kâ€˜[01m[Kx[m[Kâ€™ was not declared in this scope; did you mean â€˜[01m[Kpcl::fields::x[m[Kâ€™?
[3.937s]    33 |         [01;31m[Kx[m[K = tpose.x;
[3.937s]       |         [01;31m[K^[m[K
[3.937s]       |         [32m[Kpcl::fields::x[m[K
[3.937s] In file included from [01m[K/usr/include/boost/preprocessor/tuple/elem.hpp:23[m[K,
[3.937s]                  from [01m[K/usr/include/boost/preprocessor/arithmetic/add.hpp:21[m[K,
[3.937s]                  from [01m[K/usr/include/boost/mpl/aux_/preprocessor/def_params_tail.hpp:66[m[K,
[3.937s]                  from [01m[K/usr/include/boost/mpl/aux_/na_spec.hpp:28[m[K,
[3.937s]                  from [01m[K/usr/include/boost/mpl/not.hpp:20[m[K,
[3.937s]                  from [01m[K/usr/include/boost/mpl/assert.hpp:17[m[K,
[3.937s]                  from [01m[K/usr/include/pcl-1.12/pcl/point_struct_traits.h:40[m[K,
[3.937s]                  from [01m[K/usr/include/pcl-1.12/pcl/type_traits.h:40[m[K,
[3.937s]                  from [01m[K/usr/include/pcl-1.12/pcl/memory.h:46[m[K,
[3.937s]                  from [01m[K/usr/include/pcl-1.12/pcl/impl/point_types.hpp:41[m[K,
[3.937s]                  from [01m[K/usr/include/pcl-1.12/pcl/point_types.h:354[m[K,
[3.937s]                  from [01m[K/home/GTL/apaul/ros2_hw1/src/floor_nav/include/floor_nav/SimTasksEnv.h:16[m[K,
[3.937s]                  from [01m[K/home/GTL/apaul/ros2_hw1/src/floor_nav/tasks/TaskGoToPose.h:5[m[K,
[3.937s]                  from [01m[K/home/GTL/apaul/ros2_hw1/src/floor_nav/tasks/TaskGoToPose.cpp:2[m[K:
[3.937s] [01m[K/usr/include/pcl-1.12/pcl/impl/point_types.hpp:1941:1:[m[K [01;36m[Knote: [m[Kâ€˜[01m[Kpcl::fields::x[m[Kâ€™ declared here
[3.937s]  1941 | [01;36m[KPOINT_CLOUD_REGISTER_POINT_STRUCT[m[K (pcl::_PointXYZ,
[3.937s]       | [01;36m[K^~~~~~~~~~~~~~~~~~~~~~~~~~~~~~~~~[m[K
[3.937s] [01m[K/home/GTL/apaul/ros2_hw1/src/floor_nav/tasks/TaskGoToPose.cpp:34:9:[m[K [01;31m[Kerror: [m[Kâ€˜[01m[Ky[m[Kâ€™ was not declared in this scope; did you mean â€˜[01m[Kpcl::fields::y[m[Kâ€™?
[3.937s]    34 |         [01;31m[Ky[m[K = tpose.y;
[3.938s]       |         [01;31m[K^[m[K
[3.938s]       |         [32m[Kpcl::fields::y[m[K
[3.938s] In file included from [01m[K/usr/include/boost/preprocessor/tuple/elem.hpp:23[m[K,
[3.938s]                  from [01m[K/usr/include/boost/preprocessor/arithmetic/add.hpp:21[m[K,
[3.938s]                  from [01m[K/usr/include/boost/mpl/aux_/preprocessor/def_params_tail.hpp:66[m[K,
[3.938s]                  from [01m[K/usr/include/boost/mpl/aux_/na_spec.hpp:28[m[K,
[3.938s]                  from [01m[K/usr/include/boost/mpl/not.hpp:20[m[K,
[3.938s]                  from [01m[K/usr/include/boost/mpl/assert.hpp:17[m[K,
[3.938s]                  from [01m[K/usr/include/pcl-1.12/pcl/point_struct_traits.h:40[m[K,
[3.938s]                  from [01m[K/usr/include/pcl-1.12/pcl/type_traits.h:40[m[K,
[3.938s]                  from [01m[K/usr/include/pcl-1.12/pcl/memory.h:46[m[K,
[3.938s]                  from [01m[K/usr/include/pcl-1.12/pcl/impl/point_types.hpp:41[m[K,
[3.938s]                  from [01m[K/usr/include/pcl-1.12/pcl/point_types.h:354[m[K,
[3.938s]                  from [01m[K/home/GTL/apaul/ros2_hw1/src/floor_nav/include/floor_nav/SimTasksEnv.h:16[m[K,
[3.938s]                  from [01m[K/home/GTL/apaul/ros2_hw1/src/floor_nav/tasks/TaskGoToPose.h:5[m[K,
[3.938s]                  from [01m[K/home/GTL/apaul/ros2_hw1/src/floor_nav/tasks/TaskGoToPose.cpp:2[m[K:
[3.938s] [01m[K/usr/include/pcl-1.12/pcl/impl/point_types.hpp:1941:1:[m[K [01;36m[Knote: [m[Kâ€˜[01m[Kpcl::fields::y[m[Kâ€™ declared here
[3.938s]  1941 | [01;36m[KPOINT_CLOUD_REGISTER_POINT_STRUCT[m[K (pcl::_PointXYZ,
[3.938s]       | [01;36m[K^~~~~~~~~~~~~~~~~~~~~~~~~~~~~~~~~[m[K
[3.942s] [01m[K/home/GTL/apaul/ros2_hw1/src/floor_nav/tasks/TaskGoToPose.cpp:35:9:[m[K [01;31m[Kerror: [m[Kâ€˜[01m[Kteta[m[Kâ€™ was not declared in this scope
[3.942s]    35 |         [01;31m[Kteta[m[K = tpose.theta;
[3.942s]       |         [01;31m[K^~~~[m[K
[3.948s] [01m[K/home/GTL/apaul/ros2_hw1/src/floor_nav/tasks/TaskGoToPose.cpp:39:17:[m[K [01;31m[Kerror: [m[Kâ€˜[01m[Kgoal_teta[m[Kâ€™ was not declared in this scope
[3.948s]    39 |             if ([01;31m[Kgoal_teta[m[K-teta<cfg->angle_threshold){
[3.948s]       |                 [01;31m[K^~~~~~~~~[m[K
[3.953s] [01m[K/home/GTL/apaul/ros2_hw1/src/floor_nav/tasks/TaskGoToPose.cpp:43:26:[m[K [01;31m[Kerror: [m[Kâ€˜[01m[Kk_alpha[m[Kâ€™ was not declared in this scope; did you mean â€˜[01m[Kisalpha[m[Kâ€™?
[3.953s]    43 |             double rot = [01;31m[Kk_alpha[m[K*remainder(cfg->goal_teta-teta,2*M_PI);
[3.953s]       |                          [01;31m[K^~~~~~~[m[K
[3.953s]       |                          [32m[Kisalpha[m[K
[4.448s] gmake[2]: *** [CMakeFiles/floornav_TaskGoToPose.dir/build.make:76: CMakeFiles/floornav_TaskGoToPose.dir/tasks/TaskGoToPose.cpp.o] Error 1
[4.448s] gmake[1]: *** [CMakeFiles/Makefile2:321: CMakeFiles/floornav_TaskGoToPose.dir/all] Error 2
[4.449s] gmake: *** [Makefile:146: all] Error 2
[4.451s] Invoked command in '/home/GTL/apaul/ros2_hw1/build/floor_nav' returned '2': AMENT_PREFIX_PATH=/home/GTL/apaul/ros2_hw1/install/task_manager_nav2:/home/GTL/apaul/ros2_hw1/install/task_manager_lib:/home/GTL/apaul/ros2_hw1/install/task_manager_msgs:/home/GTL/apaul/ros2_hw1/install/face_msg:/home/GTL/apaul/ros2_hw1/install/cs7630_msgs:${AMENT_PREFIX_PATH} CMAKE_PREFIX_PATH=/home/GTL/apaul/ros2_hw1/install/task_manager_nav2:/home/GTL/apaul/ros2_hw1/install/task_manager_lib:/home/GTL/apaul/ros2_hw1/install/task_manager_msgs:/home/GTL/apaul/ros2_hw1/install/face_msg:/home/GTL/apaul/ros2_hw1/install/cs7630_msgs:/opt/ros/humble LD_LIBRARY_PATH=/home/GTL/apaul/ros2_hw1/install/task_manager_lib/lib:/home/GTL/apaul/ros2_hw1/install/task_manager_msgs/lib:/home/GTL/apaul/ros2_hw1/install/face_msg/lib:/home/GTL/apaul/ros2_hw1/install/cs7630_msgs/lib:${LD_LIBRARY_PATH} PYTHONPATH=/home/GTL/apaul/ros2_hw1/install/task_manager_msgs/local/lib/python3.10/dist-packages:/home/GTL/apaul/ros2_hw1/install/face_msg/local/lib/python3.10/dist-packages:/home/GTL/apaul/ros2_hw1/install/cs7630_msgs/local/lib/python3.10/dist-packages:${PYTHONPATH} /usr/bin/cmake --build /home/GTL/apaul/ros2_hw1/build/floor_nav -- -j16 -l16
