[0.021s] Invoking command in '/home/GTL/apaul/ros2_hw1/build/joy_pack': CMAKE_PREFIX_PATH=${CMAKE_PREFIX_PATH}:/opt/ros/humble /usr/bin/cmake --build /home/GTL/apaul/ros2_hw1/build/joy_pack -- -j16 -l16
[0.055s] [35m[1mConsolidate compiler generated dependencies of target listener[0m
[0.141s] [ 50%] [32mBuilding CXX object CMakeFiles/listener.dir/src/joy_function.cpp.o[0m
[1.453s] [01m[K/home/GTL/apaul/ros2_hw1/src/joy_pack/src/joy_function.cpp:15:5:[m[K [01;31m[Kerror: [m[KISO C++ forbids declaration of â€˜[01m[KJoyNode[m[Kâ€™ with no type [[01;31m[K]8;;https://gcc.gnu.org/onlinedocs/gcc/Warning-Options.html#index-fpermissive-fpermissive]8;;[m[K]
[1.453s]    15 |     [01;31m[KJoyNode[m[K()
[1.453s]       |     [01;31m[K^~~~~~~[m[K
[1.476s] [01m[K/home/GTL/apaul/ros2_hw1/src/joy_pack/src/joy_function.cpp:55:36:[m[K [01;31m[Kerror: [m[Kâ€˜[01m[KString[m[Kâ€™ is not a member of â€˜[01m[Kstd_msgs::msg[m[Kâ€™
[1.476s]    55 |   rclcpp::Publisher<std_msgs::msg::[01;31m[KString[m[K>::SharedPtr publisher_;
[1.476s]       |                                    [01;31m[K^~~~~~[m[K
[1.476s] [01m[K/home/GTL/apaul/ros2_hw1/src/joy_pack/src/joy_function.cpp:55:42:[m[K [01;31m[Kerror: [m[Ktemplate argument 1 is invalid
[1.476s]    55 |   rclcpp::Publisher<std_msgs::msg::String[01;31m[K>[m[K::SharedPtr publisher_;
[1.476s]       |                                          [01;31m[K^[m[K
[1.476s] [01m[K/home/GTL/apaul/ros2_hw1/src/joy_pack/src/joy_function.cpp:55:45:[m[K [01;31m[Kerror: [m[Kexpected â€˜[01m[K;[m[Kâ€™ at end of member declaration
[1.476s]    55 |   rclcpp::Publisher<std_msgs::msg::String>::[01;31m[KSharedPtr[m[K publisher_;
[1.476s]       |                                             [01;31m[K^~~~~~~~~[m[K
[1.476s]       |                                                      [32m[K;[m[K
[1.477s] [01m[K/home/GTL/apaul/ros2_hw1/src/joy_pack/src/joy_function.cpp:55:55:[m[K [01;31m[Kerror: [m[Kâ€˜[01m[Kpublisher_[m[Kâ€™ does not name a type; did you mean â€˜[01m[Krmw_publisher_t[m[Kâ€™?
[1.477s]    55 |   rclcpp::Publisher<std_msgs::msg::String>::SharedPtr [01;31m[Kpublisher_[m[K;
[1.477s]       |                                                       [01;31m[K^~~~~~~~~~[m[K
[1.477s]       |                                                       [32m[Krmw_publisher_t[m[K
[1.477s] [01m[K/home/GTL/apaul/ros2_hw1/src/joy_pack/src/joy_function.cpp:[m[K In member function â€˜[01m[Kint JoySubscriber::JoyNode()[m[Kâ€™:
[1.477s] [01m[K/home/GTL/apaul/ros2_hw1/src/joy_pack/src/joy_function.cpp:16:7:[m[K [01;31m[Kerror: [m[Konly constructors take member initializers
[1.477s]    16 |     : [01;31m[KNode[m[K("joy_subscriber")
[1.477s]       |       [01;31m[K^~~~[m[K
[1.478s] [01m[K/home/GTL/apaul/ros2_hw1/src/joy_pack/src/joy_function.cpp:19:29:[m[K [01;31m[Kerror: [m[Kâ€˜[01m[KJoyNode[m[Kâ€™ is not a class, namespace, or enumeration
[1.478s]    19 |       "joy", 10, std::bind(&[01;31m[KJoyNode[m[K::topic_callback, this, _1));
[1.478s]       |                             [01;31m[K^~~~~~~[m[K
[1.481s] [01m[K/home/GTL/apaul/ros2_hw1/src/joy_pack/src/joy_function.cpp:21:7:[m[K [01;31m[Kerror: [m[Kâ€˜[01m[Kpublisher_[m[Kâ€™ was not declared in this scope; did you mean â€˜[01m[Krmw_publisher_t[m[Kâ€™?
[1.481s]    21 |       [01;31m[Kpublisher_[m[K = this->create_publisher<sensor_msgs::msg::Joy>(
[1.481s]       |       [01;31m[K^~~~~~~~~~[m[K
[1.481s]       |       [32m[Krmw_publisher_t[m[K
[1.481s] [01m[K/home/GTL/apaul/ros2_hw1/src/joy_pack/src/joy_function.cpp:22:45:[m[K [01;31m[Kerror: [m[Kâ€˜[01m[KJoyNode[m[Kâ€™ is not a class, namespace, or enumeration
[1.481s]    22 |         "vrep/twistCommand", 10, std::bind(&[01;31m[KJoyNode[m[K::topic_callback, this, _1));
[1.481s]       |                                             [01;31m[K^~~~~~~[m[K
[1.481s] [01m[K/home/GTL/apaul/ros2_hw1/src/joy_pack/src/joy_function.cpp:24:11:[m[K [01;31m[Kerror: [m[Kunable to find numeric literal operator â€˜[01m[Koperator""ms[m[Kâ€™
[1.481s]    24 |           [01;31m[K10ms[m[K, std::bind(&JoyNode::timer_callback, this));
[1.481s]       |           [01;31m[K^~~~[m[K
[1.481s] [01m[K/home/GTL/apaul/ros2_hw1/src/joy_pack/src/joy_function.cpp:24:28:[m[K [01;31m[Kerror: [m[Kâ€˜[01m[KJoyNode[m[Kâ€™ is not a class, namespace, or enumeration
[1.481s]    24 |           10ms, std::bind(&[01;31m[KJoyNode[m[K::timer_callback, this));
[1.482s]       |                            [01;31m[K^~~~~~~[m[K
[1.482s] [01m[K/home/GTL/apaul/ros2_hw1/src/joy_pack/src/joy_function.cpp:25:5:[m[K [01;35m[Kwarning: [m[Kno return statement in function returning non-void [[01;35m[K]8;;https://gcc.gnu.org/onlinedocs/gcc/Warning-Options.html#index-Wreturn-type-Wreturn-type]8;;[m[K]
[1.482s]    25 |     [01;35m[K}[m[K
[1.482s]       |     [01;35m[K^[m[K
[1.482s] [01m[K/home/GTL/apaul/ros2_hw1/src/joy_pack/src/joy_function.cpp:[m[K In member function â€˜[01m[Kvoid JoySubscriber::timer_callback()[m[Kâ€™:
[1.482s] [01m[K/home/GTL/apaul/ros2_hw1/src/joy_pack/src/joy_function.cpp:48:45:[m[K [01;31m[Kerror: [m[Kexpected primary-expression before â€˜[01m[K;[m[Kâ€™ token
[1.482s]    48 |     auto message = geometry_msgs::msg::Twist[01;31m[K;[m[K
[1.483s]       |                                             [01;31m[K^[m[K
[1.483s] [01m[K/home/GTL/apaul/ros2_hw1/src/joy_pack/src/joy_function.cpp:49:23:[m[K [01;31m[Kerror: [m[Kâ€˜[01m[Kmsg[m[Kâ€™ was not declared in this scope
[1.483s]    49 |     message.linear = [[01;31m[Kmsg[m[K.axes[1]+msg.axes[3],msg.axes[0]+msg.axes[2],0];
[1.483s]       |                       [01;31m[K^~~[m[K
[1.483s] [01m[K/home/GTL/apaul/ros2_hw1/src/joy_pack/src/joy_function.cpp:49:23:[m[K [01;36m[Knote: [m[Ksuggested alternatives:
[1.483s] In file included from [01m[K/opt/ros/humble/include/builtin_interfaces/builtin_interfaces/msg/duration.hpp:7[m[K,
[1.483s]                  from [01m[K/opt/ros/humble/include/rclcpp/rclcpp/duration.hpp:20[m[K,
[1.483s]                  from [01m[K/opt/ros/humble/include/rclcpp/rclcpp/qos.hpp:20[m[K,
[1.483s]                  from [01m[K/opt/ros/humble/include/rclcpp/rclcpp/node_interfaces/node_graph_interface.hpp:32[m[K,
[1.483s]                  from [01m[K/opt/ros/humble/include/rclcpp/rclcpp/client.hpp:42[m[K,
[1.483s]                  from [01m[K/opt/ros/humble/include/rclcpp/rclcpp/callback_group.hpp:24[m[K,
[1.483s]                  from [01m[K/opt/ros/humble/include/rclcpp/rclcpp/any_executable.hpp:20[m[K,
[1.483s]                  from [01m[K/opt/ros/humble/include/rclcpp/rclcpp/memory_strategy.hpp:25[m[K,
[1.483s]                  from [01m[K/opt/ros/humble/include/rclcpp/rclcpp/memory_strategies.hpp:18[m[K,
[1.483s]                  from [01m[K/opt/ros/humble/include/rclcpp/rclcpp/executor_options.hpp:20[m[K,
[1.483s]                  from [01m[K/opt/ros/humble/include/rclcpp/rclcpp/executor.hpp:37[m[K,
[1.483s]                  from [01m[K/opt/ros/humble/include/rclcpp/rclcpp/executors/multi_threaded_executor.hpp:25[m[K,
[1.483s]                  from [01m[K/opt/ros/humble/include/rclcpp/rclcpp/executors.hpp:21[m[K,
[1.483s]                  from [01m[K/opt/ros/humble/include/rclcpp/rclcpp/rclcpp.hpp:155[m[K,
[1.483s]                  from [01m[K/home/GTL/apaul/ros2_hw1/src/joy_pack/src/joy_function.cpp:6[m[K:
[1.483s] [01m[K/opt/ros/humble/include/builtin_interfaces/builtin_interfaces/msg/detail/duration__struct.hpp:27:11:[m[K [01;36m[Knote: [m[K  â€˜[01m[Kbuiltin_interfaces::msg[m[Kâ€™
[1.483s]    27 | namespace [01;36m[Kmsg[m[K
[1.484s]       |           [01;36m[K^~~[m[K
[1.484s] In file included from [01m[K/opt/ros/humble/include/rcl_interfaces/rcl_interfaces/msg/set_parameters_result.hpp:7[m[K,
[1.484s]                  from [01m[K/opt/ros/humble/include/rclcpp/rclcpp/qos_overriding_options.hpp:28[m[K,
[1.484s]                  from [01m[K/opt/ros/humble/include/rclcpp/rclcpp/subscription_options.hpp:30[m[K,
[1.484s]                  from [01m[K/opt/ros/humble/include/rclcpp/rclcpp/subscription.hpp:45[m[K,
[1.484s]                  from [01m[K/opt/ros/humble/include/rclcpp/rclcpp/any_executable.hpp:25[m[K,
[1.484s]                  from [01m[K/opt/ros/humble/include/rclcpp/rclcpp/memory_strategy.hpp:25[m[K,
[1.484s]                  from [01m[K/opt/ros/humble/include/rclcpp/rclcpp/memory_strategies.hpp:18[m[K,
[1.484s]                  from [01m[K/opt/ros/humble/include/rclcpp/rclcpp/executor_options.hpp:20[m[K,
[1.484s]                  from [01m[K/opt/ros/humble/include/rclcpp/rclcpp/executor.hpp:37[m[K,
[1.484s]                  from [01m[K/opt/ros/humble/include/rclcpp/rclcpp/executors/multi_threaded_executor.hpp:25[m[K,
[1.484s]                  from [01m[K/opt/ros/humble/include/rclcpp/rclcpp/executors.hpp:21[m[K,
[1.484s]                  from [01m[K/opt/ros/humble/include/rclcpp/rclcpp/rclcpp.hpp:155[m[K,
[1.484s]                  from [01m[K/home/GTL/apaul/ros2_hw1/src/joy_pack/src/joy_function.cpp:6[m[K:
[1.484s] [01m[K/opt/ros/humble/include/rcl_interfaces/rcl_interfaces/msg/detail/set_parameters_result__struct.hpp:27:11:[m[K [01;36m[Knote: [m[K  â€˜[01m[Krcl_interfaces::msg[m[Kâ€™
[1.484s]    27 | namespace [01;36m[Kmsg[m[K
[1.484s]       |           [01;36m[K^~~[m[K
[1.484s] In file included from [01m[K/opt/ros/humble/include/statistics_msgs/statistics_msgs/msg/detail/metrics_message__struct.hpp:23[m[K,
[1.484s]                  from [01m[K/opt/ros/humble/include/statistics_msgs/statistics_msgs/msg/metrics_message.hpp:7[m[K,
[1.484s]                  from [01m[K/opt/ros/humble/include/libstatistics_collector/libstatistics_collector/collector/generate_statistics_message.hpp:21[m[K,
[1.484s]                  from [01m[K/opt/ros/humble/include/rclcpp/rclcpp/topic_statistics/subscription_topic_statistics.hpp:23[m[K,
[1.484s]                  from [01m[K/opt/ros/humble/include/rclcpp/rclcpp/subscription.hpp:50[m[K,
[1.484s]                  from [01m[K/opt/ros/humble/include/rclcpp/rclcpp/any_executable.hpp:25[m[K,
[1.484s]                  from [01m[K/opt/ros/humble/include/rclcpp/rclcpp/memory_strategy.hpp:25[m[K,
[1.484s]                  from [01m[K/opt/ros/humble/include/rclcpp/rclcpp/memory_strategies.hpp:18[m[K,
[1.484s]                  from [01m[K/opt/ros/humble/include/rclcpp/rclcpp/executor_options.hpp:20[m[K,
[1.484s]                  from [01m[K/opt/ros/humble/include/rclcpp/rclcpp/executor.hpp:37[m[K,
[1.484s]                  from [01m[K/opt/ros/humble/include/rclcpp/rclcpp/executors/multi_threaded_executor.hpp:25[m[K,
[1.485s]                  from [01m[K/opt/ros/humble/include/rclcpp/rclcpp/executors.hpp:21[m[K,
[1.485s]                  from [01m[K/opt/ros/humble/include/rclcpp/rclcpp/rclcpp.hpp:155[m[K,
[1.485s]                  from [01m[K/home/GTL/apaul/ros2_hw1/src/joy_pack/src/joy_function.cpp:6[m[K:
[1.485s] [01m[K/opt/ros/humble/include/statistics_msgs/statistics_msgs/msg/detail/statistic_data_point__struct.hpp:27:11:[m[K [01;36m[Knote: [m[K  â€˜[01m[Kstatistics_msgs::msg[m[Kâ€™
[1.485s]    27 | namespace [01;36m[Kmsg[m[K
[1.485s]       |           [01;36m[K^~~[m[K
[1.485s] In file included from [01m[K/opt/ros/humble/include/sensor_msgs/sensor_msgs/msg/detail/joy__struct.hpp:20[m[K,
[1.485s]                  from [01m[K/opt/ros/humble/include/sensor_msgs/sensor_msgs/msg/joy.hpp:7[m[K,
[1.485s]                  from [01m[K/home/GTL/apaul/ros2_hw1/src/joy_pack/src/joy_function.cpp:7[m[K:
[1.485s] [01m[K/opt/ros/humble/include/std_msgs/std_msgs/msg/detail/header__struct.hpp:31:11:[m[K [01;36m[Knote: [m[K  â€˜[01m[Kstd_msgs::msg[m[Kâ€™
[1.485s]    31 | namespace [01;36m[Kmsg[m[K
[1.485s]       |           [01;36m[K^~~[m[K
[1.485s] In file included from [01m[K/opt/ros/humble/include/sensor_msgs/sensor_msgs/msg/joy.hpp:7[m[K,
[1.485s]                  from [01m[K/home/GTL/apaul/ros2_hw1/src/joy_pack/src/joy_function.cpp:7[m[K:
[1.485s] [01m[K/opt/ros/humble/include/sensor_msgs/sensor_msgs/msg/detail/joy__struct.hpp:31:11:[m[K [01;36m[Knote: [m[K  â€˜[01m[Ksensor_msgs::msg[m[Kâ€™
[1.485s]    31 | namespace [01;36m[Kmsg[m[K
[1.485s]       |           [01;36m[K^~~[m[K
[1.485s] In file included from [01m[K/opt/ros/humble/include/geometry_msgs/geometry_msgs/msg/detail/twist__struct.hpp:21[m[K,
[1.485s]                  from [01m[K/opt/ros/humble/include/geometry_msgs/geometry_msgs/msg/twist.hpp:7[m[K,
[1.485s]                  from [01m[K/home/GTL/apaul/ros2_hw1/src/joy_pack/src/joy_function.cpp:8[m[K:
[1.485s] [01m[K/opt/ros/humble/include/geometry_msgs/geometry_msgs/msg/detail/vector3__struct.hpp:27:11:[m[K [01;36m[Knote: [m[K  â€˜[01m[Kgeometry_msgs::msg[m[Kâ€™
[1.485s]    27 | namespace [01;36m[Kmsg[m[K
[1.485s]       |           [01;36m[K^~~[m[K
[1.485s] [01m[K/home/GTL/apaul/ros2_hw1/src/joy_pack/src/joy_function.cpp:49:26:[m[K [01;31m[Kerror: [m[Kexpected â€˜[01m[K,[m[Kâ€™ before â€˜[01m[K.[m[Kâ€™ token
[1.485s]    49 |     message.linear = [msg[01;31m[K.[m[Kaxes[1]+msg.axes[3],msg.axes[0]+msg.axes[2],0];
[1.485s]       |                          [01;31m[K^[m[K
[1.485s] [01m[K/home/GTL/apaul/ros2_hw1/src/joy_pack/src/joy_function.cpp:49:26:[m[K [01;31m[Kerror: [m[Kexpected identifier before â€˜[01m[K.[m[Kâ€™ token
[1.485s] [01m[K/home/GTL/apaul/ros2_hw1/src/joy_pack/src/joy_function.cpp:49:46:[m[K [01;31m[Kerror: [m[Kexpected â€˜[01m[K][m[Kâ€™ before â€˜[01m[K,[m[Kâ€™ token
[1.485s]    49 |     message.linear = [msg.axes[1]+msg.axes[3][01;31m[K,[m[Kmsg.axes[0]+msg.axes[2],0];
[1.485s]       |                                              [01;31m[K^[m[K
[1.485s] [01m[K/home/GTL/apaul/ros2_hw1/src/joy_pack/src/joy_function.cpp:[m[K In lambda function:
[1.485s] [01m[K/home/GTL/apaul/ros2_hw1/src/joy_pack/src/joy_function.cpp:49:46:[m[K [01;31m[Kerror: [m[Kexpected â€˜[01m[K{[m[Kâ€™ before â€˜[01m[K,[m[Kâ€™ token
[1.485s] [01m[K/home/GTL/apaul/ros2_hw1/src/joy_pack/src/joy_function.cpp:[m[K In member function â€˜[01m[Kvoid JoySubscriber::timer_callback()[m[Kâ€™:
[1.485s] [01m[K/home/GTL/apaul/ros2_hw1/src/joy_pack/src/joy_function.cpp:50:24:[m[K [01;31m[Kerror: [m[Kexpected identifier before numeric constant
[1.486s]    50 |     message.angular = [[01;31m[K0[m[K,0,0];
[1.486s]       |                        [01;31m[K^[m[K
[1.486s] [01m[K/home/GTL/apaul/ros2_hw1/src/joy_pack/src/joy_function.cpp:50:25:[m[K [01;31m[Kerror: [m[Kexpected â€˜[01m[K][m[Kâ€™ before â€˜[01m[K,[m[Kâ€™ token
[1.486s]    50 |     message.angular = [0[01;31m[K,[m[K0,0];
[1.486s]       |                         [01;31m[K^[m[K
[1.486s] [01m[K/home/GTL/apaul/ros2_hw1/src/joy_pack/src/joy_function.cpp:[m[K In lambda function:
[1.486s] [01m[K/home/GTL/apaul/ros2_hw1/src/joy_pack/src/joy_function.cpp:50:25:[m[K [01;31m[Kerror: [m[Kexpected â€˜[01m[K{[m[Kâ€™ before â€˜[01m[K,[m[Kâ€™ token
[1.487s] [01m[K/home/GTL/apaul/ros2_hw1/src/joy_pack/src/joy_function.cpp:[m[K In member function â€˜[01m[Kvoid JoySubscriber::timer_callback()[m[Kâ€™:
[1.487s] [01m[K/home/GTL/apaul/ros2_hw1/src/joy_pack/src/joy_function.cpp:52:5:[m[K [01;31m[Kerror: [m[Kâ€˜[01m[Kpublisher_[m[Kâ€™ was not declared in this scope; did you mean â€˜[01m[Krmw_publisher_t[m[Kâ€™?
[1.487s]    52 |     [01;31m[Kpublisher_[m[K->publish(message);
[1.487s]       |     [01;31m[K^~~~~~~~~~[m[K
[1.487s]       |     [32m[Krmw_publisher_t[m[K
[1.489s] [01m[K/home/GTL/apaul/ros2_hw1/src/joy_pack/src/joy_function.cpp:[m[K In function â€˜[01m[Kint main(int, char**)[m[Kâ€™:
[1.489s] [01m[K/home/GTL/apaul/ros2_hw1/src/joy_pack/src/joy_function.cpp:62:33:[m[K [01;31m[Kerror: [m[Kâ€˜[01m[KJoyNode[m[Kâ€™ was not declared in this scope
[1.489s]    62 |   rclcpp::spin(std::make_shared<[01;31m[KJoyNode[m[K>());
[1.489s]       |                                 [01;31m[K^~~~~~~[m[K
[1.489s] [01m[K/home/GTL/apaul/ros2_hw1/src/joy_pack/src/joy_function.cpp:62:41:[m[K [01;31m[Kerror: [m[Kno matching function for call to â€˜[01m[Kmake_shared<<expression error> >()[m[Kâ€™
[1.489s]    62 |   rclcpp::spin([01;31m[Kstd::make_shared<JoyNode>()[m[K);
[1.489s]       |                [01;31m[K~~~~~~~~~~~~~~~~~~~~~~~~~^~[m[K
[1.489s] In file included from [01m[K/usr/include/c++/11/memory:77[m[K,
[1.489s]                  from [01m[K/home/GTL/apaul/ros2_hw1/src/joy_pack/src/joy_function.cpp:3[m[K:
[1.489s] [01m[K/usr/include/c++/11/bits/shared_ptr.h:875:5:[m[K [01;36m[Knote: [m[Kcandidate: â€˜[01m[Ktemplate<class _Tp, class ... _Args> std::shared_ptr<_Tp> std::make_shared(_Args&& ...)[m[Kâ€™
[1.489s]   875 |     [01;36m[Kmake_shared[m[K(_Args&&... __args)
[1.489s]       |     [01;36m[K^~~~~~~~~~~[m[K
[1.489s] [01m[K/usr/include/c++/11/bits/shared_ptr.h:875:5:[m[K [01;36m[Knote: [m[K  template argument deduction/substitution failed:
[1.489s] [01m[K/home/GTL/apaul/ros2_hw1/src/joy_pack/src/joy_function.cpp:62:41:[m[K [01;31m[Kerror: [m[Ktemplate argument 1 is invalid
[1.489s]    62 |   rclcpp::spin([01;31m[Kstd::make_shared<JoyNode>()[m[K);
[1.489s]       |                [01;31m[K~~~~~~~~~~~~~~~~~~~~~~~~~^~[m[K
[1.810s] gmake[2]: *** [CMakeFiles/listener.dir/build.make:76: CMakeFiles/listener.dir/src/joy_function.cpp.o] Error 1
[1.810s] gmake[1]: *** [CMakeFiles/Makefile2:137: CMakeFiles/listener.dir/all] Error 2
[1.811s] gmake: *** [Makefile:146: all] Error 2
[1.812s] Invoked command in '/home/GTL/apaul/ros2_hw1/build/joy_pack' returned '2': CMAKE_PREFIX_PATH=${CMAKE_PREFIX_PATH}:/opt/ros/humble /usr/bin/cmake --build /home/GTL/apaul/ros2_hw1/build/joy_pack -- -j16 -l16
