[0.096s] Invoking command in '/home/GTL/apaul/ros2_hw1/build/floor_nav': CMAKE_PREFIX_PATH=/home/GTL/apaul/ros2_hw1/install/task_manager_nav2:/home/GTL/apaul/ros2_hw1/install/task_manager_lib:/home/GTL/apaul/ros2_hw1/install/task_manager_msgs:/home/GTL/apaul/ros2_hw1/install/face_msg:/home/GTL/apaul/ros2_hw1/install/cs7630_msgs:/home/GTL/apaul/ros2_hw1/install/vrep4_helpers:/home/GTL/apaul/ros2_hw1/install/task_manager_sync:/home/GTL/apaul/ros2_hw1/install/floor_nav:/home/GTL/apaul/ros2_hw1/install/joy_pack:/home/GTL/apaul/ros2_hw1/install/collision_avoidance_base:/home/GTL/apaul/ros2_hw1/install/vrep_ros_teleop:/home/GTL/apaul/ros2_hw1/install/task_manager_client_py:/home/GTL/apaul/ros2_hw1/install/keyboard_teleop:/home/GTL/apaul/ros2_hw1/install/face_detect_base:/home/GTL/apaul/ros2_hw1/install/button_server:/opt/ros/humble LD_LIBRARY_PATH=/home/GTL/apaul/ros2_hw1/install/task_manager_lib/lib:/home/GTL/apaul/ros2_hw1/install/task_manager_msgs/lib:/home/GTL/apaul/ros2_hw1/install/face_msg/lib:/home/GTL/apaul/ros2_hw1/install/cs7630_msgs/lib:/home/GTL/apaul/ros2_hw1/install/task_manager_sync/lib:/usr/lib/x86_64-linux-gnu/gazebo-11/plugins:/opt/ros/humble/opt/rviz_ogre_vendor/lib:/opt/ros/humble/lib/x86_64-linux-gnu:/opt/ros/humble/lib /usr/bin/cmake --build /home/GTL/apaul/ros2_hw1/build/floor_nav -- -j16 -l16
[0.154s] -- Found ament_cmake: 1.3.10 (/opt/ros/humble/share/ament_cmake/cmake)
[0.324s] -- Found rclcpp: 16.0.10 (/opt/ros/humble/share/rclcpp/cmake)
[0.364s] -- Found rosidl_generator_c: 3.1.5 (/opt/ros/humble/share/rosidl_generator_c/cmake)
[0.367s] -- Found rosidl_adapter: 3.1.5 (/opt/ros/humble/share/rosidl_adapter/cmake)
[0.392s] -- Found rosidl_generator_cpp: 3.1.5 (/opt/ros/humble/share/rosidl_generator_cpp/cmake)
[0.412s] -- Using all available rosidl_typesupport_c: rosidl_typesupport_fastrtps_c;rosidl_typesupport_introspection_c
[0.427s] -- Using all available rosidl_typesupport_cpp: rosidl_typesupport_fastrtps_cpp;rosidl_typesupport_introspection_cpp
[0.464s] -- Found rmw_implementation_cmake: 6.1.2 (/opt/ros/humble/share/rmw_implementation_cmake/cmake)
[0.473s] -- Found rmw_cyclonedds_cpp: 1.3.4 (/opt/ros/humble/share/rmw_cyclonedds_cpp/cmake)
[0.509s] -- Using RMW implementation 'rmw_cyclonedds_cpp' as default
[0.546s] -- Found rclcpp_action: 16.0.10 (/opt/ros/humble/share/rclcpp_action/cmake)
[0.571s] -- Found rclpy: 3.3.14 (/opt/ros/humble/share/rclpy/cmake)
[0.573s] -- Found task_manager_msgs: 0.0.0 (/home/GTL/apaul/ros2_hw1/install/task_manager_msgs/share/task_manager_msgs/cmake)
[0.635s] -- Found task_manager_lib: 0.0.0 (/home/GTL/apaul/ros2_hw1/install/task_manager_lib/share/task_manager_lib/cmake)
[0.656s] -- Found sensor_msgs: 4.2.4 (/opt/ros/humble/share/sensor_msgs/cmake)
[0.678s] -- Found topic_tools_interfaces: 1.1.1 (/opt/ros/humble/share/topic_tools_interfaces/cmake)
[0.690s] -- Found cs7630_msgs: 0.0.0 (/home/GTL/apaul/ros2_hw1/install/cs7630_msgs/share/cs7630_msgs/cmake)
[0.756s] -- Found face_msg: 0.0.0 (/home/GTL/apaul/ros2_hw1/install/face_msg/share/face_msg/cmake)
[0.811s] -- Found kobuki_ros_interfaces: 1.0.0 (/opt/ros/humble/share/kobuki_ros_interfaces/cmake)
[0.830s] -- Eigen found (include: /usr/include/eigen3, version: 3.4.0)
[0.844s] -- OpenNI found (version: 1.5.4.0, include: /usr/include/ni, lib: /usr/lib/libOpenNI.so;libusb::libusb)
[0.848s] -- OpenNI2 found (version: 2.2.0.33, include: /usr/include/openni2, lib: /usr/lib/x86_64-linux-gnu/libOpenNI2.so;libusb::libusb)
[1.268s] -- Eigen found (include: /usr/include/eigen3, version: 3.4.0)
[1.269s] -- Found pcl_conversions: 2.4.5 (/opt/ros/humble/share/pcl_conversions/cmake)
[1.287s] -- Found tf2: 0.25.8 (/opt/ros/humble/share/tf2/cmake)
[1.290s] -- Found tf2_ros: 0.25.8 (/opt/ros/humble/share/tf2_ros/cmake)
[1.324s] -- Found tf2_geometry_msgs: 0.25.8 (/opt/ros/humble/share/tf2_geometry_msgs/cmake)
[1.326s] -- Found eigen3_cmake_module: 0.1.1 (/opt/ros/humble/share/eigen3_cmake_module/cmake)
[1.327s] -- Ensuring Eigen3 include directory is part of orocos-kdl CMake target
[1.332s] -- Found task_manager_nav2: 0.0.0 (/home/GTL/apaul/ros2_hw1/install/task_manager_nav2/share/task_manager_nav2/cmake)
[8.901s] -- Found ament_lint_auto: 0.12.11 (/opt/ros/humble/share/ament_lint_auto/cmake)
[9.052s] -- Added test 'cppcheck' to perform static code analysis on C / C++ code
[9.064s] -- Configured cppcheck include dirs: /home/GTL/apaul/ros2_hw1/src/floor_nav/include
[9.064s] -- Configured cppcheck exclude dirs and/or files: 
[9.068s] -- Added test 'flake8' to check Python code syntax and style conventions
[9.085s] -- Added test 'lint_cmake' to check CMake code style
[9.089s] -- Added test 'pep257' to check Python code against some of the docstring style conventions in PEP 257
[9.122s] -- Added test 'uncrustify' to check C / C++ code style
[9.122s] -- Configured uncrustify additional arguments: 
[9.125s] -- Added test 'xmllint' to check XML markup files
[9.138s] -- Configuring done
[13.495s] -- Generating done
[13.794s] -- Build files have been written to: /home/GTL/apaul/ros2_hw1/build/floor_nav
[13.880s] [35m[1mConsolidate compiler generated dependencies of target floornav_TaskSetBool[0m
[13.881s] [35m[1mConsolidate compiler generated dependencies of target floornav_TaskSetMux[0m
[13.881s] [35m[1mConsolidate compiler generated dependencies of target floornav_TaskTrigger[0m
[13.881s] [35m[1mConsolidate compiler generated dependencies of target floornav_TaskWander[0m
[13.881s] [35m[1mConsolidate compiler generated dependencies of target floornav_TaskConstant[0m
[13.881s] [35m[1mConsolidate compiler generated dependencies of target floornav_TaskSetHeading[0m
[13.882s] [35m[1mConsolidate compiler generated dependencies of target floornav_TaskWaitForFace[0m
[13.882s] [35m[1mConsolidate compiler generated dependencies of target floornav_TaskNav2[0m
[13.882s] [35m[1mConsolidate compiler generated dependencies of target floornav_TaskGoTo[0m
[13.882s] [35m[1mConsolidate compiler generated dependencies of target floornav_TaskPlanTo[0m
[13.883s] [35m[1mConsolidate compiler generated dependencies of target floornav_TaskStareAtFace[0m
[13.883s] [35m[1mConsolidate compiler generated dependencies of target floornav_task_server[0m
[13.888s] [35m[1mConsolidate compiler generated dependencies of target floornav_TaskWaitForROI[0m
[13.902s] [35m[1mConsolidate compiler generated dependencies of target floornav_TaskAutoDock[0m
[13.952s] [  3%] [32mBuilding CXX object CMakeFiles/floornav_TaskGoToPose.dir/tasks/TaskGoToPose.cpp.o[0m
[14.004s] [ 35%] Built target floornav_TaskWander
[14.004s] [ 48%] Built target floornav_TaskTrigger
[14.011s] [01m[K/home/GTL/apaul/ros2_hw1/src/floor_nav/tasks/TaskGoToPose.cpp:2:10:[m[K [01;31m[Kfatal error: [m[KTaskGoToPosePosePose.h: No such file or directory
[14.011s]     2 | #include [01;31m[K"TaskGoToPosePosePose.h"[m[K
[14.012s]       |          [01;31m[K^~~~~~~~~~~~~~~~~~~~~~~~[m[K
[14.012s] compilation terminated.
[14.012s] gmake[2]: *** [CMakeFiles/floornav_TaskGoToPose.dir/build.make:76: CMakeFiles/floornav_TaskGoToPose.dir/tasks/TaskGoToPose.cpp.o] Error 1
[14.013s] gmake[1]: *** [CMakeFiles/Makefile2:321: CMakeFiles/floornav_TaskGoToPose.dir/all] Error 2
[14.013s] gmake[1]: *** Waiting for unfinished jobs....
[14.020s] [ 48%] Built target floornav_TaskConstant
[14.020s] [ 48%] Built target floornav_TaskPlanTo
[14.022s] [ 64%] Built target floornav_TaskStareAtFace
[14.022s] [ 64%] Built target floornav_TaskSetBool
[14.022s] [ 64%] Built target floornav_TaskGoTo
[14.022s] [ 64%] Built target floornav_TaskNav2
[14.023s] [ 64%] Built target floornav_TaskSetHeading
[14.024s] [ 74%] Built target floornav_TaskWaitForROI
[14.024s] [ 74%] Built target floornav_TaskAutoDock
[14.055s] [ 83%] Built target floornav_TaskSetMux
[14.060s] [ 96%] Built target floornav_TaskWaitForFace
[14.061s] [ 96%] Built target floornav_task_server
[14.062s] gmake: *** [Makefile:146: all] Error 2
[14.063s] Invoked command in '/home/GTL/apaul/ros2_hw1/build/floor_nav' returned '2': CMAKE_PREFIX_PATH=/home/GTL/apaul/ros2_hw1/install/task_manager_nav2:/home/GTL/apaul/ros2_hw1/install/task_manager_lib:/home/GTL/apaul/ros2_hw1/install/task_manager_msgs:/home/GTL/apaul/ros2_hw1/install/face_msg:/home/GTL/apaul/ros2_hw1/install/cs7630_msgs:/home/GTL/apaul/ros2_hw1/install/vrep4_helpers:/home/GTL/apaul/ros2_hw1/install/task_manager_sync:/home/GTL/apaul/ros2_hw1/install/floor_nav:/home/GTL/apaul/ros2_hw1/install/joy_pack:/home/GTL/apaul/ros2_hw1/install/collision_avoidance_base:/home/GTL/apaul/ros2_hw1/install/vrep_ros_teleop:/home/GTL/apaul/ros2_hw1/install/task_manager_client_py:/home/GTL/apaul/ros2_hw1/install/keyboard_teleop:/home/GTL/apaul/ros2_hw1/install/face_detect_base:/home/GTL/apaul/ros2_hw1/install/button_server:/opt/ros/humble LD_LIBRARY_PATH=/home/GTL/apaul/ros2_hw1/install/task_manager_lib/lib:/home/GTL/apaul/ros2_hw1/install/task_manager_msgs/lib:/home/GTL/apaul/ros2_hw1/install/face_msg/lib:/home/GTL/apaul/ros2_hw1/install/cs7630_msgs/lib:/home/GTL/apaul/ros2_hw1/install/task_manager_sync/lib:/usr/lib/x86_64-linux-gnu/gazebo-11/plugins:/opt/ros/humble/opt/rviz_ogre_vendor/lib:/opt/ros/humble/lib/x86_64-linux-gnu:/opt/ros/humble/lib /usr/bin/cmake --build /home/GTL/apaul/ros2_hw1/build/floor_nav -- -j16 -l16
