[01m[K/home/GTL/apaul/ros2_hw1/src/collision_avoidance_base/src/collision_avoidance.cpp:[m[K In member function â€˜[01m[Kgeometry_msgs::msg::Twist CollisionAvoidance::findClosestAcceptableVelocity(const Twist&)[m[Kâ€™:
[01m[K/home/GTL/apaul/ros2_hw1/src/collision_avoidance_base/src/collision_avoidance.cpp:71:36:[m[K [01;31m[Kerror: [m[Kbase operand of â€˜[01m[K->[m[Kâ€™ has non-pointer type â€˜[01m[Kpcl::PointCloud<pcl::PointXYZ>[m[Kâ€™
   71 |             unsigned int n = lastpc[01;31m[K->[m[Kranges.size();
      |                                    [01;31m[K^~[m[K
[01m[K/home/GTL/apaul/ros2_hw1/src/collision_avoidance_base/src/collision_avoidance.cpp:73:58:[m[K [01;31m[Kerror: [m[Kinvalid operands of types â€˜[01m[Kconst _x_type[m[Kâ€™ {aka â€˜[01m[Kconst double[m[Kâ€™} and â€˜[01m[Kgeometry_msgs::msg::Vector3_<std::allocator<void> >::_y_type[m[Kâ€™ {aka â€˜[01m[Kdouble[m[Kâ€™} to binary â€˜[01m[Koperator^[m[Kâ€™
   73 |         double velocity_Robot = sqrt([32m[Kdesired.linear.x[m[K[01;31m[K^[m[K[34m[K2  + desired.linear.y[m[K^2);
      |                                      [32m[K~~~~~~~~~~~~~~~~[m[K[01;31m[K^[m[K[34m[K~~~~~~~~~~~~~~~~~~~~~[m[K
      |                                                     [32m[K|[m[K    [34m[K|[m[K
      |                                                     [32m[K|[m[K    [34m[Kgeometry_msgs::msg::Vector3_<std::allocator<void> >::_y_type {aka double}[m[K
      |                                                     [32m[Kconst _x_type {aka const double}[m[K

[01m[K/home/GTL/apaul/ros2_hw1/src/collision_avoidance_base/src/collision_avoidance.cpp:73:62:[m[K [01;35m[Kwarning: [m[Ksuggest parentheses around arithmetic in operand of â€˜[01m[K^[m[Kâ€™ [[01;35m[K]8;;https://gcc.gnu.org/onlinedocs/gcc/Warning-Options.html#index-Wparentheses-Wparentheses]8;;[m[K]
   73 |     double velocity_Robot = sqrt(desired.linear.x^[01;35m[K2  + desired.linear.y[m[K^2);
      |                                                   [01;35m[K~~~^~~~~~~~~~~~~~~~~~[m[K

[01m[K/home/GTL/apaul/ros2_hw1/src/collision_avoidance_base/src/collision_avoidance.cpp:74:54:[m[K [01;31m[Kerror: [m[Kinvalid operands of types â€˜[01m[Kfloat[m[Kâ€™ and â€˜[01m[Kfloat[m[Kâ€™ to binary â€˜[01m[Koperator^[m[Kâ€™
   74 |             double distance_Object = sqrt(lastpc[i].x[01;31m[K^[m[K[32m[K2  + lastpc[i].y[m[K^2);
      |                                                      [01;31m[K^[m[K[32m[K~~~~~~~~~~~~~~~~[m[K
      |                                                          [32m[K|[m[K
      |                                                          [32m[Kfloat[m[K
[01m[K/home/GTL/apaul/ros2_hw1/src/collision_avoidance_base/src/collision_avoidance.cpp:74:58:[m[K [01;35m[Kwarning: [m[Ksuggest parentheses around arithmetic in operand of â€˜[01m[K^[m[Kâ€™ [[01;35m[K]8;;https://gcc.gnu.org/onlinedocs/gcc/Warning-Options.html#index-Wparentheses-Wparentheses]8;;[m[K]
   74 |         double distance_Object = sqrt(lastpc[i].x^[01;35m[K2  + lastpc[i].y[m[K^2);
      |                                                   [01;35m[K~~~^~~~~~~~~~~~~[m[K

[01m[K/home/GTL/apaul/ros2_hw1/src/collision_avoidance_base/src/collision_avoidance.cpp:99:26:[m[K [01;31m[Kerror: [m[Kredeclaration of â€˜[01m[Kunsigned int n[m[Kâ€™
   99 |             unsigned int [01;31m[Kn[m[K = lastpc.size();
      |                          [01;31m[K^[m[K
[01m[K/home/GTL/apaul/ros2_hw1/src/collision_avoidance_base/src/collision_avoidance.cpp:71:26:[m[K [01;36m[Knote: [m[Kâ€˜[01m[Kunsigned int n[m[Kâ€™ previously declared here
   71 |             unsigned int [01;36m[Kn[m[K = lastpc->ranges.size();
      |                          [01;36m[K^[m[K
gmake[2]: *** [CMakeFiles/collision_avoidance_base.dir/build.make:76: CMakeFiles/collision_avoidance_base.dir/src/collision_avoidance.cpp.o] Error 1
gmake[1]: *** [CMakeFiles/Makefile2:137: CMakeFiles/collision_avoidance_base.dir/all] Error 2
gmake: *** [Makefile:146: all] Error 2
