[0.017s] Invoking command in '/home/GTL/apaul/ros2_hw1/src/joy_pack/build/joy_pack': CMAKE_PREFIX_PATH=/opt/ros/humble /usr/bin/cmake --build /home/GTL/apaul/ros2_hw1/src/joy_pack/build/joy_pack -- -j16 -l16
[0.031s] -- Found ament_cmake: 1.3.10 (/opt/ros/humble/share/ament_cmake/cmake)
[0.117s] -- Found rclcpp: 16.0.10 (/opt/ros/humble/share/rclcpp/cmake)
[0.134s] -- Found rosidl_generator_c: 3.1.5 (/opt/ros/humble/share/rosidl_generator_c/cmake)
[0.136s] -- Found rosidl_adapter: 3.1.5 (/opt/ros/humble/share/rosidl_adapter/cmake)
[0.139s] -- Found rosidl_generator_cpp: 3.1.5 (/opt/ros/humble/share/rosidl_generator_cpp/cmake)
[0.145s] -- Using all available rosidl_typesupport_c: rosidl_typesupport_fastrtps_c;rosidl_typesupport_introspection_c
[0.152s] -- Using all available rosidl_typesupport_cpp: rosidl_typesupport_fastrtps_cpp;rosidl_typesupport_introspection_cpp
[0.171s] -- Found rmw_implementation_cmake: 6.1.2 (/opt/ros/humble/share/rmw_implementation_cmake/cmake)
[0.171s] -- Found rmw_cyclonedds_cpp: 1.3.4 (/opt/ros/humble/share/rmw_cyclonedds_cpp/cmake)
[0.181s] -- Using RMW implementation 'rmw_cyclonedds_cpp' as default
[0.209s] -- Found sensor_msgs: 4.2.4 (/opt/ros/humble/share/sensor_msgs/cmake)
[0.227s] -- Found ament_lint_auto: 0.12.11 (/opt/ros/humble/share/ament_lint_auto/cmake)
[0.425s] -- Added test 'cppcheck' to perform static code analysis on C / C++ code
[0.425s] -- Configured cppcheck include dirs: 
[0.425s] -- Configured cppcheck exclude dirs and/or files: 
[0.442s] -- Added test 'flake8' to check Python code syntax and style conventions
[0.472s] -- Added test 'lint_cmake' to check CMake code style
[0.488s] -- Added test 'pep257' to check Python code against some of the docstring style conventions in PEP 257
[0.609s] -- Added test 'uncrustify' to check C / C++ code style
[0.609s] -- Configured uncrustify additional arguments: 
[0.625s] -- Added test 'xmllint' to check XML markup files
[0.631s] -- Configuring done
[0.705s] -- Generating done
[0.722s] -- Build files have been written to: /home/GTL/apaul/ros2_hw1/src/joy_pack/build/joy_pack
[0.761s] [ 50%] [32mBuilding CXX object CMakeFiles/listener.dir/src/joy_function.cpp.o[0m
[2.147s] [01m[K/home/GTL/apaul/ros2_hw1/src/joy_pack/src/joy_function.cpp:22:46:[m[K [01;31m[Kerror: [m[Kâ€˜[01m[Kjoy[m[Kâ€™ in namespace â€˜[01m[Kstd_msgs::msg[m[Kâ€™ does not name a type
[2.147s]    22 |     void topic_callback(const std_msgs::msg::[01;31m[Kjoy[m[K & msg) const
[2.147s]       |                                              [01;31m[K^~~[m[K
[2.147s] [01m[K/home/GTL/apaul/ros2_hw1/src/joy_pack/src/joy_function.cpp:26:41:[m[K [01;31m[Kerror: [m[Kâ€˜[01m[Kjoy[m[Kâ€™ is not a member of â€˜[01m[Kstd_msgs::msg[m[Kâ€™
[2.147s]    26 |     rclcpp::Subscription<std_msgs::msg::[01;31m[Kjoy[m[K>::SharedPtr subscription_;
[2.147s]       |                                         [01;31m[K^~~[m[K
[2.147s] [01m[K/home/GTL/apaul/ros2_hw1/src/joy_pack/src/joy_function.cpp:26:44:[m[K [01;31m[Kerror: [m[Ktemplate argument 1 is invalid
[2.147s]    26 |     rclcpp::Subscription<std_msgs::msg::joy[01;31m[K>[m[K::SharedPtr subscription_;
[2.148s]       |                                            [01;31m[K^[m[K
[2.148s] [01m[K/home/GTL/apaul/ros2_hw1/src/joy_pack/src/joy_function.cpp:26:44:[m[K [01;31m[Kerror: [m[Ktemplate argument 3 is invalid
[2.148s] [01m[K/home/GTL/apaul/ros2_hw1/src/joy_pack/src/joy_function.cpp:26:44:[m[K [01;31m[Kerror: [m[Ktemplate argument 4 is invalid
[2.148s] [01m[K/home/GTL/apaul/ros2_hw1/src/joy_pack/src/joy_function.cpp:26:44:[m[K [01;31m[Kerror: [m[Ktemplate argument 5 is invalid
[2.148s] [01m[K/home/GTL/apaul/ros2_hw1/src/joy_pack/src/joy_function.cpp:26:47:[m[K [01;31m[Kerror: [m[Kexpected â€˜[01m[K;[m[Kâ€™ at end of member declaration
[2.148s]    26 |     rclcpp::Subscription<std_msgs::msg::joy>::[01;31m[KSharedPtr[m[K subscription_;
[2.148s]       |                                               [01;31m[K^~~~~~~~~[m[K
[2.148s]       |                                                        [32m[K;[m[K
[2.149s] [01m[K/home/GTL/apaul/ros2_hw1/src/joy_pack/src/joy_function.cpp:26:57:[m[K [01;31m[Kerror: [m[Kâ€˜[01m[Ksubscription_[m[Kâ€™ does not name a type; did you mean â€˜[01m[Krmw_subscription_t[m[Kâ€™?
[2.149s]    26 |     rclcpp::Subscription<std_msgs::msg::joy>::SharedPtr [01;31m[Ksubscription_[m[K;
[2.149s]       |                                                         [01;31m[K^~~~~~~~~~~~~[m[K
[2.149s]       |                                                         [32m[Krmw_subscription_t[m[K
[2.154s] [01m[K/home/GTL/apaul/ros2_hw1/src/joy_pack/src/joy_function.cpp:[m[K In constructor â€˜[01m[KJoySubscriber::JoySubscriber()[m[Kâ€™:
[2.154s] [01m[K/home/GTL/apaul/ros2_hw1/src/joy_pack/src/joy_function.cpp:17:7:[m[K [01;31m[Kerror: [m[Kâ€˜[01m[Ksubscription_[m[Kâ€™ was not declared in this scope; did you mean â€˜[01m[Krmw_subscription_t[m[Kâ€™?
[2.154s]    17 |       [01;31m[Ksubscription_[m[K = this->create_subscription<std_msgs::msg::joy>(
[2.155s]       |       [01;31m[K^~~~~~~~~~~~~[m[K
[2.155s]       |       [32m[Krmw_subscription_t[m[K
[2.155s] [01m[K/home/GTL/apaul/ros2_hw1/src/joy_pack/src/joy_function.cpp:17:64:[m[K [01;31m[Kerror: [m[Kâ€˜[01m[Kjoy[m[Kâ€™ is not a member of â€˜[01m[Kstd_msgs::msg[m[Kâ€™
[2.155s]    17 |       subscription_ = this->create_subscription<std_msgs::msg::[01;31m[Kjoy[m[K>(
[2.155s]       |                                                                [01;31m[K^~~[m[K
[2.158s] [01m[K/home/GTL/apaul/ros2_hw1/src/joy_pack/src/joy_function.cpp:17:68:[m[K [01;31m[Kerror: [m[Kno matching function for call to â€˜[01m[KJoySubscriber::create_subscription<<expression error> >(const char [16], int, std::_Bind_helper<false, void (JoySubscriber::*)(const int&) const, JoySubscriber*, const std::_Placeholder<1>&>::type)[m[Kâ€™
[2.158s]    17 |       subscription_ = [01;31m[Kthis->create_subscription<std_msgs::msg::joy>([m[K
[2.158s]       |                       [01;31m[K~~~~~~~~~~~~~~~~~~~~~~~~~~~~~~~~~~~~~~~~~~~~~^[m[K
[2.158s]    18 | [01;31m[K      "sensor_msgs/joy", 10, std::bind(&JoySubscriber::topic_callback, this, _1))[m[K;
[2.159s]       |       [01;31m[K~~~~~~~~~~~~~~~~~~~~~~~~~~~~~~~~~~~~~~~~~~~~~~~~~~~~~~~~~~~~~~~~~~~~~~~~~~~[m[K
[2.159s] In file included from [01m[K/opt/ros/humble/include/rclcpp/rclcpp/executors/single_threaded_executor.hpp:28[m[K,
[2.159s]                  from [01m[K/opt/ros/humble/include/rclcpp/rclcpp/executors.hpp:22[m[K,
[2.159s]                  from [01m[K/opt/ros/humble/include/rclcpp/rclcpp/rclcpp.hpp:155[m[K,
[2.159s]                  from [01m[K/home/GTL/apaul/ros2_hw1/src/joy_pack/src/joy_function.cpp:6[m[K:
[2.159s] [01m[K/opt/ros/humble/include/rclcpp/rclcpp/node.hpp:219:3:[m[K [01;36m[Knote: [m[Kcandidate: â€˜[01m[Ktemplate<class MessageT, class CallbackT, class AllocatorT, class SubscriptionT, class MessageMemoryStrategyT> std::shared_ptr<ROSMessageT> rclcpp::Node::create_subscription(const string&, const rclcpp::QoS&, CallbackT&&, const rclcpp::SubscriptionOptionsWithAllocator<AllocatorT>&, typename MessageMemoryStrategyT::SharedPtr)[m[Kâ€™
[2.159s]   219 |   [01;36m[Kcreate_subscription[m[K(
[2.159s]       |   [01;36m[K^~~~~~~~~~~~~~~~~~~[m[K
[2.159s] [01m[K/opt/ros/humble/include/rclcpp/rclcpp/node.hpp:219:3:[m[K [01;36m[Knote: [m[K  template argument deduction/substitution failed:
[2.159s] [01m[K/home/GTL/apaul/ros2_hw1/src/joy_pack/src/joy_function.cpp:17:68:[m[K [01;31m[Kerror: [m[Ktemplate argument 1 is invalid
[2.159s]    17 |       subscription_ = [01;31m[Kthis->create_subscription<std_msgs::msg::joy>([m[K
[2.159s]       |                       [01;31m[K~~~~~~~~~~~~~~~~~~~~~~~~~~~~~~~~~~~~~~~~~~~~~^[m[K
[2.159s]    18 | [01;31m[K      "sensor_msgs/joy", 10, std::bind(&JoySubscriber::topic_callback, this, _1))[m[K;
[2.159s]       |       [01;31m[K~~~~~~~~~~~~~~~~~~~~~~~~~~~~~~~~~~~~~~~~~~~~~~~~~~~~~~~~~~~~~~~~~~~~~~~~~~~[m[K
[2.159s] [01m[K/home/GTL/apaul/ros2_hw1/src/joy_pack/src/joy_function.cpp:[m[K In member function â€˜[01m[Kvoid JoySubscriber::topic_callback(const int&) const[m[Kâ€™:
[2.159s] [01m[K/home/GTL/apaul/ros2_hw1/src/joy_pack/src/joy_function.cpp:22:52:[m[K [01;35m[Kwarning: [m[Kunused parameter â€˜[01m[Kmsg[m[Kâ€™ [[01;35m[K]8;;https://gcc.gnu.org/onlinedocs/gcc/Warning-Options.html#index-Wunused-parameter-Wunused-parameter]8;;[m[K]
[2.159s]    22 |     void topic_callback([01;35m[Kconst std_msgs::msg::joy & msg[m[K) const
[2.159s]       |                         [01;35m[K~~~~~~~~~~~~~~~~~~~~~~~~~~~^~~[m[K
[2.447s] gmake[2]: *** [CMakeFiles/listener.dir/build.make:76: CMakeFiles/listener.dir/src/joy_function.cpp.o] Error 1
[2.447s] gmake[1]: *** [CMakeFiles/Makefile2:137: CMakeFiles/listener.dir/all] Error 2
[2.447s] gmake: *** [Makefile:146: all] Error 2
[2.448s] Invoked command in '/home/GTL/apaul/ros2_hw1/src/joy_pack/build/joy_pack' returned '2': CMAKE_PREFIX_PATH=/opt/ros/humble /usr/bin/cmake --build /home/GTL/apaul/ros2_hw1/src/joy_pack/build/joy_pack -- -j16 -l16
