[35m[1mConsolidate compiler generated dependencies of target floornav_TaskGoToPose[0m
[ 19%] Built target floornav_TaskSetBool
[ 19%] Built target floornav_TaskTrigger
[ 25%] Built target floornav_TaskNav2
[ 38%] Built target floornav_TaskSetMux
[ 48%] Built target floornav_TaskWaitForROI
[ 48%] Built target floornav_TaskSetHeading
[ 48%] Built target floornav_TaskStareAtFace
[ 64%] Built target floornav_TaskConstant
[ 64%] Built target floornav_TaskPlanTo
[ 70%] Built target floornav_TaskWander
[ 74%] Built target floornav_TaskAutoDock
[ 77%] Built target floornav_TaskGoTo
[ 83%] Built target floornav_TaskWaitForFace
[ 93%] Built target floornav_task_server
[ 96%] [32mBuilding CXX object CMakeFiles/floornav_TaskGoToPose.dir/tasks/TaskGoToPose.cpp.o[0m
[01m[K/home/GTL/apaul/ros2_hw1/src/floor_nav/tasks/TaskGoToPose.cpp:[m[K In member function â€˜[01m[Kvirtual task_manager_lib::TaskIndicator floor_nav::TaskGoToPose::iterate()[m[Kâ€™:
[01m[K/home/GTL/apaul/ros2_hw1/src/floor_nav/tasks/TaskGoToPose.cpp:82:25:[m[K [01;31m[Kerror: [m[Kâ€˜[01m[Krot[m[Kâ€™ was not declared in this scope
   82 |                     if ([01;31m[Krot[m[K > cfg->max_angular_velocity) rot = cfg->max_angular_velocity;
      |                         [01;31m[K^~~[m[K
[01m[K/home/GTL/apaul/ros2_hw1/src/floor_nav/tasks/TaskGoToPose.cpp:83:25:[m[K [01;31m[Kerror: [m[Kâ€˜[01m[Krot[m[Kâ€™ was not declared in this scope
   83 |                     if ([01;31m[Krot[m[K <-cfg->max_angular_velocity) rot = -cfg->max_angular_velocity;
      |                         [01;31m[K^~~[m[K
[01m[K/home/GTL/apaul/ros2_hw1/src/floor_nav/tasks/TaskGoToPose.cpp:85:47:[m[K [01;31m[Kerror: [m[Kâ€˜[01m[Krot[m[Kâ€™ was not declared in this scope
   85 |                     env->publishVelocity(vel, [01;31m[Krot[m[K);
      |                                               [01;31m[K^~~[m[K
gmake[2]: *** [CMakeFiles/floornav_TaskGoToPose.dir/build.make:76: CMakeFiles/floornav_TaskGoToPose.dir/tasks/TaskGoToPose.cpp.o] Error 1
gmake[1]: *** [CMakeFiles/Makefile2:321: CMakeFiles/floornav_TaskGoToPose.dir/all] Error 2
gmake: *** [Makefile:146: all] Error 2
