[0.075s] Invoking command in '/home/GTL/apaul/ros2_hw1/build/floor_nav': AMENT_PREFIX_PATH=/home/GTL/apaul/ros2_hw1/install/task_manager_nav2:/home/GTL/apaul/ros2_hw1/install/task_manager_lib:/home/GTL/apaul/ros2_hw1/install/task_manager_msgs:/home/GTL/apaul/ros2_hw1/install/face_msg:/home/GTL/apaul/ros2_hw1/install/cs7630_msgs:${AMENT_PREFIX_PATH} CMAKE_PREFIX_PATH=/home/GTL/apaul/ros2_hw1/install/task_manager_nav2:/home/GTL/apaul/ros2_hw1/install/task_manager_lib:/home/GTL/apaul/ros2_hw1/install/task_manager_msgs:/home/GTL/apaul/ros2_hw1/install/face_msg:/home/GTL/apaul/ros2_hw1/install/cs7630_msgs:/opt/ros/humble LD_LIBRARY_PATH=/home/GTL/apaul/ros2_hw1/install/task_manager_lib/lib:/home/GTL/apaul/ros2_hw1/install/task_manager_msgs/lib:/home/GTL/apaul/ros2_hw1/install/face_msg/lib:/home/GTL/apaul/ros2_hw1/install/cs7630_msgs/lib:${LD_LIBRARY_PATH} PYTHONPATH=/home/GTL/apaul/ros2_hw1/install/task_manager_msgs/local/lib/python3.10/dist-packages:/home/GTL/apaul/ros2_hw1/install/face_msg/local/lib/python3.10/dist-packages:/home/GTL/apaul/ros2_hw1/install/cs7630_msgs/local/lib/python3.10/dist-packages:${PYTHONPATH} /usr/bin/cmake --build /home/GTL/apaul/ros2_hw1/build/floor_nav -- -j16 -l16
[0.188s] [35m[1mConsolidate compiler generated dependencies of target floornav_TaskGoToPose[0m
[0.241s] [ 19%] Built target floornav_TaskSetBool
[0.244s] [ 19%] Built target floornav_TaskTrigger
[0.249s] [ 25%] Built target floornav_TaskNav2
[0.252s] [ 38%] Built target floornav_TaskSetMux
[0.252s] [ 48%] Built target floornav_TaskWaitForROI
[0.254s] [ 48%] Built target floornav_TaskSetHeading
[0.254s] [ 48%] Built target floornav_TaskStareAtFace
[0.258s] [ 64%] Built target floornav_TaskConstant
[0.261s] [ 64%] Built target floornav_TaskPlanTo
[0.262s] [ 70%] Built target floornav_TaskWander
[0.262s] [ 74%] Built target floornav_TaskAutoDock
[0.265s] [ 77%] Built target floornav_TaskGoTo
[0.275s] [ 83%] Built target floornav_TaskWaitForFace
[0.282s] [ 93%] Built target floornav_task_server
[0.286s] [ 96%] [32mBuilding CXX object CMakeFiles/floornav_TaskGoToPose.dir/tasks/TaskGoToPose.cpp.o[0m
[4.227s] [01m[K/home/GTL/apaul/ros2_hw1/src/floor_nav/tasks/TaskGoToPose.cpp:[m[K In member function â€˜[01m[Kvirtual task_manager_lib::TaskIndicator floor_nav::TaskGoToPose::iterate()[m[Kâ€™:
[4.227s] [01m[K/home/GTL/apaul/ros2_hw1/src/floor_nav/tasks/TaskGoToPose.cpp:82:25:[m[K [01;31m[Kerror: [m[Kâ€˜[01m[Krot[m[Kâ€™ was not declared in this scope
[4.227s]    82 |                     if ([01;31m[Krot[m[K > cfg->max_angular_velocity) rot = cfg->max_angular_velocity;
[4.227s]       |                         [01;31m[K^~~[m[K
[4.232s] [01m[K/home/GTL/apaul/ros2_hw1/src/floor_nav/tasks/TaskGoToPose.cpp:83:25:[m[K [01;31m[Kerror: [m[Kâ€˜[01m[Krot[m[Kâ€™ was not declared in this scope
[4.232s]    83 |                     if ([01;31m[Krot[m[K <-cfg->max_angular_velocity) rot = -cfg->max_angular_velocity;
[4.232s]       |                         [01;31m[K^~~[m[K
[4.237s] [01m[K/home/GTL/apaul/ros2_hw1/src/floor_nav/tasks/TaskGoToPose.cpp:85:47:[m[K [01;31m[Kerror: [m[Kâ€˜[01m[Krot[m[Kâ€™ was not declared in this scope
[4.237s]    85 |                     env->publishVelocity(vel, [01;31m[Krot[m[K);
[4.237s]       |                                               [01;31m[K^~~[m[K
[4.758s] gmake[2]: *** [CMakeFiles/floornav_TaskGoToPose.dir/build.make:76: CMakeFiles/floornav_TaskGoToPose.dir/tasks/TaskGoToPose.cpp.o] Error 1
[4.758s] gmake[1]: *** [CMakeFiles/Makefile2:321: CMakeFiles/floornav_TaskGoToPose.dir/all] Error 2
[4.759s] gmake: *** [Makefile:146: all] Error 2
[4.760s] Invoked command in '/home/GTL/apaul/ros2_hw1/build/floor_nav' returned '2': AMENT_PREFIX_PATH=/home/GTL/apaul/ros2_hw1/install/task_manager_nav2:/home/GTL/apaul/ros2_hw1/install/task_manager_lib:/home/GTL/apaul/ros2_hw1/install/task_manager_msgs:/home/GTL/apaul/ros2_hw1/install/face_msg:/home/GTL/apaul/ros2_hw1/install/cs7630_msgs:${AMENT_PREFIX_PATH} CMAKE_PREFIX_PATH=/home/GTL/apaul/ros2_hw1/install/task_manager_nav2:/home/GTL/apaul/ros2_hw1/install/task_manager_lib:/home/GTL/apaul/ros2_hw1/install/task_manager_msgs:/home/GTL/apaul/ros2_hw1/install/face_msg:/home/GTL/apaul/ros2_hw1/install/cs7630_msgs:/opt/ros/humble LD_LIBRARY_PATH=/home/GTL/apaul/ros2_hw1/install/task_manager_lib/lib:/home/GTL/apaul/ros2_hw1/install/task_manager_msgs/lib:/home/GTL/apaul/ros2_hw1/install/face_msg/lib:/home/GTL/apaul/ros2_hw1/install/cs7630_msgs/lib:${LD_LIBRARY_PATH} PYTHONPATH=/home/GTL/apaul/ros2_hw1/install/task_manager_msgs/local/lib/python3.10/dist-packages:/home/GTL/apaul/ros2_hw1/install/face_msg/local/lib/python3.10/dist-packages:/home/GTL/apaul/ros2_hw1/install/cs7630_msgs/local/lib/python3.10/dist-packages:${PYTHONPATH} /usr/bin/cmake --build /home/GTL/apaul/ros2_hw1/build/floor_nav -- -j16 -l16
