[35m[1mConsolidate compiler generated dependencies of target floornav_TaskNav2[0m
[35m[1mConsolidate compiler generated dependencies of target floornav_TaskConstant[0m
[35m[1mConsolidate compiler generated dependencies of target floornav_TaskSetBool[0m
[35m[1mConsolidate compiler generated dependencies of target floornav_TaskSetMux[0m
[35m[1mConsolidate compiler generated dependencies of target floornav_TaskGoTo[0m
[35m[1mConsolidate compiler generated dependencies of target floornav_task_server[0m
[35m[1mConsolidate compiler generated dependencies of target floornav_TaskPlanTo[0m
[35m[1mConsolidate compiler generated dependencies of target floornav_TaskTrigger[0m
[35m[1mConsolidate compiler generated dependencies of target floornav_TaskWaitForROI[0m
[35m[1mConsolidate compiler generated dependencies of target floornav_TaskSetHeading[0m
[35m[1mConsolidate compiler generated dependencies of target floornav_TaskWander[0m
[35m[1mConsolidate compiler generated dependencies of target floornav_TaskAutoDock[0m
[35m[1mConsolidate compiler generated dependencies of target floornav_TaskWander_modif[0m
[  3%] [32mBuilding CXX object CMakeFiles/floornav_TaskWaitForFace.dir/tasks/TaskWaitForFace.cpp.o[0m
[ 17%] Built target floornav_TaskConstant
[ 17%] Built target floornav_TaskNav2
[ 44%] Built target floornav_TaskSetMux
[ 44%] Built target floornav_TaskGoTo
[ 44%] Built target floornav_TaskSetBool
[ 44%] Built target floornav_TaskPlanTo
[ 58%] Built target floornav_TaskWaitForROI
[ 58%] Built target floornav_TaskTrigger
[ 65%] Built target floornav_TaskWander
[ 75%] Built target floornav_TaskWander_modif
[ 79%] Built target floornav_TaskAutoDock
[ 89%] Built target floornav_task_server
[ 96%] Built target floornav_TaskSetHeading
In file included from [01m[K/home/GTL/apaul/ros2_hw1/src/floor_nav/tasks/TaskWaitForFace.cpp:1[m[K:
[01m[K/home/GTL/apaul/ros2_hw1/src/floor_nav/tasks/TaskWaitForFace.h:6:10:[m[K [01;31m[Kfatal error: [m[Ktask_manager_turtlesim/TurtleSimEnv.h: No such file or directory
    6 | #include [01;31m[K"task_manager_turtlesim/TurtleSimEnv.h"[m[K
      |          [01;31m[K^~~~~~~~~~~~~~~~~~~~~~~~~~~~~~~~~~~~~~~[m[K
compilation terminated.
gmake[2]: *** [CMakeFiles/floornav_TaskWaitForFace.dir/build.make:76: CMakeFiles/floornav_TaskWaitForFace.dir/tasks/TaskWaitForFace.cpp.o] Error 1
gmake[1]: *** [CMakeFiles/Makefile2:423: CMakeFiles/floornav_TaskWaitForFace.dir/all] Error 2
gmake: *** [Makefile:146: all] Error 2
