[0.075s] Invoking command in '/home/GTL/apaul/ros2_hw1/build/floor_nav': CMAKE_PREFIX_PATH=/home/GTL/apaul/ros2_hw1/install/task_manager_nav2:/home/GTL/apaul/ros2_hw1/install/task_manager_lib:/home/GTL/apaul/ros2_hw1/install/task_manager_msgs:/home/GTL/apaul/ros2_hw1/install/cs7630_msgs:/home/GTL/apaul/ros2_hw1/install/vrep4_helpers:/home/GTL/apaul/ros2_hw1/install/task_manager_sync:/home/GTL/apaul/ros2_hw1/install/floor_nav:/home/GTL/apaul/ros2_hw1/install/joy_pack:/home/GTL/apaul/ros2_hw1/install/face_msg:/home/GTL/apaul/ros2_hw1/install/collision_avoidance_base:/home/GTL/apaul/ros2_hw1/install/vrep_ros_teleop:/home/GTL/apaul/ros2_hw1/install/task_manager_client_py:/home/GTL/apaul/ros2_hw1/install/keyboard_teleop:/home/GTL/apaul/ros2_hw1/install/face_detect_base:/home/GTL/apaul/ros2_hw1/install/button_server:/opt/ros/humble LD_LIBRARY_PATH=/home/GTL/apaul/ros2_hw1/install/task_manager_lib/lib:/home/GTL/apaul/ros2_hw1/install/task_manager_msgs/lib:/home/GTL/apaul/ros2_hw1/install/cs7630_msgs/lib:/home/GTL/apaul/ros2_hw1/install/task_manager_sync/lib:/home/GTL/apaul/ros2_hw1/install/face_msg/lib:/usr/lib/x86_64-linux-gnu/gazebo-11/plugins:/opt/ros/humble/opt/rviz_ogre_vendor/lib:/opt/ros/humble/lib/x86_64-linux-gnu:/opt/ros/humble/lib /usr/bin/cmake --build /home/GTL/apaul/ros2_hw1/build/floor_nav -- -j16 -l16
[0.204s] [35m[1mConsolidate compiler generated dependencies of target floornav_TaskNav2[0m
[0.205s] [35m[1mConsolidate compiler generated dependencies of target floornav_TaskConstant[0m
[0.205s] [35m[1mConsolidate compiler generated dependencies of target floornav_TaskSetBool[0m
[0.206s] [35m[1mConsolidate compiler generated dependencies of target floornav_TaskSetMux[0m
[0.207s] [35m[1mConsolidate compiler generated dependencies of target floornav_TaskGoTo[0m
[0.207s] [35m[1mConsolidate compiler generated dependencies of target floornav_task_server[0m
[0.209s] [35m[1mConsolidate compiler generated dependencies of target floornav_TaskPlanTo[0m
[0.228s] [35m[1mConsolidate compiler generated dependencies of target floornav_TaskTrigger[0m
[0.230s] [35m[1mConsolidate compiler generated dependencies of target floornav_TaskWaitForROI[0m
[0.234s] [35m[1mConsolidate compiler generated dependencies of target floornav_TaskSetHeading[0m
[0.235s] [35m[1mConsolidate compiler generated dependencies of target floornav_TaskWander[0m
[0.235s] [35m[1mConsolidate compiler generated dependencies of target floornav_TaskAutoDock[0m
[0.235s] [35m[1mConsolidate compiler generated dependencies of target floornav_TaskWander_modif[0m
[0.281s] [  3%] [32mBuilding CXX object CMakeFiles/floornav_TaskWaitForFace.dir/tasks/TaskWaitForFace.cpp.o[0m
[0.294s] [ 17%] Built target floornav_TaskConstant
[0.295s] [ 17%] Built target floornav_TaskNav2
[0.323s] [ 44%] Built target floornav_TaskSetMux
[0.323s] [ 44%] Built target floornav_TaskGoTo
[0.323s] [ 44%] Built target floornav_TaskSetBool
[0.324s] [ 44%] Built target floornav_TaskPlanTo
[0.328s] [ 58%] Built target floornav_TaskWaitForROI
[0.328s] [ 58%] Built target floornav_TaskTrigger
[0.340s] [ 65%] Built target floornav_TaskWander
[0.344s] [ 75%] Built target floornav_TaskWander_modif
[0.347s] [ 79%] Built target floornav_TaskAutoDock
[0.359s] [ 89%] Built target floornav_task_server
[0.368s] [ 96%] Built target floornav_TaskSetHeading
[0.695s] In file included from [01m[K/home/GTL/apaul/ros2_hw1/src/floor_nav/tasks/TaskWaitForFace.cpp:1[m[K:
[0.695s] [01m[K/home/GTL/apaul/ros2_hw1/src/floor_nav/tasks/TaskWaitForFace.h:6:10:[m[K [01;31m[Kfatal error: [m[Ktask_manager_turtlesim/TurtleSimEnv.h: No such file or directory
[0.695s]     6 | #include [01;31m[K"task_manager_turtlesim/TurtleSimEnv.h"[m[K
[0.695s]       |          [01;31m[K^~~~~~~~~~~~~~~~~~~~~~~~~~~~~~~~~~~~~~~[m[K
[0.695s] compilation terminated.
[0.697s] gmake[2]: *** [CMakeFiles/floornav_TaskWaitForFace.dir/build.make:76: CMakeFiles/floornav_TaskWaitForFace.dir/tasks/TaskWaitForFace.cpp.o] Error 1
[0.697s] gmake[1]: *** [CMakeFiles/Makefile2:423: CMakeFiles/floornav_TaskWaitForFace.dir/all] Error 2
[0.697s] gmake: *** [Makefile:146: all] Error 2
[0.699s] Invoked command in '/home/GTL/apaul/ros2_hw1/build/floor_nav' returned '2': CMAKE_PREFIX_PATH=/home/GTL/apaul/ros2_hw1/install/task_manager_nav2:/home/GTL/apaul/ros2_hw1/install/task_manager_lib:/home/GTL/apaul/ros2_hw1/install/task_manager_msgs:/home/GTL/apaul/ros2_hw1/install/cs7630_msgs:/home/GTL/apaul/ros2_hw1/install/vrep4_helpers:/home/GTL/apaul/ros2_hw1/install/task_manager_sync:/home/GTL/apaul/ros2_hw1/install/floor_nav:/home/GTL/apaul/ros2_hw1/install/joy_pack:/home/GTL/apaul/ros2_hw1/install/face_msg:/home/GTL/apaul/ros2_hw1/install/collision_avoidance_base:/home/GTL/apaul/ros2_hw1/install/vrep_ros_teleop:/home/GTL/apaul/ros2_hw1/install/task_manager_client_py:/home/GTL/apaul/ros2_hw1/install/keyboard_teleop:/home/GTL/apaul/ros2_hw1/install/face_detect_base:/home/GTL/apaul/ros2_hw1/install/button_server:/opt/ros/humble LD_LIBRARY_PATH=/home/GTL/apaul/ros2_hw1/install/task_manager_lib/lib:/home/GTL/apaul/ros2_hw1/install/task_manager_msgs/lib:/home/GTL/apaul/ros2_hw1/install/cs7630_msgs/lib:/home/GTL/apaul/ros2_hw1/install/task_manager_sync/lib:/home/GTL/apaul/ros2_hw1/install/face_msg/lib:/usr/lib/x86_64-linux-gnu/gazebo-11/plugins:/opt/ros/humble/opt/rviz_ogre_vendor/lib:/opt/ros/humble/lib/x86_64-linux-gnu:/opt/ros/humble/lib /usr/bin/cmake --build /home/GTL/apaul/ros2_hw1/build/floor_nav -- -j16 -l16
