[01m[K/home/GTL/apaul/ros2_hw1/src/collision_avoidance_base/src/collision_avoidance.cpp:[m[K In member function â€˜[01m[Kgeometry_msgs::msg::Twist CollisionAvoidance::findClosestAcceptableVelocity(const Twist&)[m[Kâ€™:
[01m[K/home/GTL/apaul/ros2_hw1/src/collision_avoidance_base/src/collision_avoidance.cpp:78:27:[m[K [01;35m[Kwarning: [m[Kunused variable â€˜[01m[Kvelocity_Robot[m[Kâ€™ [[01;35m[K]8;;https://gcc.gnu.org/onlinedocs/gcc/Warning-Options.html#index-Wunused-variable-Wunused-variable]8;;[m[K]
   78 |                     float [01;35m[Kvelocity_Robot[m[K = desired.linear.x;
      |                           [01;35m[K^~~~~~~~~~~~~~[m[K
[01m[K/home/GTL/apaul/ros2_hw1/src/collision_avoidance_base/src/collision_avoidance.cpp:95:21:[m[K [01;31m[Kerror: [m[Kâ€˜[01m[Kvelocity_Robot[m[Kâ€™ was not declared in this scope
   95 |                 if ([01;31m[Kvelocity_Robot[m[K >max_velocity) {
      |                     [01;31m[K^~~~~~~~~~~~~~[m[K
gmake[2]: *** [CMakeFiles/collision_avoidance_base.dir/build.make:76: CMakeFiles/collision_avoidance_base.dir/src/collision_avoidance.cpp.o] Error 1
gmake[1]: *** [CMakeFiles/Makefile2:137: CMakeFiles/collision_avoidance_base.dir/all] Error 2
gmake: *** [Makefile:146: all] Error 2
