[01m[K/home/GTL/apaul/ros2_hw1/src/occgrid_planner_base/src/path_follower.cpp:[m[K In constructor â€˜[01m[KPathFollower::PathFollower()[m[Kâ€™:
[01m[K/home/GTL/apaul/ros2_hw1/src/occgrid_planner_base/src/path_follower.cpp:127:13:[m[K [01;31m[Kerror: [m[Kâ€˜[01m[Ktarget_pose_sub_[m[Kâ€™ was not declared in this scope
  127 |             [01;31m[Ktarget_pose_sub_[m[K = this->create_subscription<geometry_msgs::msg::PoseStamped>("/move_base_simple/goal",1, std::bind(&PathFollower::target_cb,this,std::placeholders::1));
      |             [01;31m[K^~~~~~~~~~~~~~~~[m[K
[01m[K/home/GTL/apaul/ros2_hw1/src/occgrid_planner_base/src/path_follower.cpp:127:144:[m[K [01;31m[Kerror: [m[Kâ€˜[01m[Ktarget_cb[m[Kâ€™ is not a member of â€˜[01m[KPathFollower[m[Kâ€™
  127 |             target_pose_sub_ = this->create_subscription<geometry_msgs::msg::PoseStamped>("/move_base_simple/goal",1, std::bind(&PathFollower::[01;31m[Ktarget_cb[m[K,this,std::placeholders::1));
      |                                                                                                                                                [01;31m[K^~~~~~~~~[m[K
[01m[K/home/GTL/apaul/ros2_hw1/src/occgrid_planner_base/src/path_follower.cpp:127:178:[m[K [01;31m[Kerror: [m[Kexpected unqualified-id before numeric constant
  127 |             target_pose_sub_ = this->create_subscription<geometry_msgs::msg::PoseStamped>("/move_base_simple/goal",1, std::bind(&PathFollower::target_cb,this,std::placeholders::[01;31m[K1[m[K));
      |                                                                                                                                                                                  [01;31m[K^[m[K
[01m[K/home/GTL/apaul/ros2_hw1/src/occgrid_planner_base/src/path_follower.cpp:128:13:[m[K [01;31m[Kerror: [m[Kâ€˜[01m[Ktarget_pose_pub_[m[Kâ€™ was not declared in this scope
  128 |             [01;31m[Ktarget_pose_pub_[m[K = this->create_publisher<geometry_msgs::msg::PoseStamped>("/move_base_simple/goal",1);
      |             [01;31m[K^~~~~~~~~~~~~~~~[m[K
gmake[2]: *** [CMakeFiles/path_follower_base.dir/build.make:76: CMakeFiles/path_follower_base.dir/src/path_follower.cpp.o] Error 1
gmake[1]: *** [CMakeFiles/Makefile2:193: CMakeFiles/path_follower_base.dir/all] Error 2
gmake[1]: *** Waiting for unfinished jobs....
gmake: *** [Makefile:146: all] Error 2
