[0.863s] Invoking command in '/home/GTL/apaul/ros2_hw1/build/obstacle_avoidance_base': CMAKE_PREFIX_PATH=/opt/ros/humble /usr/bin/cmake --build /home/GTL/apaul/ros2_hw1/build/obstacle_avoidance_base -- -j16 -l16
[0.888s] [35m[1mConsolidate compiler generated dependencies of target obstacle_avoidance_base[0m
[0.944s] [ 50%] [32mBuilding CXX object CMakeFiles/obstacle_avoidance_base.dir/src/obstacle_avoidance.cpp.o[0m
[5.448s] [01m[K/home/GTL/apaul/ros2_hw1/src/obstacle_avoidance_base/src/obstacle_avoidance.cpp:[m[K In member function â€˜[01m[Kgeometry_msgs::msg::Twist ObstacleAvoidance::findClosestAcceptableVelocity(const Twist&)[m[Kâ€™:
[5.448s] [01m[K/home/GTL/apaul/ros2_hw1/src/obstacle_avoidance_base/src/obstacle_avoidance.cpp:217:46:[m[K [01;31m[Kerror: [m[Kâ€˜[01m[Kmax_linear_accel[m[Kâ€™ was not declared in this scope; did you mean â€˜[01m[Kmax_linear_accel_[m[Kâ€™?
[5.448s]   217 |             min_v=current_velocity_.linear.x-[01;31m[Kmax_linear_accel[m[K*time_horizon;
[5.448s]       |                                              [01;31m[K^~~~~~~~~~~~~~~~[m[K
[5.448s]       |                                              [32m[Kmax_linear_accel_[m[K
[5.453s] [01m[K/home/GTL/apaul/ros2_hw1/src/obstacle_avoidance_base/src/obstacle_avoidance.cpp:217:63:[m[K [01;31m[Kerror: [m[Kâ€˜[01m[Ktime_horizon[m[Kâ€™ was not declared in this scope; did you mean â€˜[01m[Ktime_horizon_[m[Kâ€™?
[5.453s]   217 |             min_v=current_velocity_.linear.x-max_linear_accel*[01;31m[Ktime_horizon[m[K;
[5.453s]       |                                                               [01;31m[K^~~~~~~~~~~~[m[K
[5.453s]       |                                                               [32m[Ktime_horizon_[m[K
[5.459s] [01m[K/home/GTL/apaul/ros2_hw1/src/obstacle_avoidance_base/src/obstacle_avoidance.cpp:221:47:[m[K [01;31m[Kerror: [m[Kâ€˜[01m[Kmax_angular_accel[m[Kâ€™ was not declared in this scope; did you mean â€˜[01m[Kmax_angular_accel_[m[Kâ€™?
[5.459s]   221 |             min_w=current_velocity_.angular.z-[01;31m[Kmax_angular_accel[m[K*time_horizon;
[5.459s]       |                                               [01;31m[K^~~~~~~~~~~~~~~~~[m[K
[5.459s]       |                                               [32m[Kmax_angular_accel_[m[K
[5.464s] [01m[K/home/GTL/apaul/ros2_hw1/src/obstacle_avoidance_base/src/obstacle_avoidance.cpp:245:38:[m[K [01;31m[Kerror: [m[Kâ€˜[01m[Kk_v[m[Kâ€™ was not declared in this scope; did you mean â€˜[01m[Kk_v_[m[Kâ€™?
[5.464s]   245 |                     scores(j,i)=exp(-[01;31m[Kk_v[m[K* (v-max_linear_velocity_)*(v-max_linear_velocity_) -k_w*(w-max_angular_velocity_)*(w-max_angular_velocity_));
[5.464s]       |                                      [01;31m[K^~~[m[K
[5.464s]       |                                      [32m[Kk_v_[m[K
[5.468s] [01m[K/home/GTL/apaul/ros2_hw1/src/obstacle_avoidance_base/src/obstacle_avoidance.cpp:245:94:[m[K [01;31m[Kerror: [m[Kâ€˜[01m[Kk_w[m[Kâ€™ was not declared in this scope; did you mean â€˜[01m[Kk_w_[m[Kâ€™?
[5.468s]   245 |        scores(j,i)=exp(-k_v* (v-max_linear_velocity_)*(v-max_linear_velocity_) -[01;31m[Kk_w[m[K*(w-max_angular_velocity_)*(w-max_angular_velocity_));
[5.468s]       |                                                                                 [01;31m[K^~~[m[K
[5.468s]       |                                                                                 [32m[Kk_w_[m[K
[8.739s] gmake[2]: *** [CMakeFiles/obstacle_avoidance_base.dir/build.make:76: CMakeFiles/obstacle_avoidance_base.dir/src/obstacle_avoidance.cpp.o] Error 1
[8.739s] gmake[1]: *** [CMakeFiles/Makefile2:137: CMakeFiles/obstacle_avoidance_base.dir/all] Error 2
[8.740s] gmake: *** [Makefile:146: all] Error 2
[8.741s] Invoked command in '/home/GTL/apaul/ros2_hw1/build/obstacle_avoidance_base' returned '2': CMAKE_PREFIX_PATH=/opt/ros/humble /usr/bin/cmake --build /home/GTL/apaul/ros2_hw1/build/obstacle_avoidance_base -- -j16 -l16
