In file included from [01m[K/home/GTL/apaul/ros2_hw1/src/floor_nav/tasks/TaskGoToPose.cpp:2[m[K:
[01m[K/home/GTL/apaul/ros2_hw1/src/floor_nav/tasks/TaskGoToPose.h:[m[K In constructor â€˜[01m[Kfloor_nav::TaskGoToPosePoseConfig::TaskGoToPosePoseConfig()[m[Kâ€™:
[01m[K/home/GTL/apaul/ros2_hw1/src/floor_nav/tasks/TaskGoToPose.h:22:68:[m[K [01;31m[Kerror: [m[Kâ€˜[01m[Kstupid[m[Kâ€™ was not declared in this scope; did you mean â€˜[01m[Ksetuid[m[Kâ€™?
   22 |             define("stupid", true,"Use a stupid control law",true, [01;31m[Kstupid[m[K);
      |                                                                    [01;31m[K^~~~~~[m[K
      |                                                                    [32m[Ksetuid[m[K
[01m[K/home/GTL/apaul/ros2_hw1/src/floor_nav/tasks/TaskGoToPose.h:[m[K At global scope:
[01m[K/home/GTL/apaul/ros2_hw1/src/floor_nav/tasks/TaskGoToPose.h:53:55:[m[K [01;31m[Kerror: [m[Kâ€˜[01m[KTaskGoToPoseConfig[m[Kâ€™ was not declared in this scope; did you mean â€˜[01m[KTaskGoToPosePoseConfig[m[Kâ€™?
   53 |     class TaskFactoryGoToPose : public TaskDefinition<[01;31m[KTaskGoToPoseConfig[m[K, SimTasksEnv, TaskGoToPose>
      |                                                       [01;31m[K^~~~~~~~~~~~~~~~~~[m[K
      |                                                       [32m[KTaskGoToPosePoseConfig[m[K
[01m[K/home/GTL/apaul/ros2_hw1/src/floor_nav/tasks/TaskGoToPose.h:53:88:[m[K [01;31m[Kerror: [m[Kâ€˜[01m[KTaskGoToPose[m[Kâ€™ was not declared in this scope; did you mean â€˜[01m[KTaskGoToPosePose[m[Kâ€™?
   53 |     class TaskFactoryGoToPose : public TaskDefinition<TaskGoToPoseConfig, SimTasksEnv, [01;31m[KTaskGoToPose[m[K>
      |                                                                                        [01;31m[K^~~~~~~~~~~~[m[K
      |                                                                                        [32m[KTaskGoToPosePose[m[K
[01m[K/home/GTL/apaul/ros2_hw1/src/floor_nav/tasks/TaskGoToPose.h:53:100:[m[K [01;31m[Kerror: [m[Ktemplate argument 1 is invalid
   53 |     class TaskFactoryGoToPose : public TaskDefinition<TaskGoToPoseConfig, SimTasksEnv, TaskGoToPose[01;31m[K>[m[K
      |                                                                                                    [01;31m[K^[m[K
[01m[K/home/GTL/apaul/ros2_hw1/src/floor_nav/tasks/TaskGoToPose.h:53:100:[m[K [01;31m[Kerror: [m[Ktemplate argument 3 is invalid
[01m[K/home/GTL/apaul/ros2_hw1/src/floor_nav/tasks/TaskGoToPose.h:[m[K In constructor â€˜[01m[Kfloor_nav::TaskFactoryGoToPose::TaskFactoryGoToPose(task_manager_lib::TaskEnvironmentPtr)[m[Kâ€™:
[01m[K/home/GTL/apaul/ros2_hw1/src/floor_nav/tasks/TaskGoToPose.h:58:17:[m[K [01;31m[Kerror: [m[Kclass â€˜[01m[Kfloor_nav::TaskFactoryGoToPose[m[Kâ€™ does not have any field named â€˜[01m[KParent[m[Kâ€™
   58 |                 [01;31m[KParent[m[K("GoToPose","Reach a desired destination",true,env) {}
      |                 [01;31m[K^~~~~~[m[K
[01m[K/home/GTL/apaul/ros2_hw1/src/floor_nav/tasks/TaskGoToPose.cpp:[m[K At global scope:
[01m[K/home/GTL/apaul/ros2_hw1/src/floor_nav/tasks/TaskGoToPose.cpp:13:15:[m[K [01;31m[Kerror: [m[Kâ€˜[01m[KTaskGoToPose[m[Kâ€™ has not been declared
   13 | TaskIndicator [01;31m[KTaskGoToPose[m[K::initialise()
      |               [01;31m[K^~~~~~~~~~~~[m[K
In file included from [01m[K/opt/ros/humble/include/rclcpp/rclcpp/client.hpp:40[m[K,
                 from [01m[K/opt/ros/humble/include/rclcpp/rclcpp/callback_group.hpp:24[m[K,
                 from [01m[K/opt/ros/humble/include/rclcpp/rclcpp/any_executable.hpp:20[m[K,
                 from [01m[K/opt/ros/humble/include/rclcpp/rclcpp/memory_strategy.hpp:25[m[K,
                 from [01m[K/opt/ros/humble/include/rclcpp/rclcpp/memory_strategies.hpp:18[m[K,
                 from [01m[K/opt/ros/humble/include/rclcpp/rclcpp/executor_options.hpp:20[m[K,
                 from [01m[K/opt/ros/humble/include/rclcpp/rclcpp/executor.hpp:37[m[K,
                 from [01m[K/opt/ros/humble/include/rclcpp/rclcpp/executors/multi_threaded_executor.hpp:25[m[K,
                 from [01m[K/opt/ros/humble/include/rclcpp/rclcpp/executors.hpp:21[m[K,
                 from [01m[K/opt/ros/humble/include/rclcpp/rclcpp/rclcpp.hpp:155[m[K,
                 from [01m[K/home/GTL/apaul/ros2_hw1/install/task_manager_lib/include/task_manager_lib/TaskInstance.h:12[m[K,
                 from [01m[K/home/GTL/apaul/ros2_hw1/src/floor_nav/tasks/TaskGoToPose.h:4[m[K,
                 from [01m[K/home/GTL/apaul/ros2_hw1/src/floor_nav/tasks/TaskGoToPose.cpp:2[m[K:
[01m[K/home/GTL/apaul/ros2_hw1/src/floor_nav/tasks/TaskGoToPose.cpp:[m[K In function â€˜[01m[Ktask_manager_lib::TaskIndicator initialise()[m[Kâ€™:
[01m[K/home/GTL/apaul/ros2_hw1/src/floor_nav/tasks/TaskGoToPose.cpp:15:17:[m[K [01;31m[Kerror: [m[Kâ€˜[01m[KgetNode[m[Kâ€™ was not declared in this scope; did you mean â€˜[01m[Kgetwd[m[Kâ€™?
   15 |     RCLCPP_INFO([01;31m[KgetNode[m[K()->get_logger(),"Going to %.2f %.2f",cfg->goal_x,cfg->goal_y);
      |                 [01;31m[K^~~~~~~[m[K
[01m[K/home/GTL/apaul/ros2_hw1/src/floor_nav/tasks/TaskGoToPose.cpp:15:5:[m[K [01;31m[Kerror: [m[Ktemplate argument 1 is invalid
   15 |     [01;31m[KRCLCPP_INFO[m[K(getNode()->get_logger(),"Going to %.2f %.2f",cfg->goal_x,cfg->goal_y);
      |     [01;31m[K^~~~~~~~~~~[m[K
[01m[K/home/GTL/apaul/ros2_hw1/src/floor_nav/tasks/TaskGoToPose.cpp:15:5:[m[K [01;31m[Kerror: [m[Ktemplate argument 1 is invalid
   15 |     [01;31m[KRCLCPP_INFO[m[K(getNode()->get_logger(),"Going to %.2f %.2f",cfg->goal_x,cfg->goal_y);
      |     [01;31m[K^~~~~~~~~~~[m[K
[01m[K/home/GTL/apaul/ros2_hw1/src/floor_nav/tasks/TaskGoToPose.cpp:15:5:[m[K [01;31m[Kerror: [m[Ktemplate argument 1 is invalid
   15 |     [01;31m[KRCLCPP_INFO[m[K(getNode()->get_logger(),"Going to %.2f %.2f",cfg->goal_x,cfg->goal_y);
      |     [01;31m[K^~~~~~~~~~~[m[K
In file included from [01m[K/opt/ros/humble/include/rclcpp/rclcpp/logging.hpp:24[m[K,
                 from [01m[K/opt/ros/humble/include/rclcpp/rclcpp/client.hpp:40[m[K,
                 from [01m[K/opt/ros/humble/include/rclcpp/rclcpp/callback_group.hpp:24[m[K,
                 from [01m[K/opt/ros/humble/include/rclcpp/rclcpp/any_executable.hpp:20[m[K,
                 from [01m[K/opt/ros/humble/include/rclcpp/rclcpp/memory_strategy.hpp:25[m[K,
                 from [01m[K/opt/ros/humble/include/rclcpp/rclcpp/memory_strategies.hpp:18[m[K,
                 from [01m[K/opt/ros/humble/include/rclcpp/rclcpp/executor_options.hpp:20[m[K,
                 from [01m[K/opt/ros/humble/include/rclcpp/rclcpp/executor.hpp:37[m[K,
                 from [01m[K/opt/ros/humble/include/rclcpp/rclcpp/executors/multi_threaded_executor.hpp:25[m[K,
                 from [01m[K/opt/ros/humble/include/rclcpp/rclcpp/executors.hpp:21[m[K,
                 from [01m[K/opt/ros/humble/include/rclcpp/rclcpp/rclcpp.hpp:155[m[K,
                 from [01m[K/home/GTL/apaul/ros2_hw1/install/task_manager_lib/include/task_manager_lib/TaskInstance.h:12[m[K,
                 from [01m[K/home/GTL/apaul/ros2_hw1/src/floor_nav/tasks/TaskGoToPose.h:4[m[K,
                 from [01m[K/home/GTL/apaul/ros2_hw1/src/floor_nav/tasks/TaskGoToPose.cpp:2[m[K:
[01m[K/home/GTL/apaul/ros2_hw1/src/floor_nav/tasks/TaskGoToPose.cpp:15:62:[m[K [01;31m[Kerror: [m[Kâ€˜[01m[Kcfg[m[Kâ€™ was not declared in this scope
   15 |     RCLCPP_INFO(getNode()->get_logger(),"Going to %.2f %.2f",[01;31m[Kcfg[m[K->goal_x,cfg->goal_y);
      |                                                              [01;31m[K^~~[m[K
[01m[K/home/GTL/apaul/ros2_hw1/src/floor_nav/tasks/TaskGoToPose.cpp:16:9:[m[K [01;31m[Kerror: [m[Kâ€˜[01m[Kcfg[m[Kâ€™ was not declared in this scope
   16 |     if ([01;31m[Kcfg[m[K->relative) {
      |         [01;31m[K^~~[m[K
[01m[K/home/GTL/apaul/ros2_hw1/src/floor_nav/tasks/TaskGoToPose.cpp:17:52:[m[K [01;31m[Kerror: [m[Kâ€˜[01m[Kenv[m[Kâ€™ was not declared in this scope
   17 |         const geometry_msgs::msg::Pose2D & tpose = [01;31m[Kenv[m[K->getPose2D();
      |                                                    [01;31m[K^~~[m[K
[01m[K/home/GTL/apaul/ros2_hw1/src/floor_nav/tasks/TaskGoToPose.cpp:18:9:[m[K [01;31m[Kerror: [m[Kâ€˜[01m[Kx_init[m[Kâ€™ was not declared in this scope; did you mean â€˜[01m[Ku_int[m[Kâ€™?
   18 |         [01;31m[Kx_init[m[K = tpose.x;
      |         [01;31m[K^~~~~~[m[K
      |         [32m[Ku_int[m[K
[01m[K/home/GTL/apaul/ros2_hw1/src/floor_nav/tasks/TaskGoToPose.cpp:19:9:[m[K [01;31m[Kerror: [m[Kâ€˜[01m[Ky_init[m[Kâ€™ was not declared in this scope; did you mean â€˜[01m[Ku_int[m[Kâ€™?
   19 |         [01;31m[Ky_init[m[K = tpose.y;
      |         [01;31m[K^~~~~~[m[K
      |         [32m[Ku_int[m[K
[01m[K/home/GTL/apaul/ros2_hw1/src/floor_nav/tasks/TaskGoToPose.cpp:20:9:[m[K [01;31m[Kerror: [m[Kâ€˜[01m[Kteta_init[m[Kâ€™ was not declared in this scope
   20 |         [01;31m[Kteta_init[m[K = tpose.theta;
      |         [01;31m[K^~~~~~~~~[m[K
[01m[K/home/GTL/apaul/ros2_hw1/src/floor_nav/tasks/TaskGoToPose.cpp:22:9:[m[K [01;31m[Kerror: [m[Kâ€˜[01m[Kx_init[m[Kâ€™ was not declared in this scope; did you mean â€˜[01m[Ku_int[m[Kâ€™?
   22 |         [01;31m[Kx_init[m[K = 0.0;
      |         [01;31m[K^~~~~~[m[K
      |         [32m[Ku_int[m[K
[01m[K/home/GTL/apaul/ros2_hw1/src/floor_nav/tasks/TaskGoToPose.cpp:23:9:[m[K [01;31m[Kerror: [m[Kâ€˜[01m[Ky_init[m[Kâ€™ was not declared in this scope; did you mean â€˜[01m[Ku_int[m[Kâ€™?
   23 |         [01;31m[Ky_init[m[K = 0.0;
      |         [01;31m[K^~~~~~[m[K
      |         [32m[Ku_int[m[K
[01m[K/home/GTL/apaul/ros2_hw1/src/floor_nav/tasks/TaskGoToPose.cpp:24:9:[m[K [01;31m[Kerror: [m[Kâ€˜[01m[Kteta_init[m[Kâ€™ was not declared in this scope
   24 |         [01;31m[Kteta_init[m[K = 0.0;
      |         [01;31m[K^~~~~~~~~[m[K
[01m[K/home/GTL/apaul/ros2_hw1/src/floor_nav/tasks/TaskGoToPose.cpp:[m[K At global scope:
[01m[K/home/GTL/apaul/ros2_hw1/src/floor_nav/tasks/TaskGoToPose.cpp:30:15:[m[K [01;31m[Kerror: [m[Kâ€˜[01m[KTaskGoToPose[m[Kâ€™ has not been declared
   30 | TaskIndicator [01;31m[KTaskGoToPose[m[K::iterate()
      |               [01;31m[K^~~~~~~~~~~~[m[K
[01m[K/home/GTL/apaul/ros2_hw1/src/floor_nav/tasks/TaskGoToPose.cpp:[m[K In function â€˜[01m[Ktask_manager_lib::TaskIndicator iterate()[m[Kâ€™:
[01m[K/home/GTL/apaul/ros2_hw1/src/floor_nav/tasks/TaskGoToPose.cpp:31:9:[m[K [01;31m[Kerror: [m[Kâ€˜[01m[Kstupid[m[Kâ€™ was not declared in this scope; did you mean â€˜[01m[Ksetuid[m[Kâ€™?
   31 | {   if ([01;31m[Kstupid[m[K==true){
      |         [01;31m[K^~~~~~[m[K
      |         [32m[Ksetuid[m[K
[01m[K/home/GTL/apaul/ros2_hw1/src/floor_nav/tasks/TaskGoToPose.cpp:32:48:[m[K [01;31m[Kerror: [m[Kâ€˜[01m[Kenv[m[Kâ€™ was not declared in this scope
   32 |     const geometry_msgs::msg::Pose2D & tpose = [01;31m[Kenv[m[K->getPose2D();
      |                                                [01;31m[K^~~[m[K
[01m[K/home/GTL/apaul/ros2_hw1/src/floor_nav/tasks/TaskGoToPose.cpp:33:9:[m[K [01;31m[Kerror: [m[Kâ€˜[01m[Kx[m[Kâ€™ was not declared in this scope; did you mean â€˜[01m[Kpcl::fields::x[m[Kâ€™?
   33 |         [01;31m[Kx[m[K = tpose.x;
      |         [01;31m[K^[m[K
      |         [32m[Kpcl::fields::x[m[K
In file included from [01m[K/usr/include/boost/preprocessor/tuple/elem.hpp:23[m[K,
                 from [01m[K/usr/include/boost/preprocessor/arithmetic/add.hpp:21[m[K,
                 from [01m[K/usr/include/boost/mpl/aux_/preprocessor/def_params_tail.hpp:66[m[K,
                 from [01m[K/usr/include/boost/mpl/aux_/na_spec.hpp:28[m[K,
                 from [01m[K/usr/include/boost/mpl/not.hpp:20[m[K,
                 from [01m[K/usr/include/boost/mpl/assert.hpp:17[m[K,
                 from [01m[K/usr/include/pcl-1.12/pcl/point_struct_traits.h:40[m[K,
                 from [01m[K/usr/include/pcl-1.12/pcl/type_traits.h:40[m[K,
                 from [01m[K/usr/include/pcl-1.12/pcl/memory.h:46[m[K,
                 from [01m[K/usr/include/pcl-1.12/pcl/impl/point_types.hpp:41[m[K,
                 from [01m[K/usr/include/pcl-1.12/pcl/point_types.h:354[m[K,
                 from [01m[K/home/GTL/apaul/ros2_hw1/src/floor_nav/include/floor_nav/SimTasksEnv.h:16[m[K,
                 from [01m[K/home/GTL/apaul/ros2_hw1/src/floor_nav/tasks/TaskGoToPose.h:5[m[K,
                 from [01m[K/home/GTL/apaul/ros2_hw1/src/floor_nav/tasks/TaskGoToPose.cpp:2[m[K:
[01m[K/usr/include/pcl-1.12/pcl/impl/point_types.hpp:1941:1:[m[K [01;36m[Knote: [m[Kâ€˜[01m[Kpcl::fields::x[m[Kâ€™ declared here
 1941 | [01;36m[KPOINT_CLOUD_REGISTER_POINT_STRUCT[m[K (pcl::_PointXYZ,
      | [01;36m[K^~~~~~~~~~~~~~~~~~~~~~~~~~~~~~~~~[m[K
[01m[K/home/GTL/apaul/ros2_hw1/src/floor_nav/tasks/TaskGoToPose.cpp:34:9:[m[K [01;31m[Kerror: [m[Kâ€˜[01m[Ky[m[Kâ€™ was not declared in this scope; did you mean â€˜[01m[Kpcl::fields::y[m[Kâ€™?
   34 |         [01;31m[Ky[m[K = tpose.y;
      |         [01;31m[K^[m[K
      |         [32m[Kpcl::fields::y[m[K
In file included from [01m[K/usr/include/boost/preprocessor/tuple/elem.hpp:23[m[K,
                 from [01m[K/usr/include/boost/preprocessor/arithmetic/add.hpp:21[m[K,
                 from [01m[K/usr/include/boost/mpl/aux_/preprocessor/def_params_tail.hpp:66[m[K,
                 from [01m[K/usr/include/boost/mpl/aux_/na_spec.hpp:28[m[K,
                 from [01m[K/usr/include/boost/mpl/not.hpp:20[m[K,
                 from [01m[K/usr/include/boost/mpl/assert.hpp:17[m[K,
                 from [01m[K/usr/include/pcl-1.12/pcl/point_struct_traits.h:40[m[K,
                 from [01m[K/usr/include/pcl-1.12/pcl/type_traits.h:40[m[K,
                 from [01m[K/usr/include/pcl-1.12/pcl/memory.h:46[m[K,
                 from [01m[K/usr/include/pcl-1.12/pcl/impl/point_types.hpp:41[m[K,
                 from [01m[K/usr/include/pcl-1.12/pcl/point_types.h:354[m[K,
                 from [01m[K/home/GTL/apaul/ros2_hw1/src/floor_nav/include/floor_nav/SimTasksEnv.h:16[m[K,
                 from [01m[K/home/GTL/apaul/ros2_hw1/src/floor_nav/tasks/TaskGoToPose.h:5[m[K,
                 from [01m[K/home/GTL/apaul/ros2_hw1/src/floor_nav/tasks/TaskGoToPose.cpp:2[m[K:
[01m[K/usr/include/pcl-1.12/pcl/impl/point_types.hpp:1941:1:[m[K [01;36m[Knote: [m[Kâ€˜[01m[Kpcl::fields::y[m[Kâ€™ declared here
 1941 | [01;36m[KPOINT_CLOUD_REGISTER_POINT_STRUCT[m[K (pcl::_PointXYZ,
      | [01;36m[K^~~~~~~~~~~~~~~~~~~~~~~~~~~~~~~~~[m[K
[01m[K/home/GTL/apaul/ros2_hw1/src/floor_nav/tasks/TaskGoToPose.cpp:35:9:[m[K [01;31m[Kerror: [m[Kâ€˜[01m[Kteta[m[Kâ€™ was not declared in this scope
   35 |         [01;31m[Kteta[m[K = tpose.theta;
      |         [01;31m[K^~~~[m[K
[01m[K/home/GTL/apaul/ros2_hw1/src/floor_nav/tasks/TaskGoToPose.cpp:37:26:[m[K [01;31m[Kerror: [m[Kâ€˜[01m[Ky_init[m[Kâ€™ was not declared in this scope; did you mean â€˜[01m[Ku_int[m[Kâ€™?
   37 |         double r = hypot([01;31m[Ky_init[m[K + cfg->goal_y-y,x_init + cfg->goal_x-x);
      |                          [01;31m[K^~~~~~[m[K
      |                          [32m[Ku_int[m[K
[01m[K/home/GTL/apaul/ros2_hw1/src/floor_nav/tasks/TaskGoToPose.cpp:37:35:[m[K [01;31m[Kerror: [m[Kâ€˜[01m[Kcfg[m[Kâ€™ was not declared in this scope
   37 |         double r = hypot(y_init + [01;31m[Kcfg[m[K->goal_y-y,x_init + cfg->goal_x-x);
      |                                   [01;31m[K^~~[m[K
[01m[K/home/GTL/apaul/ros2_hw1/src/floor_nav/tasks/TaskGoToPose.cpp:37:49:[m[K [01;31m[Kerror: [m[Kâ€˜[01m[Kx_init[m[Kâ€™ was not declared in this scope; did you mean â€˜[01m[Ku_int[m[Kâ€™?
   37 |         double r = hypot(y_init + cfg->goal_y-y,[01;31m[Kx_init[m[K + cfg->goal_x-x);
      |                                                 [01;31m[K^~~~~~[m[K
      |                                                 [32m[Ku_int[m[K
[01m[K/home/GTL/apaul/ros2_hw1/src/floor_nav/tasks/TaskGoToPose.cpp:39:17:[m[K [01;31m[Kerror: [m[Kâ€˜[01m[Kgoal_teta[m[Kâ€™ was not declared in this scope
   39 |             if ([01;31m[Kgoal_teta[m[K-teta<cfg->angle_threshold){
      |                 [01;31m[K^~~~~~~~~[m[K
[01m[K/home/GTL/apaul/ros2_hw1/src/floor_nav/tasks/TaskGoToPose.cpp:43:26:[m[K [01;31m[Kerror: [m[Kâ€˜[01m[Kk_alpha[m[Kâ€™ was not declared in this scope; did you mean â€˜[01m[Kisalpha[m[Kâ€™?
   43 |             double rot = [01;31m[Kk_alpha[m[K*remainder(cfg->goal_teta-teta,2*M_PI);
      |                          [01;31m[K^~~~~~~[m[K
      |                          [32m[Kisalpha[m[K
[01m[K/home/GTL/apaul/ros2_hw1/src/floor_nav/tasks/TaskGoToPose.cpp:[m[K At global scope:
[01m[K/home/GTL/apaul/ros2_hw1/src/floor_nav/tasks/TaskGoToPose.cpp:84:15:[m[K [01;31m[Kerror: [m[Kâ€˜[01m[KTaskGoToPose[m[Kâ€™ has not been declared
   84 | TaskIndicator [01;31m[KTaskGoToPose[m[K::terminate()
      |               [01;31m[K^~~~~~~~~~~~[m[K
[01m[K/home/GTL/apaul/ros2_hw1/src/floor_nav/tasks/TaskGoToPose.cpp:[m[K In function â€˜[01m[Ktask_manager_lib::TaskIndicator terminate()[m[Kâ€™:
[01m[K/home/GTL/apaul/ros2_hw1/src/floor_nav/tasks/TaskGoToPose.cpp:86:5:[m[K [01;31m[Kerror: [m[Kâ€˜[01m[Kenv[m[Kâ€™ was not declared in this scope
   86 |     [01;31m[Kenv[m[K->publishVelocity(0,0);
      |     [01;31m[K^~~[m[K
In file included from [01m[K/home/GTL/apaul/ros2_hw1/install/task_manager_lib/include/task_manager_lib/TaskInstance.h:19[m[K,
                 from [01m[K/home/GTL/apaul/ros2_hw1/src/floor_nav/tasks/TaskGoToPose.h:4[m[K,
                 from [01m[K/home/GTL/apaul/ros2_hw1/src/floor_nav/tasks/TaskGoToPose.cpp:2[m[K:
[01m[K/home/GTL/apaul/ros2_hw1/src/floor_nav/tasks/TaskGoToPose.cpp:[m[K In function â€˜[01m[Ktask_manager_lib::TaskDefinitionPtr TaskFactoryObject(task_manager_lib::TaskEnvironmentPtr)[m[Kâ€™:
[01m[K/home/GTL/apaul/ros2_hw1/install/task_manager_lib/include/task_manager_lib/TaskDefinition.h:240:52:[m[K [01;31m[Kerror: [m[Kno matching function for call to â€˜[01m[Kstd::shared_ptr<task_manager_lib::TaskDefinitionBase>::shared_ptr(floor_nav::TaskFactoryGoToPose*)[m[Kâ€™
  240 |         return TaskDefinitionPtr(new T(environment)[01;31m[K)[m[K;\
      |                                                    [01;31m[K^[m[K
[01m[K/home/GTL/apaul/ros2_hw1/src/floor_nav/tasks/TaskGoToPose.cpp:90:1:[m[K [01;36m[Knote: [m[Kin expansion of macro â€˜[01m[KDYNAMIC_TASK[m[Kâ€™
   90 | [01;36m[KDYNAMIC_TASK[m[K(TaskFactoryGoToPose);
      | [01;36m[K^~~~~~~~~~~~[m[K
In file included from [01m[K/usr/include/c++/11/memory:77[m[K,
                 from [01m[K/opt/ros/humble/include/rclcpp/rclcpp/rclcpp.hpp:153[m[K,
                 from [01m[K/home/GTL/apaul/ros2_hw1/install/task_manager_lib/include/task_manager_lib/TaskInstance.h:12[m[K,
                 from [01m[K/home/GTL/apaul/ros2_hw1/src/floor_nav/tasks/TaskGoToPose.h:4[m[K,
                 from [01m[K/home/GTL/apaul/ros2_hw1/src/floor_nav/tasks/TaskGoToPose.cpp:2[m[K:
[01m[K/usr/include/c++/11/bits/shared_ptr.h:408:9:[m[K [01;36m[Knote: [m[Kcandidate: â€˜[01m[Ktemplate<class _Alloc, class ... _Args> std::shared_ptr<_Tp>::shared_ptr(std::_Sp_alloc_shared_tag<_Tp>, _Args&& ...) [with _Alloc = _Alloc; _Args = {_Args ...}; _Tp = task_manager_lib::TaskDefinitionBase][m[Kâ€™
  408 |         [01;36m[Kshared_ptr[m[K(_Sp_alloc_shared_tag<_Alloc> __tag, _Args&&... __args)
      |         [01;36m[K^~~~~~~~~~[m[K
[01m[K/usr/include/c++/11/bits/shared_ptr.h:408:9:[m[K [01;36m[Knote: [m[K  template argument deduction/substitution failed:
In file included from [01m[K/home/GTL/apaul/ros2_hw1/install/task_manager_lib/include/task_manager_lib/TaskInstance.h:19[m[K,
                 from [01m[K/home/GTL/apaul/ros2_hw1/src/floor_nav/tasks/TaskGoToPose.h:4[m[K,
                 from [01m[K/home/GTL/apaul/ros2_hw1/src/floor_nav/tasks/TaskGoToPose.cpp:2[m[K:
[01m[K/home/GTL/apaul/ros2_hw1/install/task_manager_lib/include/task_manager_lib/TaskDefinition.h:240:52:[m[K [01;36m[Knote: [m[K  mismatched types â€˜[01m[Kstd::_Sp_alloc_shared_tag<_Tp>[m[Kâ€™ and â€˜[01m[Kfloor_nav::TaskFactoryGoToPose*[m[Kâ€™
  240 |         return TaskDefinitionPtr(new T(environment)[01;36m[K)[m[K;\
      |                                                    [01;36m[K^[m[K
[01m[K/home/GTL/apaul/ros2_hw1/src/floor_nav/tasks/TaskGoToPose.cpp:90:1:[m[K [01;36m[Knote: [m[Kin expansion of macro â€˜[01m[KDYNAMIC_TASK[m[Kâ€™
   90 | [01;36m[KDYNAMIC_TASK[m[K(TaskFactoryGoToPose);
      | [01;36m[K^~~~~~~~~~~~[m[K
In file included from [01m[K/usr/include/c++/11/memory:77[m[K,
                 from [01m[K/opt/ros/humble/include/rclcpp/rclcpp/rclcpp.hpp:153[m[K,
                 from [01m[K/home/GTL/apaul/ros2_hw1/install/task_manager_lib/include/task_manager_lib/TaskInstance.h:12[m[K,
                 from [01m[K/home/GTL/apaul/ros2_hw1/src/floor_nav/tasks/TaskGoToPose.h:4[m[K,
                 from [01m[K/home/GTL/apaul/ros2_hw1/src/floor_nav/tasks/TaskGoToPose.cpp:2[m[K:
[01m[K/usr/include/c++/11/bits/shared_ptr.h:340:9:[m[K [01;36m[Knote: [m[Kcandidate: â€˜[01m[Ktemplate<class _Yp, class _Del, class> std::shared_ptr<_Tp>::shared_ptr(std::unique_ptr<_Up, _Ep>&&) [with _Yp = _Yp; _Del = _Del; <template-parameter-2-3> = <template-parameter-1-3>; _Tp = task_manager_lib::TaskDefinitionBase][m[Kâ€™
  340 |         [01;36m[Kshared_ptr[m[K(unique_ptr<_Yp, _Del>&& __r)
      |         [01;36m[K^~~~~~~~~~[m[K
[01m[K/usr/include/c++/11/bits/shared_ptr.h:340:9:[m[K [01;36m[Knote: [m[K  template argument deduction/substitution failed:
In file included from [01m[K/home/GTL/apaul/ros2_hw1/install/task_manager_lib/include/task_manager_lib/TaskInstance.h:19[m[K,
                 from [01m[K/home/GTL/apaul/ros2_hw1/src/floor_nav/tasks/TaskGoToPose.h:4[m[K,
                 from [01m[K/home/GTL/apaul/ros2_hw1/src/floor_nav/tasks/TaskGoToPose.cpp:2[m[K:
[01m[K/home/GTL/apaul/ros2_hw1/install/task_manager_lib/include/task_manager_lib/TaskDefinition.h:240:52:[m[K [01;36m[Knote: [m[K  mismatched types â€˜[01m[Kstd::unique_ptr<_Tp, _Dp>[m[Kâ€™ and â€˜[01m[Kfloor_nav::TaskFactoryGoToPose*[m[Kâ€™
  240 |         return TaskDefinitionPtr(new T(environment)[01;36m[K)[m[K;\
      |                                                    [01;36m[K^[m[K
[01m[K/home/GTL/apaul/ros2_hw1/src/floor_nav/tasks/TaskGoToPose.cpp:90:1:[m[K [01;36m[Knote: [m[Kin expansion of macro â€˜[01m[KDYNAMIC_TASK[m[Kâ€™
   90 | [01;36m[KDYNAMIC_TASK[m[K(TaskFactoryGoToPose);
      | [01;36m[K^~~~~~~~~~~~[m[K
In file included from [01m[K/usr/include/c++/11/memory:77[m[K,
                 from [01m[K/opt/ros/humble/include/rclcpp/rclcpp/rclcpp.hpp:153[m[K,
                 from [01m[K/home/GTL/apaul/ros2_hw1/install/task_manager_lib/include/task_manager_lib/TaskInstance.h:12[m[K,
                 from [01m[K/home/GTL/apaul/ros2_hw1/src/floor_nav/tasks/TaskGoToPose.h:4[m[K,
                 from [01m[K/home/GTL/apaul/ros2_hw1/src/floor_nav/tasks/TaskGoToPose.cpp:2[m[K:
[01m[K/usr/include/c++/11/bits/shared_ptr.h:332:9:[m[K [01;36m[Knote: [m[Kcandidate: â€˜[01m[Ktemplate<class _Yp, class> std::shared_ptr<_Tp>::shared_ptr(std::auto_ptr<_Up>&&) [with _Yp = _Tp1; <template-parameter-2-2> = <template-parameter-1-2>; _Tp = task_manager_lib::TaskDefinitionBase][m[Kâ€™
  332 |         [01;36m[Kshared_ptr[m[K(auto_ptr<_Yp>&& __r);
      |         [01;36m[K^~~~~~~~~~[m[K
[01m[K/usr/include/c++/11/bits/shared_ptr.h:332:9:[m[K [01;36m[Knote: [m[K  template argument deduction/substitution failed:
In file included from [01m[K/home/GTL/apaul/ros2_hw1/install/task_manager_lib/include/task_manager_lib/TaskInstance.h:19[m[K,
                 from [01m[K/home/GTL/apaul/ros2_hw1/src/floor_nav/tasks/TaskGoToPose.h:4[m[K,
                 from [01m[K/home/GTL/apaul/ros2_hw1/src/floor_nav/tasks/TaskGoToPose.cpp:2[m[K:
[01m[K/home/GTL/apaul/ros2_hw1/install/task_manager_lib/include/task_manager_lib/TaskDefinition.h:240:52:[m[K [01;36m[Knote: [m[K  mismatched types â€˜[01m[Kstd::auto_ptr<_Up>[m[Kâ€™ and â€˜[01m[Kfloor_nav::TaskFactoryGoToPose*[m[Kâ€™
  240 |         return TaskDefinitionPtr(new T(environment)[01;36m[K)[m[K;\
      |                                                    [01;36m[K^[m[K
[01m[K/home/GTL/apaul/ros2_hw1/src/floor_nav/tasks/TaskGoToPose.cpp:90:1:[m[K [01;36m[Knote: [m[Kin expansion of macro â€˜[01m[KDYNAMIC_TASK[m[Kâ€™
   90 | [01;36m[KDYNAMIC_TASK[m[K(TaskFactoryGoToPose);
      | [01;36m[K^~~~~~~~~~~~[m[K
In file included from [01m[K/usr/include/c++/11/memory:77[m[K,
                 from [01m[K/opt/ros/humble/include/rclcpp/rclcpp/rclcpp.hpp:153[m[K,
                 from [01m[K/home/GTL/apaul/ros2_hw1/install/task_manager_lib/include/task_manager_lib/TaskInstance.h:12[m[K,
                 from [01m[K/home/GTL/apaul/ros2_hw1/src/floor_nav/tasks/TaskGoToPose.h:4[m[K,
                 from [01m[K/home/GTL/apaul/ros2_hw1/src/floor_nav/tasks/TaskGoToPose.cpp:2[m[K:
[01m[K/usr/include/c++/11/bits/shared_ptr.h:325:18:[m[K [01;36m[Knote: [m[Kcandidate: â€˜[01m[Ktemplate<class _Yp, class> std::shared_ptr<_Tp>::shared_ptr(const std::weak_ptr<_Yp>&) [with _Yp = _Yp; <template-parameter-2-2> = <template-parameter-1-2>; _Tp = task_manager_lib::TaskDefinitionBase][m[Kâ€™
  325 |         explicit [01;36m[Kshared_ptr[m[K(const weak_ptr<_Yp>& __r)
      |                  [01;36m[K^~~~~~~~~~[m[K
[01m[K/usr/include/c++/11/bits/shared_ptr.h:325:18:[m[K [01;36m[Knote: [m[K  template argument deduction/substitution failed:
In file included from [01m[K/home/GTL/apaul/ros2_hw1/install/task_manager_lib/include/task_manager_lib/TaskInstance.h:19[m[K,
                 from [01m[K/home/GTL/apaul/ros2_hw1/src/floor_nav/tasks/TaskGoToPose.h:4[m[K,
                 from [01m[K/home/GTL/apaul/ros2_hw1/src/floor_nav/tasks/TaskGoToPose.cpp:2[m[K:
[01m[K/home/GTL/apaul/ros2_hw1/install/task_manager_lib/include/task_manager_lib/TaskDefinition.h:240:52:[m[K [01;36m[Knote: [m[K  mismatched types â€˜[01m[Kconst std::weak_ptr<_Tp>[m[Kâ€™ and â€˜[01m[Kfloor_nav::TaskFactoryGoToPose*[m[Kâ€™
  240 |         return TaskDefinitionPtr(new T(environment)[01;36m[K)[m[K;\
      |                                                    [01;36m[K^[m[K
[01m[K/home/GTL/apaul/ros2_hw1/src/floor_nav/tasks/TaskGoToPose.cpp:90:1:[m[K [01;36m[Knote: [m[Kin expansion of macro â€˜[01m[KDYNAMIC_TASK[m[Kâ€™
   90 | [01;36m[KDYNAMIC_TASK[m[K(TaskFactoryGoToPose);
      | [01;36m[K^~~~~~~~~~~~[m[K
In file included from [01m[K/usr/include/c++/11/memory:77[m[K,
                 from [01m[K/opt/ros/humble/include/rclcpp/rclcpp/rclcpp.hpp:153[m[K,
                 from [01m[K/home/GTL/apaul/ros2_hw1/install/task_manager_lib/include/task_manager_lib/TaskInstance.h:12[m[K,
                 from [01m[K/home/GTL/apaul/ros2_hw1/src/floor_nav/tasks/TaskGoToPose.h:4[m[K,
                 from [01m[K/home/GTL/apaul/ros2_hw1/src/floor_nav/tasks/TaskGoToPose.cpp:2[m[K:
[01m[K/usr/include/c++/11/bits/shared_ptr.h:313:9:[m[K [01;36m[Knote: [m[Kcandidate: â€˜[01m[Ktemplate<class _Yp, class> std::shared_ptr<_Tp>::shared_ptr(std::shared_ptr<_Yp>&&) [with _Yp = _Yp; <template-parameter-2-2> = <template-parameter-1-2>; _Tp = task_manager_lib::TaskDefinitionBase][m[Kâ€™
  313 |         [01;36m[Kshared_ptr[m[K(shared_ptr<_Yp>&& __r) noexcept
      |         [01;36m[K^~~~~~~~~~[m[K
[01m[K/usr/include/c++/11/bits/shared_ptr.h:313:9:[m[K [01;36m[Knote: [m[K  template argument deduction/substitution failed:
In file included from [01m[K/home/GTL/apaul/ros2_hw1/install/task_manager_lib/include/task_manager_lib/TaskInstance.h:19[m[K,
                 from [01m[K/home/GTL/apaul/ros2_hw1/src/floor_nav/tasks/TaskGoToPose.h:4[m[K,
                 from [01m[K/home/GTL/apaul/ros2_hw1/src/floor_nav/tasks/TaskGoToPose.cpp:2[m[K:
[01m[K/home/GTL/apaul/ros2_hw1/install/task_manager_lib/include/task_manager_lib/TaskDefinition.h:240:52:[m[K [01;36m[Knote: [m[K  mismatched types â€˜[01m[Kstd::shared_ptr<_Tp>[m[Kâ€™ and â€˜[01m[Kfloor_nav::TaskFactoryGoToPose*[m[Kâ€™
  240 |         return TaskDefinitionPtr(new T(environment)[01;36m[K)[m[K;\
      |                                                    [01;36m[K^[m[K
[01m[K/home/GTL/apaul/ros2_hw1/src/floor_nav/tasks/TaskGoToPose.cpp:90:1:[m[K [01;36m[Knote: [m[Kin expansion of macro â€˜[01m[KDYNAMIC_TASK[m[Kâ€™
   90 | [01;36m[KDYNAMIC_TASK[m[K(TaskFactoryGoToPose);
      | [01;36m[K^~~~~~~~~~~~[m[K
In file included from [01m[K/usr/include/c++/11/memory:77[m[K,
                 from [01m[K/opt/ros/humble/include/rclcpp/rclcpp/rclcpp.hpp:153[m[K,
                 from [01m[K/home/GTL/apaul/ros2_hw1/install/task_manager_lib/include/task_manager_lib/TaskInstance.h:12[m[K,
                 from [01m[K/home/GTL/apaul/ros2_hw1/src/floor_nav/tasks/TaskGoToPose.h:4[m[K,
                 from [01m[K/home/GTL/apaul/ros2_hw1/src/floor_nav/tasks/TaskGoToPose.cpp:2[m[K:
[01m[K/usr/include/c++/11/bits/shared_ptr.h:296:9:[m[K [01;36m[Knote: [m[Kcandidate: â€˜[01m[Ktemplate<class _Yp, class> std::shared_ptr<_Tp>::shared_ptr(const std::shared_ptr<_Yp>&) [with _Yp = _Yp; <template-parameter-2-2> = <template-parameter-1-2>; _Tp = task_manager_lib::TaskDefinitionBase][m[Kâ€™
  296 |         [01;36m[Kshared_ptr[m[K(const shared_ptr<_Yp>& __r) noexcept
      |         [01;36m[K^~~~~~~~~~[m[K
[01m[K/usr/include/c++/11/bits/shared_ptr.h:296:9:[m[K [01;36m[Knote: [m[K  template argument deduction/substitution failed:
In file included from [01m[K/home/GTL/apaul/ros2_hw1/install/task_manager_lib/include/task_manager_lib/TaskInstance.h:19[m[K,
                 from [01m[K/home/GTL/apaul/ros2_hw1/src/floor_nav/tasks/TaskGoToPose.h:4[m[K,
                 from [01m[K/home/GTL/apaul/ros2_hw1/src/floor_nav/tasks/TaskGoToPose.cpp:2[m[K:
[01m[K/home/GTL/apaul/ros2_hw1/install/task_manager_lib/include/task_manager_lib/TaskDefinition.h:240:52:[m[K [01;36m[Knote: [m[K  mismatched types â€˜[01m[Kconst std::shared_ptr<_Tp>[m[Kâ€™ and â€˜[01m[Kfloor_nav::TaskFactoryGoToPose*[m[Kâ€™
  240 |         return TaskDefinitionPtr(new T(environment)[01;36m[K)[m[K;\
      |                                                    [01;36m[K^[m[K
[01m[K/home/GTL/apaul/ros2_hw1/src/floor_nav/tasks/TaskGoToPose.cpp:90:1:[m[K [01;36m[Knote: [m[Kin expansion of macro â€˜[01m[KDYNAMIC_TASK[m[Kâ€™
   90 | [01;36m[KDYNAMIC_TASK[m[K(TaskFactoryGoToPose);
      | [01;36m[K^~~~~~~~~~~~[m[K
In file included from [01m[K/usr/include/c++/11/memory:77[m[K,
                 from [01m[K/opt/ros/humble/include/rclcpp/rclcpp/rclcpp.hpp:153[m[K,
                 from [01m[K/home/GTL/apaul/ros2_hw1/install/task_manager_lib/include/task_manager_lib/TaskInstance.h:12[m[K,
                 from [01m[K/home/GTL/apaul/ros2_hw1/src/floor_nav/tasks/TaskGoToPose.h:4[m[K,
                 from [01m[K/home/GTL/apaul/ros2_hw1/src/floor_nav/tasks/TaskGoToPose.cpp:2[m[K:
[01m[K/usr/include/c++/11/bits/shared_ptr.h:257:9:[m[K [01;36m[Knote: [m[Kcandidate: â€˜[01m[Ktemplate<class _Yp> std::shared_ptr<_Tp>::shared_ptr(const std::shared_ptr<_Yp>&, std::shared_ptr<_Tp>::element_type*) [with _Yp = _Yp; _Tp = task_manager_lib::TaskDefinitionBase][m[Kâ€™
  257 |         [01;36m[Kshared_ptr[m[K(const shared_ptr<_Yp>& __r, element_type* __p) noexcept
      |         [01;36m[K^~~~~~~~~~[m[K
[01m[K/usr/include/c++/11/bits/shared_ptr.h:257:9:[m[K [01;36m[Knote: [m[K  template argument deduction/substitution failed:
In file included from [01m[K/home/GTL/apaul/ros2_hw1/install/task_manager_lib/include/task_manager_lib/TaskInstance.h:19[m[K,
                 from [01m[K/home/GTL/apaul/ros2_hw1/src/floor_nav/tasks/TaskGoToPose.h:4[m[K,
                 from [01m[K/home/GTL/apaul/ros2_hw1/src/floor_nav/tasks/TaskGoToPose.cpp:2[m[K:
[01m[K/home/GTL/apaul/ros2_hw1/install/task_manager_lib/include/task_manager_lib/TaskDefinition.h:240:52:[m[K [01;36m[Knote: [m[K  mismatched types â€˜[01m[Kconst std::shared_ptr<_Tp>[m[Kâ€™ and â€˜[01m[Kfloor_nav::TaskFactoryGoToPose*[m[Kâ€™
  240 |         return TaskDefinitionPtr(new T(environment)[01;36m[K)[m[K;\
      |                                                    [01;36m[K^[m[K
[01m[K/home/GTL/apaul/ros2_hw1/src/floor_nav/tasks/TaskGoToPose.cpp:90:1:[m[K [01;36m[Knote: [m[Kin expansion of macro â€˜[01m[KDYNAMIC_TASK[m[Kâ€™
   90 | [01;36m[KDYNAMIC_TASK[m[K(TaskFactoryGoToPose);
      | [01;36m[K^~~~~~~~~~~~[m[K
In file included from [01m[K/usr/include/c++/11/memory:77[m[K,
                 from [01m[K/opt/ros/humble/include/rclcpp/rclcpp/rclcpp.hpp:153[m[K,
                 from [01m[K/home/GTL/apaul/ros2_hw1/install/task_manager_lib/include/task_manager_lib/TaskInstance.h:12[m[K,
                 from [01m[K/home/GTL/apaul/ros2_hw1/src/floor_nav/tasks/TaskGoToPose.h:4[m[K,
                 from [01m[K/home/GTL/apaul/ros2_hw1/src/floor_nav/tasks/TaskGoToPose.cpp:2[m[K:
[01m[K/usr/include/c++/11/bits/shared_ptr.h:233:9:[m[K [01;36m[Knote: [m[Kcandidate: â€˜[01m[Ktemplate<class _Deleter, class _Alloc> std::shared_ptr<_Tp>::shared_ptr(std::nullptr_t, _Deleter, _Alloc) [with _Deleter = _Deleter; _Alloc = _Alloc; _Tp = task_manager_lib::TaskDefinitionBase][m[Kâ€™
  233 |         [01;36m[Kshared_ptr[m[K(nullptr_t __p, _Deleter __d, _Alloc __a)
      |         [01;36m[K^~~~~~~~~~[m[K
[01m[K/usr/include/c++/11/bits/shared_ptr.h:233:9:[m[K [01;36m[Knote: [m[K  template argument deduction/substitution failed:
In file included from [01m[K/home/GTL/apaul/ros2_hw1/install/task_manager_lib/include/task_manager_lib/TaskInstance.h:19[m[K,
                 from [01m[K/home/GTL/apaul/ros2_hw1/src/floor_nav/tasks/TaskGoToPose.h:4[m[K,
                 from [01m[K/home/GTL/apaul/ros2_hw1/src/floor_nav/tasks/TaskGoToPose.cpp:2[m[K:
[01m[K/home/GTL/apaul/ros2_hw1/install/task_manager_lib/include/task_manager_lib/TaskDefinition.h:240:52:[m[K [01;36m[Knote: [m[K  candidate expects 3 arguments, 1 provided
  240 |         return TaskDefinitionPtr(new T(environment)[01;36m[K)[m[K;\
      |                                                    [01;36m[K^[m[K
[01m[K/home/GTL/apaul/ros2_hw1/src/floor_nav/tasks/TaskGoToPose.cpp:90:1:[m[K [01;36m[Knote: [m[Kin expansion of macro â€˜[01m[KDYNAMIC_TASK[m[Kâ€™
   90 | [01;36m[KDYNAMIC_TASK[m[K(TaskFactoryGoToPose);
      | [01;36m[K^~~~~~~~~~~~[m[K
In file included from [01m[K/usr/include/c++/11/memory:77[m[K,
                 from [01m[K/opt/ros/humble/include/rclcpp/rclcpp/rclcpp.hpp:153[m[K,
                 from [01m[K/home/GTL/apaul/ros2_hw1/install/task_manager_lib/include/task_manager_lib/TaskInstance.h:12[m[K,
                 from [01m[K/home/GTL/apaul/ros2_hw1/src/floor_nav/tasks/TaskGoToPose.h:4[m[K,
                 from [01m[K/home/GTL/apaul/ros2_hw1/src/floor_nav/tasks/TaskGoToPose.cpp:2[m[K:
[01m[K/usr/include/c++/11/bits/shared_ptr.h:214:9:[m[K [01;36m[Knote: [m[Kcandidate: â€˜[01m[Ktemplate<class _Yp, class _Deleter, class _Alloc, class> std::shared_ptr<_Tp>::shared_ptr(_Yp*, _Deleter, _Alloc) [with _Yp = _Yp; _Deleter = _Deleter; _Alloc = _Alloc; <template-parameter-2-4> = <template-parameter-1-4>; _Tp = task_manager_lib::TaskDefinitionBase][m[Kâ€™
  214 |         [01;36m[Kshared_ptr[m[K(_Yp* __p, _Deleter __d, _Alloc __a)
      |         [01;36m[K^~~~~~~~~~[m[K
[01m[K/usr/include/c++/11/bits/shared_ptr.h:214:9:[m[K [01;36m[Knote: [m[K  template argument deduction/substitution failed:
In file included from [01m[K/home/GTL/apaul/ros2_hw1/install/task_manager_lib/include/task_manager_lib/TaskInstance.h:19[m[K,
                 from [01m[K/home/GTL/apaul/ros2_hw1/src/floor_nav/tasks/TaskGoToPose.h:4[m[K,
                 from [01m[K/home/GTL/apaul/ros2_hw1/src/floor_nav/tasks/TaskGoToPose.cpp:2[m[K:
[01m[K/home/GTL/apaul/ros2_hw1/install/task_manager_lib/include/task_manager_lib/TaskDefinition.h:240:52:[m[K [01;36m[Knote: [m[K  candidate expects 3 arguments, 1 provided
  240 |         return TaskDefinitionPtr(new T(environment)[01;36m[K)[m[K;\
      |                                                    [01;36m[K^[m[K
[01m[K/home/GTL/apaul/ros2_hw1/src/floor_nav/tasks/TaskGoToPose.cpp:90:1:[m[K [01;36m[Knote: [m[Kin expansion of macro â€˜[01m[KDYNAMIC_TASK[m[Kâ€™
   90 | [01;36m[KDYNAMIC_TASK[m[K(TaskFactoryGoToPose);
      | [01;36m[K^~~~~~~~~~~~[m[K
In file included from [01m[K/usr/include/c++/11/memory:77[m[K,
                 from [01m[K/opt/ros/humble/include/rclcpp/rclcpp/rclcpp.hpp:153[m[K,
                 from [01m[K/home/GTL/apaul/ros2_hw1/install/task_manager_lib/include/task_manager_lib/TaskInstance.h:12[m[K,
                 from [01m[K/home/GTL/apaul/ros2_hw1/src/floor_nav/tasks/TaskGoToPose.h:4[m[K,
                 from [01m[K/home/GTL/apaul/ros2_hw1/src/floor_nav/tasks/TaskGoToPose.cpp:2[m[K:
[01m[K/usr/include/c++/11/bits/shared_ptr.h:194:9:[m[K [01;36m[Knote: [m[Kcandidate: â€˜[01m[Ktemplate<class _Deleter> std::shared_ptr<_Tp>::shared_ptr(std::nullptr_t, _Deleter) [with _Deleter = _Deleter; _Tp = task_manager_lib::TaskDefinitionBase][m[Kâ€™
  194 |         [01;36m[Kshared_ptr[m[K(nullptr_t __p, _Deleter __d)
      |         [01;36m[K^~~~~~~~~~[m[K
[01m[K/usr/include/c++/11/bits/shared_ptr.h:194:9:[m[K [01;36m[Knote: [m[K  template argument deduction/substitution failed:
In file included from [01m[K/home/GTL/apaul/ros2_hw1/install/task_manager_lib/include/task_manager_lib/TaskInstance.h:19[m[K,
                 from [01m[K/home/GTL/apaul/ros2_hw1/src/floor_nav/tasks/TaskGoToPose.h:4[m[K,
                 from [01m[K/home/GTL/apaul/ros2_hw1/src/floor_nav/tasks/TaskGoToPose.cpp:2[m[K:
[01m[K/home/GTL/apaul/ros2_hw1/install/task_manager_lib/include/task_manager_lib/TaskDefinition.h:240:52:[m[K [01;36m[Knote: [m[K  candidate expects 2 arguments, 1 provided
  240 |         return TaskDefinitionPtr(new T(environment)[01;36m[K)[m[K;\
      |                                                    [01;36m[K^[m[K
[01m[K/home/GTL/apaul/ros2_hw1/src/floor_nav/tasks/TaskGoToPose.cpp:90:1:[m[K [01;36m[Knote: [m[Kin expansion of macro â€˜[01m[KDYNAMIC_TASK[m[Kâ€™
   90 | [01;36m[KDYNAMIC_TASK[m[K(TaskFactoryGoToPose);
      | [01;36m[K^~~~~~~~~~~~[m[K
In file included from [01m[K/usr/include/c++/11/memory:77[m[K,
                 from [01m[K/opt/ros/humble/include/rclcpp/rclcpp/rclcpp.hpp:153[m[K,
                 from [01m[K/home/GTL/apaul/ros2_hw1/install/task_manager_lib/include/task_manager_lib/TaskInstance.h:12[m[K,
                 from [01m[K/home/GTL/apaul/ros2_hw1/src/floor_nav/tasks/TaskGoToPose.h:4[m[K,
                 from [01m[K/home/GTL/apaul/ros2_hw1/src/floor_nav/tasks/TaskGoToPose.cpp:2[m[K:
[01m[K/usr/include/c++/11/bits/shared_ptr.h:177:9:[m[K [01;36m[Knote: [m[Kcandidate: â€˜[01m[Ktemplate<class _Yp, class _Deleter, class> std::shared_ptr<_Tp>::shared_ptr(_Yp*, _Deleter) [with _Yp = _Yp; _Deleter = _Deleter; <template-parameter-2-3> = <template-parameter-1-3>; _Tp = task_manager_lib::TaskDefinitionBase][m[Kâ€™
  177 |         [01;36m[Kshared_ptr[m[K(_Yp* __p, _Deleter __d)
      |         [01;36m[K^~~~~~~~~~[m[K
[01m[K/usr/include/c++/11/bits/shared_ptr.h:177:9:[m[K [01;36m[Knote: [m[K  template argument deduction/substitution failed:
In file included from [01m[K/home/GTL/apaul/ros2_hw1/install/task_manager_lib/include/task_manager_lib/TaskInstance.h:19[m[K,
                 from [01m[K/home/GTL/apaul/ros2_hw1/src/floor_nav/tasks/TaskGoToPose.h:4[m[K,
                 from [01m[K/home/GTL/apaul/ros2_hw1/src/floor_nav/tasks/TaskGoToPose.cpp:2[m[K:
[01m[K/home/GTL/apaul/ros2_hw1/install/task_manager_lib/include/task_manager_lib/TaskDefinition.h:240:52:[m[K [01;36m[Knote: [m[K  candidate expects 2 arguments, 1 provided
  240 |         return TaskDefinitionPtr(new T(environment)[01;36m[K)[m[K;\
      |                                                    [01;36m[K^[m[K
[01m[K/home/GTL/apaul/ros2_hw1/src/floor_nav/tasks/TaskGoToPose.cpp:90:1:[m[K [01;36m[Knote: [m[Kin expansion of macro â€˜[01m[KDYNAMIC_TASK[m[Kâ€™
   90 | [01;36m[KDYNAMIC_TASK[m[K(TaskFactoryGoToPose);
      | [01;36m[K^~~~~~~~~~~~[m[K
In file included from [01m[K/usr/include/c++/11/memory:77[m[K,
                 from [01m[K/opt/ros/humble/include/rclcpp/rclcpp/rclcpp.hpp:153[m[K,
                 from [01m[K/home/GTL/apaul/ros2_hw1/install/task_manager_lib/include/task_manager_lib/TaskInstance.h:12[m[K,
                 from [01m[K/home/GTL/apaul/ros2_hw1/src/floor_nav/tasks/TaskGoToPose.h:4[m[K,
                 from [01m[K/home/GTL/apaul/ros2_hw1/src/floor_nav/tasks/TaskGoToPose.cpp:2[m[K:
[01m[K/usr/include/c++/11/bits/shared_ptr.h:160:9:[m[K [01;36m[Knote: [m[Kcandidate: â€˜[01m[Ktemplate<class _Yp, class> std::shared_ptr<_Tp>::shared_ptr(_Yp*) [with _Yp = _Yp; <template-parameter-2-2> = <template-parameter-1-2>; _Tp = task_manager_lib::TaskDefinitionBase][m[Kâ€™
  160 |         [01;36m[Kshared_ptr[m[K(_Yp* __p) : __shared_ptr<_Tp>(__p) { }
      |         [01;36m[K^~~~~~~~~~[m[K
[01m[K/usr/include/c++/11/bits/shared_ptr.h:160:9:[m[K [01;36m[Knote: [m[K  template argument deduction/substitution failed:
/usr/include/c++/11/bits/shared_ptr.h: In substitution of â€˜[01m[Ktemplate<class _Tp> template<class ... _Args> using _Constructible = typename std::enable_if<std::is_constructible<std::__shared_ptr<_Tp>, _Args ...>::value>::type [with _Args = {floor_nav::TaskFactoryGoToPose*}; _Tp = task_manager_lib::TaskDefinitionBase][m[Kâ€™:
[01m[K/usr/include/c++/11/bits/shared_ptr.h:158:30:[m[K   required from here
[01m[K/usr/include/c++/11/bits/shared_ptr.h:125:15:[m[K [01;31m[Kerror: [m[Kno type named â€˜[01m[Ktype[m[Kâ€™ in â€˜[01m[Kstruct std::enable_if<false, void>[m[Kâ€™
  125 |         using [01;31m[K_Constructible[m[K = typename enable_if<
      |               [01;31m[K^~~~~~~~~~~~~~[m[K
[01m[K/usr/include/c++/11/bits/shared_ptr.h:417:7:[m[K [01;36m[Knote: [m[Kcandidate: â€˜[01m[Kstd::shared_ptr<_Tp>::shared_ptr(const std::weak_ptr<_Tp>&, std::nothrow_t) [with _Tp = task_manager_lib::TaskDefinitionBase][m[Kâ€™
  417 |       [01;36m[Kshared_ptr[m[K(const weak_ptr<_Tp>& __r, std::nothrow_t) noexcept
      |       [01;36m[K^~~~~~~~~~[m[K
[01m[K/usr/include/c++/11/bits/shared_ptr.h:417:7:[m[K [01;36m[Knote: [m[K  candidate expects 2 arguments, 1 provided
[01m[K/usr/include/c++/11/bits/shared_ptr.h:357:17:[m[K [01;36m[Knote: [m[Kcandidate: â€˜[01m[Kconstexpr std::shared_ptr<_Tp>::shared_ptr(std::nullptr_t) [with _Tp = task_manager_lib::TaskDefinitionBase; std::nullptr_t = std::nullptr_t][m[Kâ€™
  357 |       constexpr [01;36m[Kshared_ptr[m[K(nullptr_t) noexcept : shared_ptr() { }
      |                 [01;36m[K^~~~~~~~~~[m[K
[01m[K/usr/include/c++/11/bits/shared_ptr.h:357:28:[m[K [01;36m[Knote: [m[K  no known conversion for argument 1 from â€˜[01m[Kfloor_nav::TaskFactoryGoToPose*[m[Kâ€™ to â€˜[01m[Kstd::nullptr_t[m[Kâ€™
  357 |       constexpr shared_ptr([01;36m[Knullptr_t[m[K) noexcept : shared_ptr() { }
      |                            [01;36m[K^~~~~~~~~[m[K
[01m[K/usr/include/c++/11/bits/shared_ptr.h:304:7:[m[K [01;36m[Knote: [m[Kcandidate: â€˜[01m[Kstd::shared_ptr<_Tp>::shared_ptr(std::shared_ptr<_Tp>&&) [with _Tp = task_manager_lib::TaskDefinitionBase][m[Kâ€™
  304 |       [01;36m[Kshared_ptr[m[K(shared_ptr&& __r) noexcept
      |       [01;36m[K^~~~~~~~~~[m[K
[01m[K/usr/include/c++/11/bits/shared_ptr.h:304:31:[m[K [01;36m[Knote: [m[K  no known conversion for argument 1 from â€˜[01m[Kfloor_nav::TaskFactoryGoToPose*[m[Kâ€™ to â€˜[01m[Kstd::shared_ptr<task_manager_lib::TaskDefinitionBase>&&[m[Kâ€™
  304 |       shared_ptr([01;36m[Kshared_ptr&& __r[m[K) noexcept
      |                  [01;36m[K~~~~~~~~~~~~~^~~[m[K
[01m[K/usr/include/c++/11/bits/shared_ptr.h:150:7:[m[K [01;36m[Knote: [m[Kcandidate: â€˜[01m[Kstd::shared_ptr<_Tp>::shared_ptr(const std::shared_ptr<_Tp>&) [with _Tp = task_manager_lib::TaskDefinitionBase][m[Kâ€™
  150 |       [01;36m[Kshared_ptr[m[K(const shared_ptr&) noexcept = default; ///< Copy constructor
      |       [01;36m[K^~~~~~~~~~[m[K
[01m[K/usr/include/c++/11/bits/shared_ptr.h:150:18:[m[K [01;36m[Knote: [m[K  no known conversion for argument 1 from â€˜[01m[Kfloor_nav::TaskFactoryGoToPose*[m[Kâ€™ to â€˜[01m[Kconst std::shared_ptr<task_manager_lib::TaskDefinitionBase>&[m[Kâ€™
  150 |       shared_ptr([01;36m[Kconst shared_ptr&[m[K) noexcept = default; ///< Copy constructor
      |                  [01;36m[K^~~~~~~~~~~~~~~~~[m[K
[01m[K/usr/include/c++/11/bits/shared_ptr.h:148:17:[m[K [01;36m[Knote: [m[Kcandidate: â€˜[01m[Kconstexpr std::shared_ptr<_Tp>::shared_ptr() [with _Tp = task_manager_lib::TaskDefinitionBase][m[Kâ€™
  148 |       constexpr [01;36m[Kshared_ptr[m[K() noexcept : __shared_ptr<_Tp>() { }
      |                 [01;36m[K^~~~~~~~~~[m[K
[01m[K/usr/include/c++/11/bits/shared_ptr.h:148:17:[m[K [01;36m[Knote: [m[K  candidate expects 0 arguments, 1 provided
gmake[2]: *** [CMakeFiles/floornav_TaskGoToPose.dir/build.make:76: CMakeFiles/floornav_TaskGoToPose.dir/tasks/TaskGoToPose.cpp.o] Error 1
gmake[1]: *** [CMakeFiles/Makefile2:321: CMakeFiles/floornav_TaskGoToPose.dir/all] Error 2
gmake[1]: *** Waiting for unfinished jobs....
gmake: *** [Makefile:146: all] Error 2
