[0.100s] Invoking command in '/home/GTL/apaul/ros2_hw1/build/floor_nav': AMENT_PREFIX_PATH=/home/GTL/apaul/ros2_hw1/install/task_manager_nav2:/home/GTL/apaul/ros2_hw1/install/task_manager_lib:/home/GTL/apaul/ros2_hw1/install/task_manager_msgs:/home/GTL/apaul/ros2_hw1/install/face_msg:/home/GTL/apaul/ros2_hw1/install/cs7630_msgs:${AMENT_PREFIX_PATH} CMAKE_PREFIX_PATH=/home/GTL/apaul/ros2_hw1/install/task_manager_nav2:/home/GTL/apaul/ros2_hw1/install/task_manager_lib:/home/GTL/apaul/ros2_hw1/install/task_manager_msgs:/home/GTL/apaul/ros2_hw1/install/face_msg:/home/GTL/apaul/ros2_hw1/install/cs7630_msgs:/opt/ros/humble LD_LIBRARY_PATH=/home/GTL/apaul/ros2_hw1/install/task_manager_lib/lib:/home/GTL/apaul/ros2_hw1/install/task_manager_msgs/lib:/home/GTL/apaul/ros2_hw1/install/face_msg/lib:/home/GTL/apaul/ros2_hw1/install/cs7630_msgs/lib:${LD_LIBRARY_PATH} PYTHONPATH=/home/GTL/apaul/ros2_hw1/install/task_manager_msgs/local/lib/python3.10/dist-packages:/home/GTL/apaul/ros2_hw1/install/face_msg/local/lib/python3.10/dist-packages:/home/GTL/apaul/ros2_hw1/install/cs7630_msgs/local/lib/python3.10/dist-packages:${PYTHONPATH} /usr/bin/cmake --build /home/GTL/apaul/ros2_hw1/build/floor_nav -- -j16 -l16
[0.197s] [35m[1mConsolidate compiler generated dependencies of target floornav_task_server[0m
[0.215s] [35m[1mConsolidate compiler generated dependencies of target floornav_TaskWaitForFace[0m
[0.252s] [ 66%] Built target floornav_TaskSetHeading
[0.255s] [ 66%] Built target floornav_TaskTrigger
[0.256s] [ 66%] Built target floornav_TaskWander
[0.256s] [ 66%] Built target floornav_TaskGoTo
[0.256s] [ 66%] Built target floornav_TaskSetMux
[0.256s] [ 66%] Built target floornav_TaskWaitForROI
[0.256s] [ 66%] Built target floornav_TaskConstant
[0.256s] [ 77%] Built target floornav_TaskSetBool
[0.257s] [ 77%] Built target floornav_TaskPlanTo
[0.258s] [ 81%] Built target floornav_TaskAutoDock
[0.258s] [ 81%] Built target floornav_TaskNav2
[0.285s] [ 92%] [32mBuilding CXX object CMakeFiles/floornav_TaskWaitForFace.dir/tasks/TaskWaitForFace.cpp.o[0m
[0.287s] [ 96%] Built target floornav_task_server
[4.002s] [01m[K/home/GTL/apaul/ros2_hw1/src/floor_nav/tasks/TaskWaitForFace.cpp:[m[K In member function â€˜[01m[Kvirtual task_manager_lib::TaskIndicator floor_nav::TaskWaitForFace::iterate()[m[Kâ€™:
[4.002s] [01m[K/home/GTL/apaul/ros2_hw1/src/floor_nav/tasks/TaskWaitForFace.cpp:10:53:[m[K [01;31m[Kerror: [m[Kinvalid initialization of non-const reference of type â€˜[01m[Kface_msg::msg::Roilist&[m[Kâ€™ {aka â€˜[01m[Kface_msg::msg::Roilist_<std::allocator<void> >&[m[Kâ€™} from an rvalue of type â€˜[01m[Kface_msg::msg::Roilist_<std::allocator<void> >::SharedPtr[m[Kâ€™ {aka â€˜[01m[Kstd::shared_ptr<face_msg::msg::Roilist_<std::allocator<void> > >[m[Kâ€™}
[4.003s]    10 |     face_msg::msg::Roilist & roiarray = [01;31m[Kenv->getFace()[m[K;
[4.003s]       |                                         [01;31m[K~~~~~~~~~~~~^~[m[K
[4.003s] In file included from [01m[K/opt/ros/humble/include/rclcpp/rclcpp/logging.hpp:24[m[K,
[4.003s]                  from [01m[K/opt/ros/humble/include/rclcpp/rclcpp/client.hpp:40[m[K,
[4.003s]                  from [01m[K/opt/ros/humble/include/rclcpp/rclcpp/callback_group.hpp:24[m[K,
[4.003s]                  from [01m[K/opt/ros/humble/include/rclcpp/rclcpp/any_executable.hpp:20[m[K,
[4.003s]                  from [01m[K/opt/ros/humble/include/rclcpp/rclcpp/memory_strategy.hpp:25[m[K,
[4.003s]                  from [01m[K/opt/ros/humble/include/rclcpp/rclcpp/memory_strategies.hpp:18[m[K,
[4.003s]                  from [01m[K/opt/ros/humble/include/rclcpp/rclcpp/executor_options.hpp:20[m[K,
[4.003s]                  from [01m[K/opt/ros/humble/include/rclcpp/rclcpp/executor.hpp:37[m[K,
[4.003s]                  from [01m[K/opt/ros/humble/include/rclcpp/rclcpp/executors/multi_threaded_executor.hpp:25[m[K,
[4.003s]                  from [01m[K/opt/ros/humble/include/rclcpp/rclcpp/executors.hpp:21[m[K,
[4.003s]                  from [01m[K/opt/ros/humble/include/rclcpp/rclcpp/rclcpp.hpp:155[m[K,
[4.003s]                  from [01m[K/home/GTL/apaul/ros2_hw1/install/task_manager_lib/include/task_manager_lib/TaskInstance.h:12[m[K,
[4.003s]                  from [01m[K/home/GTL/apaul/ros2_hw1/src/floor_nav/tasks/TaskWaitForFace.h:4[m[K,
[4.003s]                  from [01m[K/home/GTL/apaul/ros2_hw1/src/floor_nav/tasks/TaskWaitForFace.cpp:2[m[K:
[4.003s] [01m[K/home/GTL/apaul/ros2_hw1/src/floor_nav/tasks/TaskWaitForFace.cpp:13:77:[m[K [01;31m[Kerror: [m[Kbase operand of â€˜[01m[K->[m[Kâ€™ has non-pointer type â€˜[01m[Kface_msg::msg::Roilist[m[Kâ€™ {aka â€˜[01m[Kface_msg::msg::Roilist_<std::allocator<void> >[m[Kâ€™}
[4.003s]    13 |         RCLCPP_INFO(node->get_logger(),"Detected face at %.2f %.2f",roiarray[01;31m[K->[m[Kregions[0].x_offset, roiarray.regions[0].y_offset);
[4.003s]       |                                                                             [01;31m[K^~[m[K
[4.502s] gmake[2]: *** [CMakeFiles/floornav_TaskWaitForFace.dir/build.make:76: CMakeFiles/floornav_TaskWaitForFace.dir/tasks/TaskWaitForFace.cpp.o] Error 1
[4.503s] gmake[1]: *** [CMakeFiles/Makefile2:421: CMakeFiles/floornav_TaskWaitForFace.dir/all] Error 2
[4.503s] gmake: *** [Makefile:146: all] Error 2
[4.505s] Invoked command in '/home/GTL/apaul/ros2_hw1/build/floor_nav' returned '2': AMENT_PREFIX_PATH=/home/GTL/apaul/ros2_hw1/install/task_manager_nav2:/home/GTL/apaul/ros2_hw1/install/task_manager_lib:/home/GTL/apaul/ros2_hw1/install/task_manager_msgs:/home/GTL/apaul/ros2_hw1/install/face_msg:/home/GTL/apaul/ros2_hw1/install/cs7630_msgs:${AMENT_PREFIX_PATH} CMAKE_PREFIX_PATH=/home/GTL/apaul/ros2_hw1/install/task_manager_nav2:/home/GTL/apaul/ros2_hw1/install/task_manager_lib:/home/GTL/apaul/ros2_hw1/install/task_manager_msgs:/home/GTL/apaul/ros2_hw1/install/face_msg:/home/GTL/apaul/ros2_hw1/install/cs7630_msgs:/opt/ros/humble LD_LIBRARY_PATH=/home/GTL/apaul/ros2_hw1/install/task_manager_lib/lib:/home/GTL/apaul/ros2_hw1/install/task_manager_msgs/lib:/home/GTL/apaul/ros2_hw1/install/face_msg/lib:/home/GTL/apaul/ros2_hw1/install/cs7630_msgs/lib:${LD_LIBRARY_PATH} PYTHONPATH=/home/GTL/apaul/ros2_hw1/install/task_manager_msgs/local/lib/python3.10/dist-packages:/home/GTL/apaul/ros2_hw1/install/face_msg/local/lib/python3.10/dist-packages:/home/GTL/apaul/ros2_hw1/install/cs7630_msgs/local/lib/python3.10/dist-packages:${PYTHONPATH} /usr/bin/cmake --build /home/GTL/apaul/ros2_hw1/build/floor_nav -- -j16 -l16
