[01m[K/home/GTL/pcastere/ros_hw1/ros2_hw1/src/floor_nav/tasks/TaskGoToPose.cpp:[m[K In member function â€˜[01m[Kvirtual task_manager_lib::TaskIndicator floor_nav::TaskGoToPose::iterate()[m[Kâ€™:
[01m[K/home/GTL/pcastere/ros_hw1/ros2_hw1/src/floor_nav/tasks/TaskGoToPose.cpp:94:11:[m[K [01;31m[Kerror: [m[Kexpected â€˜[01m[K}[m[Kâ€™ before â€˜[01m[Kelse[m[Kâ€™
   94 |         } [01;31m[Kelse[m[K {
      |           [01;31m[K^~~~[m[K
[01m[K/home/GTL/pcastere/ros_hw1/ros2_hw1/src/floor_nav/tasks/TaskGoToPose.cpp:82:35:[m[K [01;36m[Knote: [m[Kto match this â€˜[01m[K{[m[Kâ€™
   82 |         if (fabs(alpha) > M_PI/9) [01;36m[K{[m[K
      |                                   [01;36m[K^[m[K
gmake[2]: *** [CMakeFiles/floornav_TaskGoToPose.dir/build.make:76: CMakeFiles/floornav_TaskGoToPose.dir/tasks/TaskGoToPose.cpp.o] Error 1
gmake[1]: *** [CMakeFiles/Makefile2:321: CMakeFiles/floornav_TaskGoToPose.dir/all] Error 2
gmake: *** [Makefile:146: all] Error 2
