[ 16%] Built target floornav_TaskWaitForFace
[ 16%] Built target floornav_TaskWaitForROI
[ 32%] [32mBuilding CXX object CMakeFiles/floornav_TaskGoToPose.dir/tasks/TaskGoToPose.cpp.o[0m
[ 32%] Built target floornav_TaskTrigger
[ 45%] Built target floornav_TaskPlanTo
[ 51%] Built target floornav_TaskSetBool
[ 45%] Built target floornav_TaskConstant
[ 51%] Built target floornav_TaskSetMux
[ 54%] Built target floornav_TaskWander
[ 64%] Built target floornav_TaskAutoDock
[ 70%] Built target floornav_TaskGoTo
[ 83%] Built target floornav_TaskNav2
[ 87%] Built target floornav_TaskSetHeading
[ 93%] Built target floornav_task_server
[ 96%] Built target floornav_TaskStareAtFace
[01m[K/home/GTL/pcastere/ros_hw1/ros2_hw1/src/floor_nav/tasks/TaskGoToPose.cpp:[m[K In member function â€˜[01m[Kvirtual task_manager_lib::TaskIndicator floor_nav::TaskGoToPose::iterate()[m[Kâ€™:
[01m[K/home/GTL/pcastere/ros_hw1/ros2_hw1/src/floor_nav/tasks/TaskGoToPose.cpp:94:11:[m[K [01;31m[Kerror: [m[Kexpected â€˜[01m[K}[m[Kâ€™ before â€˜[01m[Kelse[m[Kâ€™
   94 |         } [01;31m[Kelse[m[K {
      |           [01;31m[K^~~~[m[K
[01m[K/home/GTL/pcastere/ros_hw1/ros2_hw1/src/floor_nav/tasks/TaskGoToPose.cpp:82:35:[m[K [01;36m[Knote: [m[Kto match this â€˜[01m[K{[m[Kâ€™
   82 |         if (fabs(alpha) > M_PI/9) [01;36m[K{[m[K
      |                                   [01;36m[K^[m[K
gmake[2]: *** [CMakeFiles/floornav_TaskGoToPose.dir/build.make:76: CMakeFiles/floornav_TaskGoToPose.dir/tasks/TaskGoToPose.cpp.o] Error 1
gmake[1]: *** [CMakeFiles/Makefile2:321: CMakeFiles/floornav_TaskGoToPose.dir/all] Error 2
gmake: *** [Makefile:146: all] Error 2
