[0.033s] Invoking command in '/home/GTL/apaul/ros2_hw1/build/floor_nav': AMENT_PREFIX_PATH=/home/GTL/apaul/ros2_hw1/install/task_manager_nav2:/home/GTL/apaul/ros2_hw1/install/task_manager_lib:/home/GTL/apaul/ros2_hw1/install/task_manager_msgs:/home/GTL/apaul/ros2_hw1/install/face_msg:/home/GTL/apaul/ros2_hw1/install/cs7630_msgs:${AMENT_PREFIX_PATH} CMAKE_PREFIX_PATH=/home/GTL/apaul/ros2_hw1/install/task_manager_nav2:/home/GTL/apaul/ros2_hw1/install/task_manager_lib:/home/GTL/apaul/ros2_hw1/install/task_manager_msgs:/home/GTL/apaul/ros2_hw1/install/face_msg:/home/GTL/apaul/ros2_hw1/install/cs7630_msgs:/opt/ros/humble LD_LIBRARY_PATH=/home/GTL/apaul/ros2_hw1/install/task_manager_lib/lib:/home/GTL/apaul/ros2_hw1/install/task_manager_msgs/lib:/home/GTL/apaul/ros2_hw1/install/face_msg/lib:/home/GTL/apaul/ros2_hw1/install/cs7630_msgs/lib:${LD_LIBRARY_PATH} PYTHONPATH=/home/GTL/apaul/ros2_hw1/install/task_manager_msgs/local/lib/python3.10/dist-packages:/home/GTL/apaul/ros2_hw1/install/face_msg/local/lib/python3.10/dist-packages:/home/GTL/apaul/ros2_hw1/install/cs7630_msgs/local/lib/python3.10/dist-packages:${PYTHONPATH} /usr/bin/cmake /home/GTL/apaul/ros2_hw1/src/floor_nav -DCMAKE_INSTALL_PREFIX=/home/GTL/apaul/ros2_hw1/install/floor_nav
[0.115s] -- The C compiler identification is GNU 11.4.0
[0.171s] -- The CXX compiler identification is GNU 11.4.0
[0.180s] -- Detecting C compiler ABI info
[0.297s] -- Detecting C compiler ABI info - done
[0.306s] -- Check for working C compiler: /usr/bin/cc - skipped
[0.306s] -- Detecting C compile features
[0.306s] -- Detecting C compile features - done
[0.315s] -- Detecting CXX compiler ABI info
[0.445s] -- Detecting CXX compiler ABI info - done
[0.459s] -- Check for working CXX compiler: /usr/bin/c++ - skipped
[0.459s] -- Detecting CXX compile features
[0.459s] -- Detecting CXX compile features - done
[0.486s] -- Found ament_cmake: 1.3.11 (/opt/ros/humble/share/ament_cmake/cmake)
[0.660s] -- Found Python3: /usr/bin/python3 (found version "3.10.12") found components: Interpreter 
[0.982s] -- Found rclcpp: 16.0.11 (/opt/ros/humble/share/rclcpp/cmake)
[1.192s] -- Found rosidl_generator_c: 3.1.6 (/opt/ros/humble/share/rosidl_generator_c/cmake)
[1.229s] -- Found rosidl_adapter: 3.1.6 (/opt/ros/humble/share/rosidl_adapter/cmake)
[1.267s] -- Found rosidl_generator_cpp: 3.1.6 (/opt/ros/humble/share/rosidl_generator_cpp/cmake)
[1.312s] -- Using all available rosidl_typesupport_c: rosidl_typesupport_fastrtps_c;rosidl_typesupport_introspection_c
[1.373s] -- Using all available rosidl_typesupport_cpp: rosidl_typesupport_fastrtps_cpp;rosidl_typesupport_introspection_cpp
[1.553s] -- Found rmw_implementation_cmake: 6.1.2 (/opt/ros/humble/share/rmw_implementation_cmake/cmake)
[1.570s] -- Found rmw_cyclonedds_cpp: 1.3.4 (/opt/ros/humble/share/rmw_cyclonedds_cpp/cmake)
[1.670s] -- Using RMW implementation 'rmw_cyclonedds_cpp' as default
[1.724s] -- Looking for pthread.h
[1.846s] -- Looking for pthread.h - found
[1.848s] -- Performing Test CMAKE_HAVE_LIBC_PTHREAD
[1.970s] -- Performing Test CMAKE_HAVE_LIBC_PTHREAD - Success
[1.972s] -- Found Threads: TRUE  
[2.078s] -- Found rclcpp_action: 16.0.11 (/opt/ros/humble/share/rclcpp_action/cmake)
[2.162s] -- Found rclpy: 3.3.15 (/opt/ros/humble/share/rclpy/cmake)
[2.170s] -- Found task_manager_msgs: 0.0.0 (/home/GTL/apaul/ros2_hw1/install/task_manager_msgs/share/task_manager_msgs/cmake)
[2.201s] -- Found task_manager_lib: 0.0.0 (/home/GTL/apaul/ros2_hw1/install/task_manager_lib/share/task_manager_lib/cmake)
[2.274s] -- Found sensor_msgs: 4.2.4 (/opt/ros/humble/share/sensor_msgs/cmake)
[2.322s] -- Found topic_tools_interfaces: 1.1.1 (/opt/ros/humble/share/topic_tools_interfaces/cmake)
[2.347s] -- Found cs7630_msgs: 0.0.0 (/home/GTL/apaul/ros2_hw1/install/cs7630_msgs/share/cs7630_msgs/cmake)
[2.394s] -- Found face_msg: 0.0.0 (/home/GTL/apaul/ros2_hw1/install/face_msg/share/face_msg/cmake)
[2.442s] -- Found kobuki_ros_interfaces: 1.0.0 (/opt/ros/humble/share/kobuki_ros_interfaces/cmake)
[2.480s] -- Checking for module 'eigen3'
[2.490s] --   Found eigen3, version 3.4.0
[2.516s] -- Found Eigen: /usr/include/eigen3 (Required is at least version "3.1") 
[2.516s] -- Eigen found (include: /usr/include/eigen3, version: 3.4.0)
[2.645s] -- Checking for module 'libusb-1.0'
[2.652s] --   Found libusb-1.0, version 1.0.25
[2.673s] -- Found libusb: /usr/lib/x86_64-linux-gnu/libusb-1.0.so  
[2.674s] -- OpenNI found (version: 1.5.4.0, include: /usr/include/ni, lib: /usr/lib/libOpenNI.so;libusb::libusb)
[2.710s] -- OpenNI2 found (version: 2.2.0.33, include: /usr/include/openni2, lib: /usr/lib/x86_64-linux-gnu/libOpenNI2.so;libusb::libusb)
[3.883s] -- Eigen found (include: /usr/include/eigen3, version: 3.4.0)
[3.884s] -- Found PCL_COMMON: /usr/lib/x86_64-linux-gnu/libpcl_common.so  
[3.885s] -- Found PCL_OCTREE: /usr/lib/x86_64-linux-gnu/libpcl_octree.so  
[3.886s] -- Found PCL_IO: /usr/lib/x86_64-linux-gnu/libpcl_io.so  
[3.901s] -- Found pcl_conversions: 2.4.5 (/opt/ros/humble/share/pcl_conversions/cmake)
[3.961s] -- Found tf2: 0.25.9 (/opt/ros/humble/share/tf2/cmake)
[4.001s] -- Found tf2_ros: 0.25.9 (/opt/ros/humble/share/tf2_ros/cmake)
[4.103s] -- Found tf2_geometry_msgs: 0.25.9 (/opt/ros/humble/share/tf2_geometry_msgs/cmake)
[4.163s] -- Found eigen3_cmake_module: 0.1.1 (/opt/ros/humble/share/eigen3_cmake_module/cmake)
[4.164s] -- Found Eigen3: TRUE (found version "3.4.0") 
[4.164s] -- Ensuring Eigen3 include directory is part of orocos-kdl CMake target
[4.169s] -- Found task_manager_nav2: 0.0.0 (/home/GTL/apaul/ros2_hw1/install/task_manager_nav2/share/task_manager_nav2/cmake)
[10.878s] -- Found ament_lint_auto: 0.12.11 (/opt/ros/humble/share/ament_lint_auto/cmake)
[11.096s] -- Added test 'cppcheck' to perform static code analysis on C / C++ code
[11.109s] -- Configured cppcheck include dirs: /home/GTL/apaul/ros2_hw1/src/floor_nav/include
[11.109s] -- Configured cppcheck exclude dirs and/or files: 
[11.116s] -- Added test 'flake8' to check Python code syntax and style conventions
[11.124s] -- Added test 'lint_cmake' to check CMake code style
[11.128s] -- Added test 'pep257' to check Python code against some of the docstring style conventions in PEP 257
[11.148s] -- Added test 'uncrustify' to check C / C++ code style
[11.148s] -- Configured uncrustify additional arguments: 
[11.153s] -- Added test 'xmllint' to check XML markup files
[11.173s] -- Configuring done
[15.031s] -- Generating done
[15.603s] -- Build files have been written to: /home/GTL/apaul/ros2_hw1/build/floor_nav
[15.639s] Invoked command in '/home/GTL/apaul/ros2_hw1/build/floor_nav' returned '0': AMENT_PREFIX_PATH=/home/GTL/apaul/ros2_hw1/install/task_manager_nav2:/home/GTL/apaul/ros2_hw1/install/task_manager_lib:/home/GTL/apaul/ros2_hw1/install/task_manager_msgs:/home/GTL/apaul/ros2_hw1/install/face_msg:/home/GTL/apaul/ros2_hw1/install/cs7630_msgs:${AMENT_PREFIX_PATH} CMAKE_PREFIX_PATH=/home/GTL/apaul/ros2_hw1/install/task_manager_nav2:/home/GTL/apaul/ros2_hw1/install/task_manager_lib:/home/GTL/apaul/ros2_hw1/install/task_manager_msgs:/home/GTL/apaul/ros2_hw1/install/face_msg:/home/GTL/apaul/ros2_hw1/install/cs7630_msgs:/opt/ros/humble LD_LIBRARY_PATH=/home/GTL/apaul/ros2_hw1/install/task_manager_lib/lib:/home/GTL/apaul/ros2_hw1/install/task_manager_msgs/lib:/home/GTL/apaul/ros2_hw1/install/face_msg/lib:/home/GTL/apaul/ros2_hw1/install/cs7630_msgs/lib:${LD_LIBRARY_PATH} PYTHONPATH=/home/GTL/apaul/ros2_hw1/install/task_manager_msgs/local/lib/python3.10/dist-packages:/home/GTL/apaul/ros2_hw1/install/face_msg/local/lib/python3.10/dist-packages:/home/GTL/apaul/ros2_hw1/install/cs7630_msgs/local/lib/python3.10/dist-packages:${PYTHONPATH} /usr/bin/cmake /home/GTL/apaul/ros2_hw1/src/floor_nav -DCMAKE_INSTALL_PREFIX=/home/GTL/apaul/ros2_hw1/install/floor_nav
[15.664s] Invoking command in '/home/GTL/apaul/ros2_hw1/build/floor_nav': AMENT_PREFIX_PATH=/home/GTL/apaul/ros2_hw1/install/task_manager_nav2:/home/GTL/apaul/ros2_hw1/install/task_manager_lib:/home/GTL/apaul/ros2_hw1/install/task_manager_msgs:/home/GTL/apaul/ros2_hw1/install/face_msg:/home/GTL/apaul/ros2_hw1/install/cs7630_msgs:${AMENT_PREFIX_PATH} CMAKE_PREFIX_PATH=/home/GTL/apaul/ros2_hw1/install/task_manager_nav2:/home/GTL/apaul/ros2_hw1/install/task_manager_lib:/home/GTL/apaul/ros2_hw1/install/task_manager_msgs:/home/GTL/apaul/ros2_hw1/install/face_msg:/home/GTL/apaul/ros2_hw1/install/cs7630_msgs:/opt/ros/humble LD_LIBRARY_PATH=/home/GTL/apaul/ros2_hw1/install/task_manager_lib/lib:/home/GTL/apaul/ros2_hw1/install/task_manager_msgs/lib:/home/GTL/apaul/ros2_hw1/install/face_msg/lib:/home/GTL/apaul/ros2_hw1/install/cs7630_msgs/lib:${LD_LIBRARY_PATH} PYTHONPATH=/home/GTL/apaul/ros2_hw1/install/task_manager_msgs/local/lib/python3.10/dist-packages:/home/GTL/apaul/ros2_hw1/install/face_msg/local/lib/python3.10/dist-packages:/home/GTL/apaul/ros2_hw1/install/cs7630_msgs/local/lib/python3.10/dist-packages:${PYTHONPATH} /usr/bin/cmake --build /home/GTL/apaul/ros2_hw1/build/floor_nav -- -j16 -l16
[15.801s] [ 22%] [32mBuilding CXX object CMakeFiles/floornav_TaskSetMux.dir/tasks/TaskSetMux.cpp.o[0m
[15.801s] [ 22%] [32mBuilding CXX object CMakeFiles/floornav_TaskWander.dir/tasks/TaskWander.cpp.o[0m
[15.801s] [ 22%] [32mBuilding CXX object CMakeFiles/floornav_TaskNav2.dir/tasks/TaskNav2.cpp.o[0m
[15.801s] [ 22%] [32mBuilding CXX object CMakeFiles/floornav_TaskPlanTo.dir/tasks/TaskPlanTo.cpp.o[0m
[15.801s] [ 22%] [32mBuilding CXX object CMakeFiles/floornav_TaskSetHeading.dir/tasks/TaskSetHeading.cpp.o[0m
[15.801s] [ 22%] [32mBuilding CXX object CMakeFiles/floornav_TaskGoTo.dir/tasks/TaskGoTo.cpp.o[0m
[15.801s] [ 35%] [32mBuilding CXX object CMakeFiles/floornav_TaskStareAtFace.dir/tasks/TaskStareAtFace.cpp.o[0m
[15.801s] [ 35%] [32mBuilding CXX object CMakeFiles/floornav_TaskWaitForROI.dir/tasks/TaskWaitForROI.cpp.o[0m
[15.802s] [ 35%] [32mBuilding CXX object CMakeFiles/floornav_TaskSetBool.dir/tasks/TaskSetBool.cpp.o[0m
[15.802s] [ 35%] [32mBuilding CXX object CMakeFiles/floornav_TaskConstant.dir/tasks/TaskConstant.cpp.o[0m
[15.802s] [ 35%] [32mBuilding CXX object CMakeFiles/floornav_TaskTrigger.dir/tasks/TaskTrigger.cpp.o[0m
[15.804s] [ 41%] [32mBuilding CXX object CMakeFiles/floornav_task_server.dir/src/SimTasksEnv.cpp.o[0m
[15.804s] [ 41%] [32mBuilding CXX object CMakeFiles/floornav_task_server.dir/src/task_server.cpp.o[0m
[15.808s] [ 45%] [32mBuilding CXX object CMakeFiles/floornav_TaskAutoDock.dir/tasks/TaskAutoDock.cpp.o[0m
[15.811s] [ 51%] [32mBuilding CXX object CMakeFiles/floornav_TaskGoToPose.dir/tasks/TaskGoToPose.cpp.o[0m
[15.811s] [ 51%] [32mBuilding CXX object CMakeFiles/floornav_TaskWaitForFace.dir/tasks/TaskWaitForFace.cpp.o[0m
[116.179s] [ 54%] [32m[1mLinking CXX shared library libfloornav_TaskWaitForFace.so[0m
[116.534s] [ 58%] [32m[1mLinking CXX shared library libfloornav_TaskSetBool.so[0m
[117.058s] [ 61%] [32m[1mLinking CXX shared library libfloornav_TaskWaitForROI.so[0m
[117.152s] [ 64%] [32m[1mLinking CXX shared library libfloornav_TaskTrigger.so[0m
[118.258s] [ 67%] [32m[1mLinking CXX shared library libfloornav_TaskSetMux.so[0m
[118.433s] [ 70%] [32m[1mLinking CXX shared library libfloornav_TaskAutoDock.so[0m
[118.451s] [ 74%] [32m[1mLinking CXX shared library libfloornav_TaskSetHeading.so[0m
[118.499s] [ 77%] [32m[1mLinking CXX shared library libfloornav_TaskGoToPose.so[0m
[118.507s] [ 80%] [32m[1mLinking CXX shared library libfloornav_TaskWander.so[0m
[118.837s] [ 83%] [32m[1mLinking CXX shared library libfloornav_TaskConstant.so[0m
[120.088s] [ 87%] [32m[1mLinking CXX shared library libfloornav_TaskStareAtFace.so[0m
[121.296s] [ 90%] [32m[1mLinking CXX shared library libfloornav_TaskGoTo.so[0m
[123.889s] [ 93%] [32m[1mLinking CXX shared library libfloornav_TaskNav2.so[0m
[152.863s] gmake[2]: *** Deleting file 'libfloornav_TaskConstant.so'
[152.863s] gmake[2]: *** Deleting file 'libfloornav_TaskWaitForFace.so'
[152.863s] gmake[2]: *** Deleting file 'libfloornav_TaskTrigger.so'
[152.864s] gmake[2]: *** Deleting file 'libfloornav_TaskGoTo.so'
[152.864s] gmake[2]: *** Deleting file 'libfloornav_TaskAutoDock.so'
[152.864s] gmake[2]: *** Deleting file 'libfloornav_TaskWander.so'
[152.864s] gmake[2]: *** Deleting file 'libfloornav_TaskStareAtFace.so'
[152.864s] gmake[2]: *** Deleting file 'libfloornav_TaskNav2.so'
[152.864s] gmake[2]: *** [CMakeFiles/floornav_TaskWaitForFace.dir/build.make:4652: libfloornav_TaskWaitForFace.so] Interrupt
[152.864s] gmake[2]: *** Deleting file 'libfloornav_TaskGoToPose.so'
[152.864s] gmake[2]: *** Deleting file 'libfloornav_TaskSetHeading.so'
[152.864s] gmake[2]: *** [CMakeFiles/floornav_TaskTrigger.dir/build.make:4652: libfloornav_TaskTrigger.so] Interrupt
[152.864s] gmake[2]: *** Deleting file 'libfloornav_TaskSetBool.so'
[152.881s] gmake[2]: *** [CMakeFiles/floornav_TaskPlanTo.dir/build.make:76: CMakeFiles/floornav_TaskPlanTo.dir/tasks/TaskPlanTo.cpp.o] Interrupt
[152.881s] gmake[2]: *** Deleting file 'libfloornav_TaskWaitForROI.so'
[152.882s] gmake[2]: *** Deleting file 'libfloornav_TaskSetMux.so'
[152.882s] gmake[1]: *** [CMakeFiles/Makefile2:451: CMakeFiles/floornav_TaskWaitForFace.dir/all] Interrupt
[152.882s] gmake[2]: *** [CMakeFiles/floornav_task_server.dir/build.make:90: CMakeFiles/floornav_task_server.dir/src/SimTasksEnv.cpp.o] Interrupt
[152.882s] gmake[2]: *** [CMakeFiles/floornav_TaskConstant.dir/build.make:4652: libfloornav_TaskConstant.so] Interrupt
[152.882s] gmake[1]: *** [CMakeFiles/Makefile2:165: CMakeFiles/floornav_task_server.dir/all] Interrupt
[152.882s] gmake[2]: *** [CMakeFiles/floornav_TaskAutoDock.dir/build.make:5268: libfloornav_TaskAutoDock.so] Interrupt
[152.882s] gmake[2]: *** [CMakeFiles/floornav_TaskWander.dir/build.make:4652: libfloornav_TaskWander.so] Interrupt
[152.882s] gmake[1]: *** [CMakeFiles/Makefile2:399: CMakeFiles/floornav_TaskPlanTo.dir/all] Interrupt
[152.882s] gmake[1]: *** [CMakeFiles/Makefile2:295: CMakeFiles/floornav_TaskConstant.dir/all] Interrupt
[152.882s] gmake[2]: *** [CMakeFiles/floornav_TaskGoTo.dir/build.make:4652: libfloornav_TaskGoTo.so] Interrupt
[152.882s] gmake[2]: *** [CMakeFiles/floornav_TaskStareAtFace.dir/build.make:4652: libfloornav_TaskStareAtFace.so] Interrupt
[152.882s] gmake[2]: *** [CMakeFiles/floornav_TaskNav2.dir/build.make:4864: libfloornav_TaskNav2.so] Interrupt
[152.882s] gmake[1]: *** [CMakeFiles/Makefile2:191: CMakeFiles/floornav_TaskNav2.dir/all] Interrupt
[152.882s] gmake[1]: *** [CMakeFiles/Makefile2:503: CMakeFiles/floornav_TaskWander.dir/all] Interrupt
[152.882s] gmake[1]: *** [CMakeFiles/Makefile2:347: CMakeFiles/floornav_TaskGoTo.dir/all] Interrupt
[152.882s] gmake[1]: *** [CMakeFiles/Makefile2:529: CMakeFiles/floornav_TaskAutoDock.dir/all] Interrupt
[152.882s] gmake[1]: *** [CMakeFiles/Makefile2:243: CMakeFiles/floornav_TaskTrigger.dir/all] Interrupt
[152.882s] gmake[1]: *** [CMakeFiles/Makefile2:477: CMakeFiles/floornav_TaskStareAtFace.dir/all] Interrupt
[152.883s] gmake[2]: *** [CMakeFiles/floornav_TaskGoToPose.dir/build.make:4652: libfloornav_TaskGoToPose.so] Interrupt
[152.883s] gmake[1]: *** [CMakeFiles/Makefile2:321: CMakeFiles/floornav_TaskGoToPose.dir/all] Interrupt
[152.883s] gmake[2]: *** [CMakeFiles/floornav_TaskSetHeading.dir/build.make:4652: libfloornav_TaskSetHeading.so] Interrupt
[152.883s] gmake[1]: *** [CMakeFiles/Makefile2:373: CMakeFiles/floornav_TaskSetHeading.dir/all] Interrupt
[152.883s] gmake[2]: *** [CMakeFiles/floornav_TaskSetBool.dir/build.make:4652: libfloornav_TaskSetBool.so] Interrupt
[152.883s] gmake[2]: *** [CMakeFiles/floornav_TaskWaitForROI.dir/build.make:4652: libfloornav_TaskWaitForROI.so] Interrupt
[152.883s] gmake[2]: *** [CMakeFiles/floornav_TaskSetMux.dir/build.make:4652: libfloornav_TaskSetMux.so] Interrupt
[152.883s] gmake[1]: *** [CMakeFiles/Makefile2:425: CMakeFiles/floornav_TaskWaitForROI.dir/all] Interrupt
[152.883s] gmake[1]: *** [CMakeFiles/Makefile2:269: CMakeFiles/floornav_TaskSetBool.dir/all] Interrupt
[152.884s] gmake[1]: *** [CMakeFiles/Makefile2:217: CMakeFiles/floornav_TaskSetMux.dir/all] Interrupt
[152.887s] gmake: *** [Makefile:146: all] Interrupt
[152.990s] Invoked command in '/home/GTL/apaul/ros2_hw1/build/floor_nav' returned '-2': AMENT_PREFIX_PATH=/home/GTL/apaul/ros2_hw1/install/task_manager_nav2:/home/GTL/apaul/ros2_hw1/install/task_manager_lib:/home/GTL/apaul/ros2_hw1/install/task_manager_msgs:/home/GTL/apaul/ros2_hw1/install/face_msg:/home/GTL/apaul/ros2_hw1/install/cs7630_msgs:${AMENT_PREFIX_PATH} CMAKE_PREFIX_PATH=/home/GTL/apaul/ros2_hw1/install/task_manager_nav2:/home/GTL/apaul/ros2_hw1/install/task_manager_lib:/home/GTL/apaul/ros2_hw1/install/task_manager_msgs:/home/GTL/apaul/ros2_hw1/install/face_msg:/home/GTL/apaul/ros2_hw1/install/cs7630_msgs:/opt/ros/humble LD_LIBRARY_PATH=/home/GTL/apaul/ros2_hw1/install/task_manager_lib/lib:/home/GTL/apaul/ros2_hw1/install/task_manager_msgs/lib:/home/GTL/apaul/ros2_hw1/install/face_msg/lib:/home/GTL/apaul/ros2_hw1/install/cs7630_msgs/lib:${LD_LIBRARY_PATH} PYTHONPATH=/home/GTL/apaul/ros2_hw1/install/task_manager_msgs/local/lib/python3.10/dist-packages:/home/GTL/apaul/ros2_hw1/install/face_msg/local/lib/python3.10/dist-packages:/home/GTL/apaul/ros2_hw1/install/cs7630_msgs/local/lib/python3.10/dist-packages:${PYTHONPATH} /usr/bin/cmake --build /home/GTL/apaul/ros2_hw1/build/floor_nav -- -j16 -l16
