[35m[1mConsolidate compiler generated dependencies of target floornav_TaskGoToPose[0m
[ 58%] Built target floornav_TaskWaitForROI
[ 58%] Built target floornav_TaskSetMux
[ 58%] Built target floornav_TaskWander
[ 58%] Built target floornav_TaskNav2
[ 58%] Built target floornav_TaskConstant
[ 58%] Built target floornav_TaskTrigger
[ 77%] Built target floornav_TaskGoTo
[ 77%] Built target floornav_TaskSetHeading
[ 77%] Built target floornav_TaskSetBool
[ 90%] Built target floornav_TaskStareAtFace
[ 90%] Built target floornav_TaskAutoDock
[ 90%] Built target floornav_TaskPlanTo
[ 93%] Built target floornav_task_server
[ 93%] Built target floornav_TaskWaitForFace
[ 96%] [32mBuilding CXX object CMakeFiles/floornav_TaskGoToPose.dir/tasks/TaskGoToPose.cpp.o[0m
[01m[K/home/GTL/apaul/ros2_hw1/src/floor_nav/tasks/TaskGoToPose.cpp:[m[K In member function â€˜[01m[Kvirtual task_manager_lib::TaskIndicator floor_nav::TaskGoToPose::iterate()[m[Kâ€™:
[01m[K/home/GTL/apaul/ros2_hw1/src/floor_nav/tasks/TaskGoToPose.cpp:51:93:[m[K [01;31m[Kerror: [m[Kâ€˜[01m[Ktheta[m[Kâ€™ was not declared in this scope; did you mean â€˜[01m[Kteta[m[Kâ€™?
   51 |             double alpha = remainder(atan2((y_init + cfg->goal_y-y),x_init + cfg->goal_x-x)-[01;31m[Ktheta[m[K,2*M_PI);
      |                                                                                             [01;31m[K^~~~~[m[K
      |                                                                                             [32m[Kteta[m[K
gmake[2]: *** [CMakeFiles/floornav_TaskGoToPose.dir/build.make:76: CMakeFiles/floornav_TaskGoToPose.dir/tasks/TaskGoToPose.cpp.o] Error 1
gmake[1]: *** [CMakeFiles/Makefile2:321: CMakeFiles/floornav_TaskGoToPose.dir/all] Error 2
gmake: *** [Makefile:146: all] Error 2
