[  3%] [32mBuilding CXX object CMakeFiles/floornav_task_server.dir/src/task_server.cpp.o[0m
[  6%] [32mBuilding CXX object CMakeFiles/floornav_task_server.dir/src/SimTasksEnv.cpp.o[0m
[ 10%] [32m[1mLinking CXX executable floornav_task_server[0m
[ 10%] Built target floornav_task_server
[35m[1mConsolidate compiler generated dependencies of target floornav_TaskStareAtFace[0m
[ 17%] [32mBuilding CXX object CMakeFiles/floornav_TaskGoTo.dir/tasks/TaskGoTo.cpp.o[0m
[ 20%] [32mBuilding CXX object CMakeFiles/floornav_TaskWaitForROI.dir/tasks/TaskWaitForROI.cpp.o[0m
[ 20%] [32mBuilding CXX object CMakeFiles/floornav_TaskWander.dir/tasks/TaskWander.cpp.o[0m
[ 27%] [32mBuilding CXX object CMakeFiles/floornav_TaskWaitForFace.dir/tasks/TaskWaitForFace.cpp.o[0m
[ 31%] [32mBuilding CXX object CMakeFiles/floornav_TaskSetHeading.dir/tasks/TaskSetHeading.cpp.o[0m
[ 31%] [32mBuilding CXX object CMakeFiles/floornav_TaskPlanTo.dir/tasks/TaskPlanTo.cpp.o[0m
[ 34%] [32mBuilding CXX object CMakeFiles/floornav_TaskSetBool.dir/tasks/TaskSetBool.cpp.o[0m
[ 44%] [32mBuilding CXX object CMakeFiles/floornav_TaskAutoDock.dir/tasks/TaskAutoDock.cpp.o[0m
[ 44%] [32mBuilding CXX object CMakeFiles/floornav_TaskConstant.dir/tasks/TaskConstant.cpp.o[0m
[ 44%] [32mBuilding CXX object CMakeFiles/floornav_TaskSetMux.dir/tasks/TaskSetMux.cpp.o[0m
[ 48%] [32mBuilding CXX object CMakeFiles/floornav_TaskTrigger.dir/tasks/TaskTrigger.cpp.o[0m
[ 51%] [32mBuilding CXX object CMakeFiles/floornav_TaskNav2.dir/tasks/TaskNav2.cpp.o[0m
[ 55%] [32mBuilding CXX object CMakeFiles/floornav_TaskStareAtFace.dir/tasks/TaskStareAtFace.cpp.o[0m
[01m[K/home/GTL/apaul/ros2_hw1/src/floor_nav/tasks/TaskStareAtFace.cpp:[m[K In member function â€˜[01m[Kvirtual task_manager_lib::TaskIndicator floor_nav::TaskStareAtFace::iterate()[m[Kâ€™:
[01m[K/home/GTL/apaul/ros2_hw1/src/floor_nav/tasks/TaskStareAtFace.cpp:13:84:[m[K [01;31m[Kerror: [m[Kâ€˜[01m[Kroiarrray[m[Kâ€™ was not declared in this scope; did you mean â€˜[01m[Kroiarray[m[Kâ€™?
   13 |         const float center_position = float(roiarray->regions[0].x_offset) - float([01;31m[Kroiarrray[m[K->regions[0].width)/2;
      |                                                                                    [01;31m[K^~~~~~~~~[m[K
      |                                                                                    [32m[Kroiarray[m[K
gmake[2]: *** [CMakeFiles/floornav_TaskStareAtFace.dir/build.make:76: CMakeFiles/floornav_TaskStareAtFace.dir/tasks/TaskStareAtFace.cpp.o] Error 1
gmake[1]: *** [CMakeFiles/Makefile2:449: CMakeFiles/floornav_TaskStareAtFace.dir/all] Error 2
gmake[1]: *** Waiting for unfinished jobs....
[ 58%] [32m[1mLinking CXX shared library libfloornav_TaskWaitForFace.so[0m
[ 62%] [32m[1mLinking CXX shared library libfloornav_TaskConstant.so[0m
[ 65%] [32m[1mLinking CXX shared library libfloornav_TaskGoTo.so[0m
[ 68%] [32m[1mLinking CXX shared library libfloornav_TaskSetBool.so[0m
[ 72%] [32m[1mLinking CXX shared library libfloornav_TaskWaitForROI.so[0m
[ 75%] [32m[1mLinking CXX shared library libfloornav_TaskWander.so[0m
[ 79%] [32m[1mLinking CXX shared library libfloornav_TaskSetMux.so[0m
[ 82%] [32m[1mLinking CXX shared library libfloornav_TaskSetHeading.so[0m
[ 86%] [32m[1mLinking CXX shared library libfloornav_TaskTrigger.so[0m
[ 89%] [32m[1mLinking CXX shared library libfloornav_TaskAutoDock.so[0m
[ 93%] [32m[1mLinking CXX shared library libfloornav_TaskNav2.so[0m
[ 96%] [32m[1mLinking CXX shared library libfloornav_TaskPlanTo.so[0m
[ 96%] Built target floornav_TaskConstant
[ 96%] Built target floornav_TaskWaitForFace
[ 96%] Built target floornav_TaskWander
[ 96%] Built target floornav_TaskGoTo
[ 96%] Built target floornav_TaskWaitForROI
[ 96%] Built target floornav_TaskSetHeading
[ 96%] Built target floornav_TaskSetBool
[ 96%] Built target floornav_TaskTrigger
[ 96%] Built target floornav_TaskSetMux
[ 96%] Built target floornav_TaskNav2
[ 96%] Built target floornav_TaskAutoDock
[ 96%] Built target floornav_TaskPlanTo
gmake: *** [Makefile:146: all] Error 2
