[0.067s] Invoking command in '/home/GTL/apaul/ros2_hw1/build/floor_nav': AMENT_PREFIX_PATH=/home/GTL/apaul/ros2_hw1/install/task_manager_nav2:/home/GTL/apaul/ros2_hw1/install/task_manager_lib:/home/GTL/apaul/ros2_hw1/install/task_manager_msgs:/home/GTL/apaul/ros2_hw1/install/face_msg:/home/GTL/apaul/ros2_hw1/install/cs7630_msgs:${AMENT_PREFIX_PATH} CMAKE_PREFIX_PATH=/home/GTL/apaul/ros2_hw1/install/task_manager_nav2:/home/GTL/apaul/ros2_hw1/install/task_manager_lib:/home/GTL/apaul/ros2_hw1/install/task_manager_msgs:/home/GTL/apaul/ros2_hw1/install/face_msg:/home/GTL/apaul/ros2_hw1/install/cs7630_msgs:/opt/ros/humble LD_LIBRARY_PATH=/home/GTL/apaul/ros2_hw1/install/task_manager_lib/lib:/home/GTL/apaul/ros2_hw1/install/task_manager_msgs/lib:/home/GTL/apaul/ros2_hw1/install/face_msg/lib:/home/GTL/apaul/ros2_hw1/install/cs7630_msgs/lib:${LD_LIBRARY_PATH} PYTHONPATH=/home/GTL/apaul/ros2_hw1/install/task_manager_msgs/local/lib/python3.10/dist-packages:/home/GTL/apaul/ros2_hw1/install/face_msg/local/lib/python3.10/dist-packages:/home/GTL/apaul/ros2_hw1/install/cs7630_msgs/local/lib/python3.10/dist-packages:${PYTHONPATH} /usr/bin/cmake --build /home/GTL/apaul/ros2_hw1/build/floor_nav -- -j16 -l16
[0.098s] -- Found ament_cmake: 1.3.10 (/opt/ros/humble/share/ament_cmake/cmake)
[0.193s] -- Found rclcpp: 16.0.10 (/opt/ros/humble/share/rclcpp/cmake)
[0.213s] -- Found rosidl_generator_c: 3.1.5 (/opt/ros/humble/share/rosidl_generator_c/cmake)
[0.214s] -- Found rosidl_adapter: 3.1.5 (/opt/ros/humble/share/rosidl_adapter/cmake)
[0.217s] -- Found rosidl_generator_cpp: 3.1.5 (/opt/ros/humble/share/rosidl_generator_cpp/cmake)
[0.224s] -- Using all available rosidl_typesupport_c: rosidl_typesupport_fastrtps_c;rosidl_typesupport_introspection_c
[0.231s] -- Using all available rosidl_typesupport_cpp: rosidl_typesupport_fastrtps_cpp;rosidl_typesupport_introspection_cpp
[0.250s] -- Found rmw_implementation_cmake: 6.1.2 (/opt/ros/humble/share/rmw_implementation_cmake/cmake)
[0.251s] -- Found rmw_cyclonedds_cpp: 1.3.4 (/opt/ros/humble/share/rmw_cyclonedds_cpp/cmake)
[0.262s] -- Using RMW implementation 'rmw_cyclonedds_cpp' as default
[0.291s] -- Found rclcpp_action: 16.0.10 (/opt/ros/humble/share/rclcpp_action/cmake)
[0.309s] -- Found rclpy: 3.3.14 (/opt/ros/humble/share/rclpy/cmake)
[0.311s] -- Found task_manager_msgs: 0.0.0 (/home/GTL/apaul/ros2_hw1/install/task_manager_msgs/share/task_manager_msgs/cmake)
[0.351s] -- Found task_manager_lib: 0.0.0 (/home/GTL/apaul/ros2_hw1/install/task_manager_lib/share/task_manager_lib/cmake)
[0.364s] -- Found sensor_msgs: 4.2.4 (/opt/ros/humble/share/sensor_msgs/cmake)
[0.381s] -- Found topic_tools_interfaces: 1.1.1 (/opt/ros/humble/share/topic_tools_interfaces/cmake)
[0.390s] -- Found cs7630_msgs: 0.0.0 (/home/GTL/apaul/ros2_hw1/install/cs7630_msgs/share/cs7630_msgs/cmake)
[0.429s] -- Found face_msg: 0.0.0 (/home/GTL/apaul/ros2_hw1/install/face_msg/share/face_msg/cmake)
[0.461s] -- Found kobuki_ros_interfaces: 1.0.0 (/opt/ros/humble/share/kobuki_ros_interfaces/cmake)
[0.476s] -- Eigen found (include: /usr/include/eigen3, version: 3.4.0)
[0.488s] -- OpenNI found (version: 1.5.4.0, include: /usr/include/ni, lib: /usr/lib/libOpenNI.so;libusb::libusb)
[0.491s] -- OpenNI2 found (version: 2.2.0.33, include: /usr/include/openni2, lib: /usr/lib/x86_64-linux-gnu/libOpenNI2.so;libusb::libusb)
[0.774s] -- Eigen found (include: /usr/include/eigen3, version: 3.4.0)
[0.775s] -- Found pcl_conversions: 2.4.5 (/opt/ros/humble/share/pcl_conversions/cmake)
[0.788s] -- Found tf2: 0.25.8 (/opt/ros/humble/share/tf2/cmake)
[0.790s] -- Found tf2_ros: 0.25.8 (/opt/ros/humble/share/tf2_ros/cmake)
[0.816s] -- Found tf2_geometry_msgs: 0.25.8 (/opt/ros/humble/share/tf2_geometry_msgs/cmake)
[0.817s] -- Found eigen3_cmake_module: 0.1.1 (/opt/ros/humble/share/eigen3_cmake_module/cmake)
[0.818s] -- Ensuring Eigen3 include directory is part of orocos-kdl CMake target
[0.821s] -- Found task_manager_nav2: 0.0.0 (/home/GTL/apaul/ros2_hw1/install/task_manager_nav2/share/task_manager_nav2/cmake)
[6.248s] -- Found ament_lint_auto: 0.12.11 (/opt/ros/humble/share/ament_lint_auto/cmake)
[6.348s] -- Added test 'cppcheck' to perform static code analysis on C / C++ code
[6.360s] -- Configured cppcheck include dirs: /home/GTL/apaul/ros2_hw1/src/floor_nav/include
[6.360s] -- Configured cppcheck exclude dirs and/or files: 
[6.364s] -- Added test 'flake8' to check Python code syntax and style conventions
[6.371s] -- Added test 'lint_cmake' to check CMake code style
[6.374s] -- Added test 'pep257' to check Python code against some of the docstring style conventions in PEP 257
[6.392s] -- Added test 'uncrustify' to check C / C++ code style
[6.392s] -- Configured uncrustify additional arguments: 
[6.394s] -- Added test 'xmllint' to check XML markup files
[6.401s] -- Configuring done
[12.742s] -- Generating done
[13.079s] -- Build files have been written to: /home/GTL/apaul/ros2_hw1/build/floor_nav
[13.172s] [35m[1mConsolidate compiler generated dependencies of target floornav_TaskSetMux[0m
[13.172s] [35m[1mConsolidate compiler generated dependencies of target floornav_TaskNav2[0m
[13.172s] [35m[1mConsolidate compiler generated dependencies of target floornav_TaskConstant[0m
[13.172s] [35m[1mConsolidate compiler generated dependencies of target floornav_TaskSetBool[0m
[13.173s] [35m[1mConsolidate compiler generated dependencies of target floornav_TaskTrigger[0m
[13.175s] [35m[1mConsolidate compiler generated dependencies of target floornav_task_server[0m
[13.183s] [35m[1mConsolidate compiler generated dependencies of target floornav_TaskPlanTo[0m
[13.184s] [35m[1mConsolidate compiler generated dependencies of target floornav_TaskGoTo[0m
[13.193s] [35m[1mConsolidate compiler generated dependencies of target floornav_TaskSetHeading[0m
[13.196s] [35m[1mConsolidate compiler generated dependencies of target floornav_TaskWaitForFace[0m
[13.197s] [35m[1mConsolidate compiler generated dependencies of target floornav_TaskWander[0m
[13.197s] [35m[1mConsolidate compiler generated dependencies of target floornav_TaskAutoDock[0m
[13.198s] [35m[1mConsolidate compiler generated dependencies of target floornav_TaskWaitForROI[0m
[13.248s] [  3%] [32mBuilding CXX object CMakeFiles/floornav_TaskConstant.dir/tasks/TaskConstant.cpp.o[0m
[13.258s] [  7%] [32mBuilding CXX object CMakeFiles/floornav_TaskSetMux.dir/tasks/TaskSetMux.cpp.o[0m
[13.262s] [ 11%] [32mBuilding CXX object CMakeFiles/floornav_TaskTrigger.dir/tasks/TaskTrigger.cpp.o[0m
[13.263s] [ 18%] [32mBuilding CXX object CMakeFiles/floornav_TaskNav2.dir/tasks/TaskNav2.cpp.o[0m
[13.266s] [ 22%] [32mBuilding CXX object CMakeFiles/floornav_task_server.dir/src/SimTasksEnv.cpp.o[0m
[13.266s] [ 22%] [32mBuilding CXX object CMakeFiles/floornav_task_server.dir/src/task_server.cpp.o[0m
[13.272s] [ 25%] [32mBuilding CXX object CMakeFiles/floornav_TaskSetBool.dir/tasks/TaskSetBool.cpp.o[0m
[13.274s] [ 29%] [32mBuilding CXX object CMakeFiles/floornav_TaskPlanTo.dir/tasks/TaskPlanTo.cpp.o[0m
[13.279s] [ 37%] [32mBuilding CXX object CMakeFiles/floornav_TaskAutoDock.dir/tasks/TaskAutoDock.cpp.o[0m
[13.280s] [ 37%] [32mBuilding CXX object CMakeFiles/floornav_TaskWander.dir/tasks/TaskWander.cpp.o[0m
[13.284s] [ 48%] [32mBuilding CXX object CMakeFiles/floornav_TaskWaitForFace.dir/tasks/TaskWaitForFace.cpp.o[0m
[13.284s] [ 48%] [32mBuilding CXX object CMakeFiles/floornav_TaskGoTo.dir/tasks/TaskGoTo.cpp.o[0m
[13.284s] [ 48%] [32mBuilding CXX object CMakeFiles/floornav_TaskWaitForROI.dir/tasks/TaskWaitForROI.cpp.o[0m
[13.323s] [ 51%] [32mBuilding CXX object CMakeFiles/floornav_TaskSetHeading.dir/tasks/TaskSetHeading.cpp.o[0m
[23.364s] In file included from [01m[K/home/GTL/apaul/ros2_hw1/src/floor_nav/tasks/TaskWaitForFace.cpp:2[m[K:
[23.364s] [01m[K/home/GTL/apaul/ros2_hw1/src/floor_nav/tasks/TaskWaitForFace.h:[m[K In constructor â€˜[01m[Kfloor_nav::TaskWaitForFaceConfig::TaskWaitForFaceConfig()[m[Kâ€™:
[23.364s] [01m[K/home/GTL/apaul/ros2_hw1/src/floor_nav/tasks/TaskWaitForFace.h:12:88:[m[K [01;31m[Kerror: [m[Kâ€˜[01m[Kroilist[m[Kâ€™ was not declared in this scope
[23.364s]    12 |         define("roiarray",  face_msg::msg::Roilist(),"Face detection message",nullptr, [01;31m[Kroilist[m[K);
[23.364s]       |                                                                                        [01;31m[K^~~~~~~[m[K
[23.378s] [01m[K/home/GTL/apaul/ros2_hw1/src/floor_nav/tasks/TaskWaitForFace.cpp:[m[K In member function â€˜[01m[Kvirtual task_manager_lib::TaskIndicator floor_nav::TaskWaitForFace::iterate()[m[Kâ€™:
[23.378s] [01m[K/home/GTL/apaul/ros2_hw1/src/floor_nav/tasks/TaskWaitForFace.cpp:10:20:[m[K [01;31m[Kerror: [m[Kâ€˜[01m[Kroilist[m[Kâ€™ is not a member of â€˜[01m[Kface_msg::msg[m[Kâ€™; did you mean â€˜[01m[KRoilist[m[Kâ€™?
[23.378s]    10 |     face_msg::msg::[01;31m[Kroilist[m[K & roiarray = env->getFace();
[23.378s]       |                    [01;31m[K^~~~~~~[m[K
[23.378s]       |                    [32m[KRoilist[m[K
[23.393s] [01m[K/home/GTL/apaul/ros2_hw1/src/floor_nav/tasks/TaskWaitForFace.cpp:10:30:[m[K [01;31m[Kerror: [m[Kâ€˜[01m[Kroiarray[m[Kâ€™ was not declared in this scope
[23.393s]    10 |     face_msg::msg::roilist & [01;31m[Kroiarray[m[K = env->getFace();
[23.393s]       |                              [01;31m[K^~~~~~~~[m[K
[23.393s] [01m[K/home/GTL/apaul/ros2_hw1/src/floor_nav/tasks/TaskWaitForFace.cpp:10:46:[m[K [01;31m[Kerror: [m[Kâ€˜[01m[Kusing element_type = class floor_nav::SimTasksEnv[m[Kâ€™ {aka â€˜[01m[Kclass floor_nav::SimTasksEnv[m[Kâ€™} has no member named â€˜[01m[KgetFace[m[Kâ€™
[23.394s]    10 |     face_msg::msg::roilist & roiarray = env->[01;31m[KgetFace[m[K();
[23.394s]       |                                              [01;31m[K^~~~~~~[m[K
[24.589s] [01m[K/home/GTL/apaul/ros2_hw1/src/floor_nav/src/SimTasksEnv.cpp:51:24:[m[K [01;31m[Kerror: [m[Kno declaration matches â€˜[01m[Kface_msg::msg::Roilist floor_nav::SimTasksEnv::getFace() const[m[Kâ€™
[24.590s]    51 | face_msg::msg::Roilist [01;31m[KSimTasksEnv[m[K::getFace() const {
[24.590s]       |                        [01;31m[K^~~~~~~~~~~[m[K
[24.590s] [01m[K/home/GTL/apaul/ros2_hw1/src/floor_nav/src/SimTasksEnv.cpp:51:24:[m[K [01;36m[Knote: [m[Kno functions named â€˜[01m[Kface_msg::msg::Roilist floor_nav::SimTasksEnv::getFace() const[m[Kâ€™
[24.592s] In file included from [01m[K/home/GTL/apaul/ros2_hw1/src/floor_nav/src/SimTasksEnv.cpp:2[m[K:
[24.592s] [01m[K/home/GTL/apaul/ros2_hw1/src/floor_nav/include/floor_nav/SimTasksEnv.h:23:11:[m[K [01;36m[Knote: [m[Kâ€˜[01m[Kclass floor_nav::SimTasksEnv[m[Kâ€™ defined here
[24.592s]    23 |     class [01;36m[KSimTasksEnv[m[K: public task_manager_lib::TaskEnvironment
[24.592s]       |           [01;36m[K^~~~~~~~~~~[m[K
[24.643s] [01m[K/home/GTL/apaul/ros2_hw1/src/floor_nav/src/SimTasksEnv.cpp:[m[K In member function â€˜[01m[Kvoid floor_nav::SimTasksEnv::faceCallback(face_msg::msg::Roilist_<std::allocator<void> >::SharedPtr)[m[Kâ€™:
[24.643s] [01m[K/home/GTL/apaul/ros2_hw1/src/floor_nav/src/SimTasksEnv.cpp:120:5:[m[K [01;31m[Kerror: [m[Kâ€˜[01m[Kroilist[m[Kâ€™ was not declared in this scope
[24.643s]   120 |     [01;31m[Kroilist[m[K = *msg;
[24.643s]       |     [01;31m[K^~~~~~~[m[K
[24.692s] gmake[2]: *** [CMakeFiles/floornav_TaskWaitForFace.dir/build.make:76: CMakeFiles/floornav_TaskWaitForFace.dir/tasks/TaskWaitForFace.cpp.o] Error 1
[24.704s] gmake[1]: *** [CMakeFiles/Makefile2:421: CMakeFiles/floornav_TaskWaitForFace.dir/all] Error 2
[24.704s] gmake[1]: *** Waiting for unfinished jobs....
[29.524s] [ 55%] [32m[1mLinking CXX shared library libfloornav_TaskWaitForROI.so[0m
[30.765s] [ 59%] [32m[1mLinking CXX shared library libfloornav_TaskWander.so[0m
[30.882s] [ 62%] [32m[1mLinking CXX shared library libfloornav_TaskConstant.so[0m
[30.923s] [ 66%] [32m[1mLinking CXX shared library libfloornav_TaskGoTo.so[0m
[31.164s] [ 70%] [32m[1mLinking CXX shared library libfloornav_TaskSetHeading.so[0m
[31.202s] [ 74%] [32m[1mLinking CXX shared library libfloornav_TaskTrigger.so[0m
[31.672s] [ 77%] [32m[1mLinking CXX shared library libfloornav_TaskSetMux.so[0m
[31.994s] [ 81%] [32m[1mLinking CXX shared library libfloornav_TaskSetBool.so[0m
[33.395s] gmake[2]: *** [CMakeFiles/floornav_task_server.dir/build.make:90: CMakeFiles/floornav_task_server.dir/src/SimTasksEnv.cpp.o] Error 1
[33.396s] gmake[2]: *** Waiting for unfinished jobs....
[34.980s] gmake[1]: *** [CMakeFiles/Makefile2:161: CMakeFiles/floornav_task_server.dir/all] Error 2
[35.257s] [ 85%] [32m[1mLinking CXX shared library libfloornav_TaskAutoDock.so[0m
[37.184s] [ 88%] [32m[1mLinking CXX shared library libfloornav_TaskNav2.so[0m
[59.646s] [ 92%] [32m[1mLinking CXX shared library libfloornav_TaskPlanTo.so[0m
[89.513s] [ 92%] Built target floornav_TaskWaitForROI
[90.359s] [ 92%] Built target floornav_TaskConstant
[95.429s] [ 92%] Built target floornav_TaskWander
[96.002s] [ 92%] Built target floornav_TaskGoTo
[97.687s] [ 92%] Built target floornav_TaskTrigger
[100.439s] [ 92%] Built target floornav_TaskSetMux
[100.492s] [ 92%] Built target floornav_TaskSetHeading
[101.334s] [ 92%] Built target floornav_TaskSetBool
[102.578s] [ 92%] Built target floornav_TaskNav2
[102.947s] [ 92%] Built target floornav_TaskPlanTo
[102.957s] [ 92%] Built target floornav_TaskAutoDock
[102.961s] gmake: *** [Makefile:146: all] Error 2
[103.007s] Invoked command in '/home/GTL/apaul/ros2_hw1/build/floor_nav' returned '2': AMENT_PREFIX_PATH=/home/GTL/apaul/ros2_hw1/install/task_manager_nav2:/home/GTL/apaul/ros2_hw1/install/task_manager_lib:/home/GTL/apaul/ros2_hw1/install/task_manager_msgs:/home/GTL/apaul/ros2_hw1/install/face_msg:/home/GTL/apaul/ros2_hw1/install/cs7630_msgs:${AMENT_PREFIX_PATH} CMAKE_PREFIX_PATH=/home/GTL/apaul/ros2_hw1/install/task_manager_nav2:/home/GTL/apaul/ros2_hw1/install/task_manager_lib:/home/GTL/apaul/ros2_hw1/install/task_manager_msgs:/home/GTL/apaul/ros2_hw1/install/face_msg:/home/GTL/apaul/ros2_hw1/install/cs7630_msgs:/opt/ros/humble LD_LIBRARY_PATH=/home/GTL/apaul/ros2_hw1/install/task_manager_lib/lib:/home/GTL/apaul/ros2_hw1/install/task_manager_msgs/lib:/home/GTL/apaul/ros2_hw1/install/face_msg/lib:/home/GTL/apaul/ros2_hw1/install/cs7630_msgs/lib:${LD_LIBRARY_PATH} PYTHONPATH=/home/GTL/apaul/ros2_hw1/install/task_manager_msgs/local/lib/python3.10/dist-packages:/home/GTL/apaul/ros2_hw1/install/face_msg/local/lib/python3.10/dist-packages:/home/GTL/apaul/ros2_hw1/install/cs7630_msgs/local/lib/python3.10/dist-packages:${PYTHONPATH} /usr/bin/cmake --build /home/GTL/apaul/ros2_hw1/build/floor_nav -- -j16 -l16
