[0.077s] Invoking command in '/home/GTL/apaul/ros2_hw1/build/floor_nav': AMENT_PREFIX_PATH=/home/GTL/apaul/ros2_hw1/install/task_manager_nav2:/home/GTL/apaul/ros2_hw1/install/task_manager_lib:/home/GTL/apaul/ros2_hw1/install/task_manager_msgs:/home/GTL/apaul/ros2_hw1/install/face_msg:/home/GTL/apaul/ros2_hw1/install/cs7630_msgs:${AMENT_PREFIX_PATH} CMAKE_PREFIX_PATH=/home/GTL/apaul/ros2_hw1/install/task_manager_nav2:/home/GTL/apaul/ros2_hw1/install/task_manager_lib:/home/GTL/apaul/ros2_hw1/install/task_manager_msgs:/home/GTL/apaul/ros2_hw1/install/face_msg:/home/GTL/apaul/ros2_hw1/install/cs7630_msgs:/opt/ros/humble LD_LIBRARY_PATH=/home/GTL/apaul/ros2_hw1/install/task_manager_lib/lib:/home/GTL/apaul/ros2_hw1/install/task_manager_msgs/lib:/home/GTL/apaul/ros2_hw1/install/face_msg/lib:/home/GTL/apaul/ros2_hw1/install/cs7630_msgs/lib:${LD_LIBRARY_PATH} PYTHONPATH=/home/GTL/apaul/ros2_hw1/install/task_manager_msgs/local/lib/python3.10/dist-packages:/home/GTL/apaul/ros2_hw1/install/face_msg/local/lib/python3.10/dist-packages:/home/GTL/apaul/ros2_hw1/install/cs7630_msgs/local/lib/python3.10/dist-packages:${PYTHONPATH} /usr/bin/cmake --build /home/GTL/apaul/ros2_hw1/build/floor_nav -- -j16 -l16
[0.226s] [35m[1mConsolidate compiler generated dependencies of target floornav_TaskTrigger[0m
[0.226s] [35m[1mConsolidate compiler generated dependencies of target floornav_TaskSetMux[0m
[0.227s] [35m[1mConsolidate compiler generated dependencies of target floornav_TaskNav2[0m
[0.228s] [35m[1mConsolidate compiler generated dependencies of target floornav_TaskConstant[0m
[0.230s] [35m[1mConsolidate compiler generated dependencies of target floornav_task_server[0m
[0.234s] [35m[1mConsolidate compiler generated dependencies of target floornav_TaskAutoDock[0m
[0.235s] [35m[1mConsolidate compiler generated dependencies of target floornav_TaskSetHeading[0m
[0.235s] [35m[1mConsolidate compiler generated dependencies of target floornav_TaskGoTo[0m
[0.237s] [35m[1mConsolidate compiler generated dependencies of target floornav_TaskWander[0m
[0.238s] [35m[1mConsolidate compiler generated dependencies of target floornav_TaskWaitForROI[0m
[0.238s] [35m[1mConsolidate compiler generated dependencies of target floornav_TaskSetBool[0m
[0.272s] [35m[1mConsolidate compiler generated dependencies of target floornav_TaskWaitForFace[0m
[0.272s] [35m[1mConsolidate compiler generated dependencies of target floornav_TaskPlanTo[0m
[0.315s] [ 11%] [32m[1mLinking CXX shared library libfloornav_TaskSetHeading.so[0m
[0.317s] [ 18%] [32m[1mLinking CXX shared library libfloornav_TaskSetMux.so[0m
[0.318s] [ 18%] [32m[1mLinking CXX shared library libfloornav_TaskWander.so[0m
[0.318s] [ 18%] [32m[1mLinking CXX shared library libfloornav_TaskConstant.so[0m
[0.318s] [ 18%] [32mBuilding CXX object CMakeFiles/floornav_task_server.dir/src/SimTasksEnv.cpp.o[0m
[0.320s] [ 25%] [32m[1mLinking CXX shared library libfloornav_TaskAutoDock.so[0m
[0.320s] [ 25%] [32m[1mLinking CXX shared library libfloornav_TaskNav2.so[0m
[0.326s] [ 29%] [32m[1mLinking CXX shared library libfloornav_TaskWaitForROI.so[0m
[0.335s] [ 33%] [32m[1mLinking CXX shared library libfloornav_TaskSetBool.so[0m
[0.343s] [ 37%] [32m[1mLinking CXX shared library libfloornav_TaskPlanTo.so[0m
[0.355s] [ 40%] [32mBuilding CXX object CMakeFiles/floornav_TaskWaitForFace.dir/tasks/TaskWaitForFace.cpp.o[0m
[0.423s] [ 44%] [32m[1mLinking CXX shared library libfloornav_TaskGoTo.so[0m
[0.444s] [ 48%] [32m[1mLinking CXX shared library libfloornav_TaskTrigger.so[0m
[23.391s] In file included from [01m[K/opt/ros/humble/include/rclcpp/rclcpp/logging.hpp:24[m[K,
[23.392s]                  from [01m[K/opt/ros/humble/include/rclcpp/rclcpp/client.hpp:40[m[K,
[23.392s]                  from [01m[K/opt/ros/humble/include/rclcpp/rclcpp/callback_group.hpp:24[m[K,
[23.392s]                  from [01m[K/opt/ros/humble/include/rclcpp/rclcpp/any_executable.hpp:20[m[K,
[23.392s]                  from [01m[K/opt/ros/humble/include/rclcpp/rclcpp/memory_strategy.hpp:25[m[K,
[23.392s]                  from [01m[K/opt/ros/humble/include/rclcpp/rclcpp/memory_strategies.hpp:18[m[K,
[23.392s]                  from [01m[K/opt/ros/humble/include/rclcpp/rclcpp/executor_options.hpp:20[m[K,
[23.392s]                  from [01m[K/opt/ros/humble/include/rclcpp/rclcpp/executor.hpp:37[m[K,
[23.392s]                  from [01m[K/opt/ros/humble/include/rclcpp/rclcpp/executors/multi_threaded_executor.hpp:25[m[K,
[23.392s]                  from [01m[K/opt/ros/humble/include/rclcpp/rclcpp/executors.hpp:21[m[K,
[23.392s]                  from [01m[K/opt/ros/humble/include/rclcpp/rclcpp/rclcpp.hpp:155[m[K,
[23.392s]                  from [01m[K/home/GTL/apaul/ros2_hw1/src/floor_nav/include/floor_nav/SimTasksEnv.h:4[m[K,
[23.392s]                  from [01m[K/home/GTL/apaul/ros2_hw1/src/floor_nav/src/SimTasksEnv.cpp:2[m[K:
[23.393s] [01m[K/home/GTL/apaul/ros2_hw1/src/floor_nav/src/SimTasksEnv.cpp:[m[K In member function â€˜[01m[Kvoid floor_nav::SimTasksEnv::faceCallback(face_msg::msg::Roilist_<std::allocator<void> >::SharedPtr)[m[Kâ€™:
[23.393s] [01m[K/home/GTL/apaul/ros2_hw1/src/floor_nav/src/SimTasksEnv.cpp:120:102:[m[K [01;31m[Kerror: [m[Kâ€˜[01m[Kusing SharedPtr = class std::shared_ptr<face_msg::msg::Roilist_<std::allocator<void> > >[m[Kâ€™ {aka â€˜[01m[Kclass std::shared_ptr<face_msg::msg::Roilist_<std::allocator<void> > >[m[Kâ€™} has no member named â€˜[01m[Kregions[m[Kâ€™
[23.393s]   120 |     RCLCPP_INFO(getNode()->get_logger(),"Received face detection message with %d faces",int(roiarray.[01;31m[Kregions[m[K.size()));
[23.393s]       |                                                                                                      [01;31m[K^~~~~~~[m[K
[23.687s] In file included from [01m[K/home/GTL/apaul/ros2_hw1/src/floor_nav/tasks/TaskWaitForFace.cpp:2[m[K:
[23.687s] [01m[K/home/GTL/apaul/ros2_hw1/src/floor_nav/tasks/TaskWaitForFace.h:23:47:[m[K [01;31m[Kerror: [m[Kexpected unqualified-id before â€˜[01m[K{[m[Kâ€™ token
[23.687s]    23 |             virtual TaskIndicator terminate();[01;31m[K{[m[K
[23.687s]       |                                               [01;31m[K^[m[K
[23.692s] [01m[K/home/GTL/apaul/ros2_hw1/src/floor_nav/tasks/TaskWaitForFace.cpp:[m[K In member function â€˜[01m[Kvirtual task_manager_lib::TaskIndicator floor_nav::TaskWaitForFace::iterate()[m[Kâ€™:
[23.693s] [01m[K/home/GTL/apaul/ros2_hw1/src/floor_nav/tasks/TaskWaitForFace.cpp:10:53:[m[K [01;31m[Kerror: [m[Kinvalid initialization of non-const reference of type â€˜[01m[Kface_msg::msg::Roilist&[m[Kâ€™ {aka â€˜[01m[Kface_msg::msg::Roilist_<std::allocator<void> >&[m[Kâ€™} from an rvalue of type â€˜[01m[Kface_msg::msg::Roilist_<std::allocator<void> >::SharedPtr[m[Kâ€™ {aka â€˜[01m[Kstd::shared_ptr<face_msg::msg::Roilist_<std::allocator<void> > >[m[Kâ€™}
[23.693s]    10 |     face_msg::msg::Roilist & roiarray = [01;31m[Kenv->getFace()[m[K;
[23.693s]       |                                         [01;31m[K~~~~~~~~~~~~^~[m[K
[23.693s] In file included from [01m[K/opt/ros/humble/include/rclcpp/rclcpp/logging.hpp:24[m[K,
[23.693s]                  from [01m[K/opt/ros/humble/include/rclcpp/rclcpp/client.hpp:40[m[K,
[23.694s]                  from [01m[K/opt/ros/humble/include/rclcpp/rclcpp/callback_group.hpp:24[m[K,
[23.694s]                  from [01m[K/opt/ros/humble/include/rclcpp/rclcpp/any_executable.hpp:20[m[K,
[23.694s]                  from [01m[K/opt/ros/humble/include/rclcpp/rclcpp/memory_strategy.hpp:25[m[K,
[23.694s]                  from [01m[K/opt/ros/humble/include/rclcpp/rclcpp/memory_strategies.hpp:18[m[K,
[23.694s]                  from [01m[K/opt/ros/humble/include/rclcpp/rclcpp/executor_options.hpp:20[m[K,
[23.694s]                  from [01m[K/opt/ros/humble/include/rclcpp/rclcpp/executor.hpp:37[m[K,
[23.694s]                  from [01m[K/opt/ros/humble/include/rclcpp/rclcpp/executors/multi_threaded_executor.hpp:25[m[K,
[23.694s]                  from [01m[K/opt/ros/humble/include/rclcpp/rclcpp/executors.hpp:21[m[K,
[23.694s]                  from [01m[K/opt/ros/humble/include/rclcpp/rclcpp/rclcpp.hpp:155[m[K,
[23.694s]                  from [01m[K/home/GTL/apaul/ros2_hw1/install/task_manager_lib/include/task_manager_lib/TaskInstance.h:12[m[K,
[23.694s]                  from [01m[K/home/GTL/apaul/ros2_hw1/src/floor_nav/tasks/TaskWaitForFace.h:4[m[K,
[23.694s]                  from [01m[K/home/GTL/apaul/ros2_hw1/src/floor_nav/tasks/TaskWaitForFace.cpp:2[m[K:
[23.694s] [01m[K/home/GTL/apaul/ros2_hw1/src/floor_nav/tasks/TaskWaitForFace.cpp:13:40:[m[K [01;35m[Kwarning: [m[Kformat â€˜[01m[K%f[m[Kâ€™ expects argument of type â€˜[01m[Kdouble[m[Kâ€™, but argument 5 has type â€˜[01m[Ksensor_msgs::msg::RegionOfInterest_<std::allocator<void> >::_x_offset_type[m[Kâ€™ {aka â€˜[01m[Kunsigned int[m[Kâ€™} [[01;35m[K]8;;https://gcc.gnu.org/onlinedocs/gcc/Warning-Options.html#index-Wformat=-Wformat=]8;;[m[K]
[23.694s]    13 |         RCLCPP_INFO(node->get_logger(),[01;35m[K"Detected face at %.2f %.2f"[m[K,roiarray.regions[0].x_offset, roiarray.regions[0].y_offset);
[23.695s]       |                                        [01;35m[K^~~~~~~~~~~~~~~~~~~~~~~~~~~~[m[K
[23.695s] [01m[K/home/GTL/apaul/ros2_hw1/src/floor_nav/tasks/TaskWaitForFace.cpp:13:61:[m[K [01;36m[Knote: [m[Kformat string is defined here
[23.695s]    13 |         RCLCPP_INFO(node->get_logger(),"Detected face at [01;36m[K%.2f[m[K %.2f",roiarray.regions[0].x_offset, roiarray.regions[0].y_offset);
[23.695s]       |                                                          [01;36m[K~~~^[m[K
[23.695s]       |                                                             [01;36m[K|[m[K
[23.695s]       |                                                             [01;36m[Kdouble[m[K
[23.695s]       |                                                          [32m[K%.2d[m[K
[23.695s] In file included from [01m[K/opt/ros/humble/include/rclcpp/rclcpp/logging.hpp:24[m[K,
[23.695s]                  from [01m[K/opt/ros/humble/include/rclcpp/rclcpp/client.hpp:40[m[K,
[23.695s]                  from [01m[K/opt/ros/humble/include/rclcpp/rclcpp/callback_group.hpp:24[m[K,
[23.695s]                  from [01m[K/opt/ros/humble/include/rclcpp/rclcpp/any_executable.hpp:20[m[K,
[23.695s]                  from [01m[K/opt/ros/humble/include/rclcpp/rclcpp/memory_strategy.hpp:25[m[K,
[23.695s]                  from [01m[K/opt/ros/humble/include/rclcpp/rclcpp/memory_strategies.hpp:18[m[K,
[23.695s]                  from [01m[K/opt/ros/humble/include/rclcpp/rclcpp/executor_options.hpp:20[m[K,
[23.696s]                  from [01m[K/opt/ros/humble/include/rclcpp/rclcpp/executor.hpp:37[m[K,
[23.696s]                  from [01m[K/opt/ros/humble/include/rclcpp/rclcpp/executors/multi_threaded_executor.hpp:25[m[K,
[23.696s]                  from [01m[K/opt/ros/humble/include/rclcpp/rclcpp/executors.hpp:21[m[K,
[23.696s]                  from [01m[K/opt/ros/humble/include/rclcpp/rclcpp/rclcpp.hpp:155[m[K,
[23.696s]                  from [01m[K/home/GTL/apaul/ros2_hw1/install/task_manager_lib/include/task_manager_lib/TaskInstance.h:12[m[K,
[23.696s]                  from [01m[K/home/GTL/apaul/ros2_hw1/src/floor_nav/tasks/TaskWaitForFace.h:4[m[K,
[23.696s]                  from [01m[K/home/GTL/apaul/ros2_hw1/src/floor_nav/tasks/TaskWaitForFace.cpp:2[m[K:
[23.696s] [01m[K/home/GTL/apaul/ros2_hw1/src/floor_nav/tasks/TaskWaitForFace.cpp:13:40:[m[K [01;35m[Kwarning: [m[Kformat â€˜[01m[K%f[m[Kâ€™ expects argument of type â€˜[01m[Kdouble[m[Kâ€™, but argument 6 has type â€˜[01m[Ksensor_msgs::msg::RegionOfInterest_<std::allocator<void> >::_y_offset_type[m[Kâ€™ {aka â€˜[01m[Kunsigned int[m[Kâ€™} [[01;35m[K]8;;https://gcc.gnu.org/onlinedocs/gcc/Warning-Options.html#index-Wformat=-Wformat=]8;;[m[K]
[23.696s]    13 |         RCLCPP_INFO(node->get_logger(),[01;35m[K"Detected face at %.2f %.2f"[m[K,roiarray.regions[0].x_offset, roiarray.regions[0].y_offset);
[23.696s]       |                                        [01;35m[K^~~~~~~~~~~~~~~~~~~~~~~~~~~~[m[K
[23.696s] [01m[K/home/GTL/apaul/ros2_hw1/src/floor_nav/tasks/TaskWaitForFace.cpp:13:66:[m[K [01;36m[Knote: [m[Kformat string is defined here
[23.697s]    13 |         RCLCPP_INFO(node->get_logger(),"Detected face at %.2f [01;36m[K%.2f[m[K",roiarray.regions[0].x_offset, roiarray.regions[0].y_offset);
[23.697s]       |                                                               [01;36m[K~~~^[m[K
[23.697s]       |                                                                  [01;36m[K|[m[K
[23.697s]       |                                                                  [01;36m[Kdouble[m[K
[23.697s]       |                                                               [32m[K%.2d[m[K
[25.622s] gmake[2]: *** [CMakeFiles/floornav_TaskWaitForFace.dir/build.make:76: CMakeFiles/floornav_TaskWaitForFace.dir/tasks/TaskWaitForFace.cpp.o] Error 1
[25.623s] gmake[1]: *** [CMakeFiles/Makefile2:421: CMakeFiles/floornav_TaskWaitForFace.dir/all] Error 2
[25.623s] gmake[1]: *** Waiting for unfinished jobs....
[42.959s] gmake[2]: *** [CMakeFiles/floornav_task_server.dir/build.make:90: CMakeFiles/floornav_task_server.dir/src/SimTasksEnv.cpp.o] Error 1
[42.961s] gmake[1]: *** [CMakeFiles/Makefile2:161: CMakeFiles/floornav_task_server.dir/all] Error 2
[81.833s] [ 51%] Built target floornav_TaskSetBool
[82.532s] [ 55%] Built target floornav_TaskWander
[83.325s] [ 59%] Built target floornav_TaskConstant
[83.547s] [ 62%] Built target floornav_TaskGoTo
[85.388s] [ 66%] Built target floornav_TaskTrigger
[85.495s] [ 70%] Built target floornav_TaskSetHeading
[85.498s] [ 74%] Built target floornav_TaskWaitForROI
[85.670s] [ 77%] Built target floornav_TaskSetMux
[86.733s] [ 81%] Built target floornav_TaskPlanTo
[86.945s] [ 85%] Built target floornav_TaskNav2
[87.065s] [ 88%] Built target floornav_TaskAutoDock
[87.066s] gmake: *** [Makefile:146: all] Error 2
[87.067s] Invoked command in '/home/GTL/apaul/ros2_hw1/build/floor_nav' returned '2': AMENT_PREFIX_PATH=/home/GTL/apaul/ros2_hw1/install/task_manager_nav2:/home/GTL/apaul/ros2_hw1/install/task_manager_lib:/home/GTL/apaul/ros2_hw1/install/task_manager_msgs:/home/GTL/apaul/ros2_hw1/install/face_msg:/home/GTL/apaul/ros2_hw1/install/cs7630_msgs:${AMENT_PREFIX_PATH} CMAKE_PREFIX_PATH=/home/GTL/apaul/ros2_hw1/install/task_manager_nav2:/home/GTL/apaul/ros2_hw1/install/task_manager_lib:/home/GTL/apaul/ros2_hw1/install/task_manager_msgs:/home/GTL/apaul/ros2_hw1/install/face_msg:/home/GTL/apaul/ros2_hw1/install/cs7630_msgs:/opt/ros/humble LD_LIBRARY_PATH=/home/GTL/apaul/ros2_hw1/install/task_manager_lib/lib:/home/GTL/apaul/ros2_hw1/install/task_manager_msgs/lib:/home/GTL/apaul/ros2_hw1/install/face_msg/lib:/home/GTL/apaul/ros2_hw1/install/cs7630_msgs/lib:${LD_LIBRARY_PATH} PYTHONPATH=/home/GTL/apaul/ros2_hw1/install/task_manager_msgs/local/lib/python3.10/dist-packages:/home/GTL/apaul/ros2_hw1/install/face_msg/local/lib/python3.10/dist-packages:/home/GTL/apaul/ros2_hw1/install/cs7630_msgs/local/lib/python3.10/dist-packages:${PYTHONPATH} /usr/bin/cmake --build /home/GTL/apaul/ros2_hw1/build/floor_nav -- -j16 -l16
