[35m[1mConsolidate compiler generated dependencies of target collision_avoidance_base[0m
[ 50%] [32mBuilding CXX object CMakeFiles/collision_avoidance_base.dir/src/collision_avoidance.cpp.o[0m
[01m[K/home/GTL/apaul/ros2_hw1/src/collision_avoidance_base/src/collision_avoidance.cpp:[m[K In member function â€˜[01m[Kgeometry_msgs::msg::Twist CollisionAvoidance::findClosestAcceptableVelocity(const Twist&)[m[Kâ€™:
[01m[K/home/GTL/apaul/ros2_hw1/src/collision_avoidance_base/src/collision_avoidance.cpp:72:37:[m[K [01;31m[Kerror: [m[Kâ€˜[01m[Kclass pcl::PointCloud<pcl::PointXYZ>[m[Kâ€™ has no member named â€˜[01m[Kranges[m[Kâ€™
   72 |             unsigned int n = lastpc.[01;31m[Kranges[m[K.size();
      |                                     [01;31m[K^~~~~~[m[K
[01m[K/home/GTL/apaul/ros2_hw1/src/collision_avoidance_base/src/collision_avoidance.cpp:102:26:[m[K [01;31m[Kerror: [m[Kredeclaration of â€˜[01m[Kunsigned int n[m[Kâ€™
  102 |             unsigned int [01;31m[Kn[m[K = lastpc.size();
      |                          [01;31m[K^[m[K
[01m[K/home/GTL/apaul/ros2_hw1/src/collision_avoidance_base/src/collision_avoidance.cpp:72:26:[m[K [01;36m[Knote: [m[Kâ€˜[01m[Kunsigned int n[m[Kâ€™ previously declared here
   72 |             unsigned int [01;36m[Kn[m[K = lastpc.ranges.size();
      |                          [01;36m[K^[m[K
gmake[2]: *** [CMakeFiles/collision_avoidance_base.dir/build.make:76: CMakeFiles/collision_avoidance_base.dir/src/collision_avoidance.cpp.o] Error 1
gmake[1]: *** [CMakeFiles/Makefile2:137: CMakeFiles/collision_avoidance_base.dir/all] Error 2
gmake: *** [Makefile:146: all] Error 2
